{"/Users/johnc/Documents/Coding/CodeSmith/project/dbSpy-5.0/mocks/fileMock.js": {"path":"/Users/johnc/Documents/Coding/CodeSmith/project/dbSpy-5.0/mocks/fileMock.js","statementMap":{},"fnMap":{},"branchMap":{},"s":{},"f":{},"b":{},"_coverageSchema":"1a1c01bbd47fc00a2c39e90264f33305004495a9","hash":"4b5bd4b10cfe375e6312e77564f3d43c156e6530"}
,"/Users/johnc/Documents/Coding/CodeSmith/project/dbSpy-5.0/src/parse.js": {"path":"/Users/johnc/Documents/Coding/CodeSmith/project/dbSpy-5.0/src/parse.js","statementMap":{"0":{"start":{"line":2,"column":21},"end":{"line":2,"column":23}},"1":{"start":{"line":3,"column":21},"end":{"line":3,"column":23}},"2":{"start":{"line":4,"column":26},"end":{"line":4,"column":28}},"3":{"start":{"line":5,"column":16},"end":{"line":5,"column":18}},"4":{"start":{"line":6,"column":21},"end":{"line":6,"column":22}},"5":{"start":{"line":11,"column":18},"end":{"line":56,"column":1}},"6":{"start":{"line":12,"column":18},"end":{"line":12,"column":20}},"7":{"start":{"line":19,"column":2},"end":{"line":28,"column":3}},"8":{"start":{"line":19,"column":15},"end":{"line":19,"column":16}},"9":{"start":{"line":21,"column":23},"end":{"line":21,"column":25}},"10":{"start":{"line":22,"column":4},"end":{"line":25,"column":5}},"11":{"start":{"line":22,"column":17},"end":{"line":22,"column":18}},"12":{"start":{"line":23,"column":16},"end":{"line":23,"column":52}},"13":{"start":{"line":24,"column":6},"end":{"line":24,"column":50}},"14":{"start":{"line":27,"column":4},"end":{"line":27,"column":43}},"15":{"start":{"line":33,"column":2},"end":{"line":50,"column":5}},"16":{"start":{"line":34,"column":4},"end":{"line":49,"column":7}},"17":{"start":{"line":35,"column":20},"end":{"line":35,"column":40}},"18":{"start":{"line":36,"column":6},"end":{"line":36,"column":26}},"19":{"start":{"line":37,"column":18},"end":{"line":37,"column":36}},"20":{"start":{"line":38,"column":6},"end":{"line":45,"column":11}},"21":{"start":{"line":39,"column":8},"end":{"line":45,"column":11}},"22":{"start":{"line":40,"column":10},"end":{"line":40,"column":39}},"23":{"start":{"line":41,"column":10},"end":{"line":44,"column":12}},"24":{"start":{"line":46,"column":6},"end":{"line":46,"column":89}},"25":{"start":{"line":46,"column":59},"end":{"line":46,"column":89}},"26":{"start":{"line":47,"column":6},"end":{"line":47,"column":78}},"27":{"start":{"line":47,"column":48},"end":{"line":47,"column":78}},"28":{"start":{"line":48,"column":6},"end":{"line":48,"column":79}},"29":{"start":{"line":48,"column":49},"end":{"line":48,"column":79}},"30":{"start":{"line":55,"column":2},"end":{"line":55,"column":17}},"31":{"start":{"line":62,"column":2},"end":{"line":62,"column":19}},"32":{"start":{"line":63,"column":2},"end":{"line":63,"column":23}},"33":{"start":{"line":68,"column":2},"end":{"line":68,"column":19}},"34":{"start":{"line":69,"column":2},"end":{"line":69,"column":20}},"35":{"start":{"line":70,"column":2},"end":{"line":70,"column":24}},"36":{"start":{"line":71,"column":2},"end":{"line":71,"column":23}},"37":{"start":{"line":72,"column":2},"end":{"line":72,"column":28}},"38":{"start":{"line":73,"column":2},"end":{"line":73,"column":28}},"39":{"start":{"line":77,"column":2},"end":{"line":77,"column":29}},"40":{"start":{"line":78,"column":2},"end":{"line":78,"column":37}},"41":{"start":{"line":79,"column":2},"end":{"line":79,"column":34}},"42":{"start":{"line":80,"column":2},"end":{"line":80,"column":34}},"43":{"start":{"line":81,"column":2},"end":{"line":81,"column":29}},"44":{"start":{"line":85,"column":2},"end":{"line":85,"column":29}},"45":{"start":{"line":86,"column":2},"end":{"line":86,"column":34}},"46":{"start":{"line":90,"column":0},"end":{"line":90,"column":20}},"47":{"start":{"line":91,"column":0},"end":{"line":91,"column":20}},"48":{"start":{"line":92,"column":0},"end":{"line":92,"column":15}},"49":{"start":{"line":98,"column":19},"end":{"line":98,"column":38}},"50":{"start":{"line":99,"column":23},"end":{"line":99,"column":70}},"51":{"start":{"line":100,"column":2},"end":{"line":100,"column":23}},"52":{"start":{"line":101,"column":2},"end":{"line":101,"column":33}},"53":{"start":{"line":102,"column":2},"end":{"line":102,"column":39}},"54":{"start":{"line":103,"column":2},"end":{"line":103,"column":39}},"55":{"start":{"line":104,"column":2},"end":{"line":104,"column":18}},"56":{"start":{"line":109,"column":16},"end":{"line":109,"column":32}},"57":{"start":{"line":110,"column":2},"end":{"line":110,"column":20}},"58":{"start":{"line":112,"column":2},"end":{"line":112,"column":19}},"59":{"start":{"line":113,"column":2},"end":{"line":113,"column":15}},"60":{"start":{"line":124,"column":21},"end":{"line":124,"column":42}},"61":{"start":{"line":125,"column":2},"end":{"line":125,"column":55}},"62":{"start":{"line":126,"column":2},"end":{"line":126,"column":45}},"63":{"start":{"line":127,"column":2},"end":{"line":127,"column":61}},"64":{"start":{"line":128,"column":2},"end":{"line":128,"column":55}},"65":{"start":{"line":129,"column":2},"end":{"line":130,"column":82}},"66":{"start":{"line":131,"column":2},"end":{"line":131,"column":20}},"67":{"start":{"line":136,"column":21},"end":{"line":136,"column":42}},"68":{"start":{"line":137,"column":2},"end":{"line":137,"column":55}},"69":{"start":{"line":138,"column":2},"end":{"line":138,"column":45}},"70":{"start":{"line":139,"column":2},"end":{"line":139,"column":20}},"71":{"start":{"line":145,"column":26},"end":{"line":145,"column":85}},"72":{"start":{"line":148,"column":30},"end":{"line":148,"column":48}},"73":{"start":{"line":149,"column":33},"end":{"line":149,"column":73}},"74":{"start":{"line":152,"column":31},"end":{"line":152,"column":72}},"75":{"start":{"line":153,"column":19},"end":{"line":153,"column":61}},"76":{"start":{"line":156,"column":31},"end":{"line":156,"column":72}},"77":{"start":{"line":157,"column":2},"end":{"line":159,"column":3}},"78":{"start":{"line":158,"column":4},"end":{"line":158,"column":66}},"79":{"start":{"line":162,"column":32},"end":{"line":168,"column":3}},"80":{"start":{"line":171,"column":2},"end":{"line":171,"column":45}},"81":{"start":{"line":174,"column":37},"end":{"line":180,"column":3}},"82":{"start":{"line":183,"column":2},"end":{"line":183,"column":50}},"83":{"start":{"line":186,"column":24},"end":{"line":186,"column":87}},"84":{"start":{"line":189,"column":2},"end":{"line":191,"column":3}},"85":{"start":{"line":190,"column":4},"end":{"line":190,"column":38}},"86":{"start":{"line":194,"column":2},"end":{"line":194,"column":51}},"87":{"start":{"line":198,"column":2},"end":{"line":198,"column":33}},"88":{"start":{"line":200,"column":23},"end":{"line":202,"column":26}},"89":{"start":{"line":203,"column":30},"end":{"line":205,"column":6}},"90":{"start":{"line":207,"column":31},"end":{"line":210,"column":26}},"91":{"start":{"line":213,"column":2},"end":{"line":218,"column":5}},"92":{"start":{"line":214,"column":4},"end":{"line":217,"column":5}},"93":{"start":{"line":215,"column":6},"end":{"line":215,"column":35}},"94":{"start":{"line":216,"column":6},"end":{"line":216,"column":37}},"95":{"start":{"line":220,"column":26},"end":{"line":220,"column":30}},"96":{"start":{"line":222,"column":17},"end":{"line":222,"column":39}},"97":{"start":{"line":223,"column":2},"end":{"line":228,"column":3}},"98":{"start":{"line":223,"column":15},"end":{"line":223,"column":16}},"99":{"start":{"line":224,"column":4},"end":{"line":227,"column":5}},"100":{"start":{"line":225,"column":6},"end":{"line":225,"column":47}},"101":{"start":{"line":226,"column":6},"end":{"line":226,"column":12}},"102":{"start":{"line":230,"column":18},"end":{"line":230,"column":48}},"103":{"start":{"line":231,"column":2},"end":{"line":244,"column":3}},"104":{"start":{"line":231,"column":15},"end":{"line":231,"column":16}},"105":{"start":{"line":232,"column":23},"end":{"line":232,"column":65}},"106":{"start":{"line":233,"column":4},"end":{"line":243,"column":5}},"107":{"start":{"line":233,"column":17},"end":{"line":233,"column":18}},"108":{"start":{"line":234,"column":6},"end":{"line":242,"column":7}},"109":{"start":{"line":240,"column":8},"end":{"line":240,"column":83}},"110":{"start":{"line":241,"column":8},"end":{"line":241,"column":14}},"111":{"start":{"line":250,"column":35},"end":{"line":256,"column":3}},"112":{"start":{"line":258,"column":2},"end":{"line":258,"column":61}},"113":{"start":{"line":260,"column":2},"end":{"line":260,"column":50}},"114":{"start":{"line":266,"column":2},"end":{"line":276,"column":5}},"115":{"start":{"line":267,"column":4},"end":{"line":275,"column":7}},"116":{"start":{"line":268,"column":6},"end":{"line":274,"column":7}},"117":{"start":{"line":269,"column":8},"end":{"line":273,"column":11}},"118":{"start":{"line":270,"column":10},"end":{"line":272,"column":11}},"119":{"start":{"line":271,"column":12},"end":{"line":271,"column":46}},"120":{"start":{"line":282,"column":2},"end":{"line":307,"column":5}},"121":{"start":{"line":283,"column":4},"end":{"line":306,"column":7}},"122":{"start":{"line":284,"column":6},"end":{"line":291,"column":7}},"123":{"start":{"line":285,"column":8},"end":{"line":290,"column":11}},"124":{"start":{"line":286,"column":10},"end":{"line":289,"column":11}},"125":{"start":{"line":287,"column":12},"end":{"line":287,"column":46}},"126":{"start":{"line":288,"column":12},"end":{"line":288,"column":59}},"127":{"start":{"line":292,"column":6},"end":{"line":305,"column":7}},"128":{"start":{"line":293,"column":8},"end":{"line":304,"column":11}},"129":{"start":{"line":294,"column":10},"end":{"line":303,"column":11}},"130":{"start":{"line":295,"column":12},"end":{"line":302,"column":15}},"131":{"start":{"line":312,"column":2},"end":{"line":312,"column":37}},"132":{"start":{"line":313,"column":2},"end":{"line":313,"column":32}},"133":{"start":{"line":314,"column":2},"end":{"line":314,"column":34}},"134":{"start":{"line":315,"column":2},"end":{"line":315,"column":31}},"135":{"start":{"line":316,"column":2},"end":{"line":323,"column":3}},"136":{"start":{"line":317,"column":4},"end":{"line":317,"column":34}},"137":{"start":{"line":318,"column":4},"end":{"line":318,"column":34}},"138":{"start":{"line":320,"column":4},"end":{"line":322,"column":5}},"139":{"start":{"line":321,"column":6},"end":{"line":321,"column":50}},"140":{"start":{"line":324,"column":2},"end":{"line":326,"column":3}},"141":{"start":{"line":325,"column":4},"end":{"line":325,"column":46}},"142":{"start":{"line":327,"column":2},"end":{"line":329,"column":3}},"143":{"start":{"line":328,"column":4},"end":{"line":328,"column":46}},"144":{"start":{"line":330,"column":2},"end":{"line":332,"column":3}},"145":{"start":{"line":331,"column":4},"end":{"line":331,"column":46}},"146":{"start":{"line":333,"column":2},"end":{"line":333,"column":31}},"147":{"start":{"line":334,"column":2},"end":{"line":334,"column":14}},"148":{"start":{"line":339,"column":2},"end":{"line":341,"column":3}},"149":{"start":{"line":340,"column":4},"end":{"line":340,"column":36}},"150":{"start":{"line":342,"column":2},"end":{"line":342,"column":14}},"151":{"start":{"line":346,"column":26},"end":{"line":346,"column":57}},"152":{"start":{"line":347,"column":25},"end":{"line":347,"column":58}},"153":{"start":{"line":349,"column":2},"end":{"line":349,"column":31}},"154":{"start":{"line":351,"column":2},"end":{"line":355,"column":5}},"155":{"start":{"line":352,"column":4},"end":{"line":354,"column":5}},"156":{"start":{"line":353,"column":6},"end":{"line":353,"column":37}},"157":{"start":{"line":357,"column":2},"end":{"line":373,"column":3}},"158":{"start":{"line":358,"column":17},"end":{"line":361,"column":5}},"159":{"start":{"line":362,"column":4},"end":{"line":366,"column":6}},"160":{"start":{"line":367,"column":9},"end":{"line":373,"column":3}},"161":{"start":{"line":368,"column":17},"end":{"line":371,"column":5}},"162":{"start":{"line":372,"column":4},"end":{"line":372,"column":50}},"163":{"start":{"line":377,"column":21},"end":{"line":382,"column":11}},"164":{"start":{"line":385,"column":26},"end":{"line":385,"column":78}},"165":{"start":{"line":388,"column":2},"end":{"line":388,"column":39}},"166":{"start":{"line":391,"column":24},"end":{"line":391,"column":86}},"167":{"start":{"line":395,"column":2},"end":{"line":397,"column":3}},"168":{"start":{"line":396,"column":4},"end":{"line":396,"column":53}},"169":{"start":{"line":401,"column":25},"end":{"line":401,"column":75}},"170":{"start":{"line":403,"column":2},"end":{"line":408,"column":5}},"171":{"start":{"line":404,"column":4},"end":{"line":407,"column":5}},"172":{"start":{"line":405,"column":6},"end":{"line":405,"column":35}},"173":{"start":{"line":406,"column":6},"end":{"line":406,"column":36}},"174":{"start":{"line":413,"column":16},"end":{"line":413,"column":32}},"175":{"start":{"line":414,"column":18},"end":{"line":414,"column":22}},"176":{"start":{"line":415,"column":14},"end":{"line":415,"column":16}},"177":{"start":{"line":416,"column":2},"end":{"line":416,"column":21}},"178":{"start":{"line":417,"column":2},"end":{"line":417,"column":17}},"179":{"start":{"line":418,"column":2},"end":{"line":418,"column":22}},"180":{"start":{"line":419,"column":2},"end":{"line":419,"column":22}},"181":{"start":{"line":421,"column":26},"end":{"line":421,"column":30}},"182":{"start":{"line":424,"column":2},"end":{"line":594,"column":3}},"183":{"start":{"line":424,"column":15},"end":{"line":424,"column":16}},"184":{"start":{"line":425,"column":18},"end":{"line":425,"column":22}},"185":{"start":{"line":427,"column":16},"end":{"line":427,"column":31}},"186":{"start":{"line":429,"column":24},"end":{"line":429,"column":65}},"187":{"start":{"line":431,"column":4},"end":{"line":434,"column":5}},"188":{"start":{"line":432,"column":6},"end":{"line":432,"column":40}},"189":{"start":{"line":433,"column":6},"end":{"line":433,"column":31}},"190":{"start":{"line":437,"column":4},"end":{"line":593,"column":5}},"191":{"start":{"line":439,"column":17},"end":{"line":439,"column":41}},"192":{"start":{"line":442,"column":6},"end":{"line":442,"column":34}},"193":{"start":{"line":445,"column":6},"end":{"line":445,"column":44}},"194":{"start":{"line":448,"column":9},"end":{"line":593,"column":5}},"195":{"start":{"line":449,"column":28},"end":{"line":449,"column":52}},"196":{"start":{"line":450,"column":18},"end":{"line":450,"column":22}},"197":{"start":{"line":452,"column":6},"end":{"line":456,"column":7}},"198":{"start":{"line":452,"column":19},"end":{"line":452,"column":20}},"199":{"start":{"line":453,"column":8},"end":{"line":455,"column":9}},"200":{"start":{"line":454,"column":10},"end":{"line":454,"column":36}},"201":{"start":{"line":458,"column":6},"end":{"line":458,"column":88}},"202":{"start":{"line":458,"column":51},"end":{"line":458,"column":88}},"203":{"start":{"line":459,"column":6},"end":{"line":459,"column":13}},"204":{"start":{"line":463,"column":9},"end":{"line":593,"column":5}},"205":{"start":{"line":469,"column":17},"end":{"line":472,"column":7}},"206":{"start":{"line":474,"column":25},"end":{"line":474,"column":60}},"207":{"start":{"line":475,"column":6},"end":{"line":486,"column":7}},"208":{"start":{"line":477,"column":8},"end":{"line":485,"column":9}},"209":{"start":{"line":478,"column":10},"end":{"line":480,"column":32}},"210":{"start":{"line":481,"column":15},"end":{"line":485,"column":9}},"211":{"start":{"line":482,"column":10},"end":{"line":484,"column":32}},"212":{"start":{"line":489,"column":25},"end":{"line":489,"column":60}},"213":{"start":{"line":491,"column":6},"end":{"line":499,"column":7}},"214":{"start":{"line":492,"column":8},"end":{"line":498,"column":9}},"215":{"start":{"line":493,"column":10},"end":{"line":493,"column":42}},"216":{"start":{"line":494,"column":15},"end":{"line":498,"column":9}},"217":{"start":{"line":495,"column":10},"end":{"line":495,"column":49}},"218":{"start":{"line":496,"column":15},"end":{"line":498,"column":9}},"219":{"start":{"line":497,"column":10},"end":{"line":497,"column":49}},"220":{"start":{"line":502,"column":8},"end":{"line":506,"column":41}},"221":{"start":{"line":508,"column":6},"end":{"line":542,"column":7}},"222":{"start":{"line":510,"column":8},"end":{"line":526,"column":9}},"223":{"start":{"line":525,"column":10},"end":{"line":525,"column":19}},"224":{"start":{"line":529,"column":8},"end":{"line":529,"column":39}},"225":{"start":{"line":532,"column":28},"end":{"line":538,"column":9}},"226":{"start":{"line":541,"column":8},"end":{"line":541,"column":57}},"227":{"start":{"line":545,"column":6},"end":{"line":563,"column":7}},"228":{"start":{"line":551,"column":8},"end":{"line":562,"column":9}},"229":{"start":{"line":555,"column":10},"end":{"line":557,"column":11}},"230":{"start":{"line":556,"column":12},"end":{"line":556,"column":76}},"231":{"start":{"line":560,"column":15},"end":{"line":562,"column":9}},"232":{"start":{"line":561,"column":10},"end":{"line":561,"column":56}},"233":{"start":{"line":566,"column":6},"end":{"line":592,"column":7}},"234":{"start":{"line":572,"column":8},"end":{"line":591,"column":9}},"235":{"start":{"line":576,"column":28},"end":{"line":576,"column":32}},"236":{"start":{"line":577,"column":10},"end":{"line":587,"column":11}},"237":{"start":{"line":578,"column":34},"end":{"line":578,"column":53}},"238":{"start":{"line":579,"column":12},"end":{"line":586,"column":28}},"239":{"start":{"line":588,"column":10},"end":{"line":588,"column":81}},"240":{"start":{"line":590,"column":10},"end":{"line":590,"column":56}},"241":{"start":{"line":597,"column":2},"end":{"line":597,"column":22}},"242":{"start":{"line":600,"column":2},"end":{"line":600,"column":22}},"243":{"start":{"line":602,"column":2},"end":{"line":624,"column":3}},"244":{"start":{"line":603,"column":4},"end":{"line":623,"column":5}},"245":{"start":{"line":604,"column":6},"end":{"line":622,"column":7}},"246":{"start":{"line":605,"column":24},"end":{"line":605,"column":86}},"247":{"start":{"line":607,"column":20},"end":{"line":607,"column":47}},"248":{"start":{"line":608,"column":8},"end":{"line":621,"column":9}},"249":{"start":{"line":609,"column":21},"end":{"line":609,"column":57}},"250":{"start":{"line":610,"column":39},"end":{"line":610,"column":68}},"251":{"start":{"line":612,"column":10},"end":{"line":612,"column":63}},"252":{"start":{"line":613,"column":10},"end":{"line":613,"column":54}},"253":{"start":{"line":614,"column":10},"end":{"line":614,"column":85}},"254":{"start":{"line":616,"column":21},"end":{"line":616,"column":50}},"255":{"start":{"line":617,"column":39},"end":{"line":617,"column":43}},"256":{"start":{"line":618,"column":10},"end":{"line":618,"column":63}},"257":{"start":{"line":619,"column":10},"end":{"line":619,"column":54}},"258":{"start":{"line":620,"column":10},"end":{"line":620,"column":85}},"259":{"start":{"line":626,"column":2},"end":{"line":626,"column":30}},"260":{"start":{"line":633,"column":2},"end":{"line":636,"column":5}},"261":{"start":{"line":635,"column":4},"end":{"line":635,"column":43}},"262":{"start":{"line":638,"column":2},"end":{"line":638,"column":19}},"263":{"start":{"line":644,"column":2},"end":{"line":652,"column":3}},"264":{"start":{"line":645,"column":4},"end":{"line":645,"column":21}},"265":{"start":{"line":646,"column":9},"end":{"line":652,"column":3}},"266":{"start":{"line":647,"column":4},"end":{"line":647,"column":16}},"267":{"start":{"line":648,"column":9},"end":{"line":652,"column":3}},"268":{"start":{"line":649,"column":4},"end":{"line":649,"column":16}},"269":{"start":{"line":651,"column":4},"end":{"line":651,"column":14}}},"fnMap":{"0":{"name":"(anonymous_0)","decl":{"start":{"line":11,"column":18},"end":{"line":11,"column":19}},"loc":{"start":{"line":11,"column":32},"end":{"line":56,"column":1}},"line":11},"1":{"name":"(anonymous_1)","decl":{"start":{"line":33,"column":31},"end":{"line":33,"column":32}},"loc":{"start":{"line":33,"column":42},"end":{"line":50,"column":3}},"line":33},"2":{"name":"(anonymous_2)","decl":{"start":{"line":34,"column":40},"end":{"line":34,"column":41}},"loc":{"start":{"line":34,"column":50},"end":{"line":49,"column":5}},"line":34},"3":{"name":"(anonymous_3)","decl":{"start":{"line":39,"column":20},"end":{"line":39,"column":21}},"loc":{"start":{"line":39,"column":32},"end":{"line":45,"column":9}},"line":39},"4":{"name":"TableModel","decl":{"start":{"line":61,"column":9},"end":{"line":61,"column":19}},"loc":{"start":{"line":61,"column":22},"end":{"line":64,"column":1}},"line":61},"5":{"name":"PropertyModel","decl":{"start":{"line":67,"column":9},"end":{"line":67,"column":22}},"loc":{"start":{"line":67,"column":25},"end":{"line":74,"column":1}},"line":67},"6":{"name":"ForeignKeyModel","decl":{"start":{"line":76,"column":9},"end":{"line":76,"column":24}},"loc":{"start":{"line":76,"column":27},"end":{"line":82,"column":1}},"line":76},"7":{"name":"PrimaryKeyModel","decl":{"start":{"line":84,"column":9},"end":{"line":84,"column":24}},"loc":{"start":{"line":84,"column":27},"end":{"line":87,"column":1}},"line":84},"8":{"name":"createProperty","decl":{"start":{"line":97,"column":9},"end":{"line":97,"column":23}},"loc":{"start":{"line":97,"column":67},"end":{"line":105,"column":1}},"line":97},"9":{"name":"createTable","decl":{"start":{"line":108,"column":9},"end":{"line":108,"column":20}},"loc":{"start":{"line":108,"column":27},"end":{"line":114,"column":1}},"line":108},"10":{"name":"createForeignKey","decl":{"start":{"line":117,"column":9},"end":{"line":117,"column":25}},"loc":{"start":{"line":123,"column":2},"end":{"line":132,"column":1}},"line":123},"11":{"name":"createPrimaryKey","decl":{"start":{"line":135,"column":9},"end":{"line":135,"column":25}},"loc":{"start":{"line":135,"column":63},"end":{"line":140,"column":1}},"line":135},"12":{"name":"parseSQLServerForeignKey","decl":{"start":{"line":143,"column":9},"end":{"line":143,"column":33}},"loc":{"start":{"line":143,"column":73},"end":{"line":195,"column":1}},"line":143},"13":{"name":"parseMySQLForeignKey","decl":{"start":{"line":197,"column":9},"end":{"line":197,"column":29}},"loc":{"start":{"line":197,"column":78},"end":{"line":261,"column":1}},"line":197},"14":{"name":"(anonymous_14)","decl":{"start":{"line":213,"column":39},"end":{"line":213,"column":40}},"loc":{"start":{"line":213,"column":53},"end":{"line":218,"column":3}},"line":213},"15":{"name":"processPrimaryKey","decl":{"start":{"line":265,"column":9},"end":{"line":265,"column":26}},"loc":{"start":{"line":265,"column":29},"end":{"line":277,"column":1}},"line":265},"16":{"name":"(anonymous_16)","decl":{"start":{"line":266,"column":25},"end":{"line":266,"column":26}},"loc":{"start":{"line":266,"column":49},"end":{"line":276,"column":3}},"line":266},"17":{"name":"(anonymous_17)","decl":{"start":{"line":267,"column":22},"end":{"line":267,"column":23}},"loc":{"start":{"line":267,"column":44},"end":{"line":275,"column":5}},"line":267},"18":{"name":"(anonymous_18)","decl":{"start":{"line":269,"column":38},"end":{"line":269,"column":39}},"loc":{"start":{"line":269,"column":63},"end":{"line":273,"column":9}},"line":269},"19":{"name":"processForeignKey","decl":{"start":{"line":281,"column":9},"end":{"line":281,"column":26}},"loc":{"start":{"line":281,"column":29},"end":{"line":308,"column":1}},"line":281},"20":{"name":"(anonymous_20)","decl":{"start":{"line":282,"column":25},"end":{"line":282,"column":26}},"loc":{"start":{"line":282,"column":52},"end":{"line":307,"column":3}},"line":282},"21":{"name":"(anonymous_21)","decl":{"start":{"line":283,"column":22},"end":{"line":283,"column":23}},"loc":{"start":{"line":283,"column":44},"end":{"line":306,"column":5}},"line":283},"22":{"name":"(anonymous_22)","decl":{"start":{"line":285,"column":38},"end":{"line":285,"column":39}},"loc":{"start":{"line":285,"column":63},"end":{"line":290,"column":9}},"line":285},"23":{"name":"(anonymous_23)","decl":{"start":{"line":293,"column":38},"end":{"line":293,"column":39}},"loc":{"start":{"line":293,"column":63},"end":{"line":304,"column":9}},"line":293},"24":{"name":"parseSQLServerName","decl":{"start":{"line":311,"column":9},"end":{"line":311,"column":27}},"loc":{"start":{"line":311,"column":44},"end":{"line":335,"column":1}},"line":311},"25":{"name":"parseTableName","decl":{"start":{"line":338,"column":9},"end":{"line":338,"column":23}},"loc":{"start":{"line":338,"column":30},"end":{"line":343,"column":1}},"line":338},"26":{"name":"parseAlterTable","decl":{"start":{"line":345,"column":9},"end":{"line":345,"column":24}},"loc":{"start":{"line":345,"column":48},"end":{"line":374,"column":1}},"line":345},"27":{"name":"(anonymous_27)","decl":{"start":{"line":351,"column":20},"end":{"line":351,"column":21}},"loc":{"start":{"line":351,"column":36},"end":{"line":355,"column":3}},"line":351},"28":{"name":"parseSQLServerPrimaryKey","decl":{"start":{"line":376,"column":9},"end":{"line":376,"column":33}},"loc":{"start":{"line":376,"column":73},"end":{"line":398,"column":1}},"line":376},"29":{"name":"parseMYSQLPrimaryKey","decl":{"start":{"line":400,"column":9},"end":{"line":400,"column":29}},"loc":{"start":{"line":400,"column":55},"end":{"line":409,"column":1}},"line":400},"30":{"name":"(anonymous_30)","decl":{"start":{"line":403,"column":39},"end":{"line":403,"column":40}},"loc":{"start":{"line":403,"column":53},"end":{"line":408,"column":3}},"line":403},"31":{"name":"parseSql","decl":{"start":{"line":412,"column":24},"end":{"line":412,"column":32}},"loc":{"start":{"line":412,"column":39},"end":{"line":627,"column":1}},"line":412},"32":{"name":"createTableUI","decl":{"start":{"line":632,"column":9},"end":{"line":632,"column":22}},"loc":{"start":{"line":632,"column":25},"end":{"line":639,"column":1}},"line":632},"33":{"name":"(anonymous_33)","decl":{"start":{"line":633,"column":20},"end":{"line":633,"column":21}},"loc":{"start":{"line":633,"column":42},"end":{"line":636,"column":3}},"line":633},"34":{"name":"checkSpecialKey","decl":{"start":{"line":643,"column":9},"end":{"line":643,"column":24}},"loc":{"start":{"line":643,"column":40},"end":{"line":653,"column":1}},"line":643}},"branchMap":{"0":{"loc":{"start":{"line":38,"column":6},"end":{"line":45,"column":11}},"type":"if","locations":[{"start":{"line":38,"column":6},"end":{"line":45,"column":11}},{"start":{},"end":{}}],"line":38},"1":{"loc":{"start":{"line":46,"column":6},"end":{"line":46,"column":89}},"type":"if","locations":[{"start":{"line":46,"column":6},"end":{"line":46,"column":89}},{"start":{},"end":{}}],"line":46},"2":{"loc":{"start":{"line":47,"column":6},"end":{"line":47,"column":78}},"type":"if","locations":[{"start":{"line":47,"column":6},"end":{"line":47,"column":78}},{"start":{},"end":{}}],"line":47},"3":{"loc":{"start":{"line":48,"column":6},"end":{"line":48,"column":79}},"type":"if","locations":[{"start":{"line":48,"column":6},"end":{"line":48,"column":79}},{"start":{},"end":{}}],"line":48},"4":{"loc":{"start":{"line":99,"column":23},"end":{"line":99,"column":70}},"type":"binary-expr","locations":[{"start":{"line":99,"column":23},"end":{"line":99,"column":47}},{"start":{"line":99,"column":51},"end":{"line":99,"column":70}}],"line":99},"5":{"loc":{"start":{"line":130,"column":4},"end":{"line":130,"column":81}},"type":"cond-expr","locations":[{"start":{"line":130,"column":60},"end":{"line":130,"column":73}},{"start":{"line":130,"column":76},"end":{"line":130,"column":81}}],"line":130},"6":{"loc":{"start":{"line":130,"column":4},"end":{"line":130,"column":57}},"type":"binary-expr","locations":[{"start":{"line":130,"column":4},"end":{"line":130,"column":31}},{"start":{"line":130,"column":35},"end":{"line":130,"column":57}}],"line":130},"7":{"loc":{"start":{"line":157,"column":2},"end":{"line":159,"column":3}},"type":"if","locations":[{"start":{"line":157,"column":2},"end":{"line":159,"column":3}},{"start":{},"end":{}}],"line":157},"8":{"loc":{"start":{"line":189,"column":2},"end":{"line":191,"column":3}},"type":"if","locations":[{"start":{"line":189,"column":2},"end":{"line":191,"column":3}},{"start":{},"end":{}}],"line":189},"9":{"loc":{"start":{"line":197,"column":55},"end":{"line":197,"column":76}},"type":"default-arg","locations":[{"start":{"line":197,"column":72},"end":{"line":197,"column":76}}],"line":197},"10":{"loc":{"start":{"line":214,"column":4},"end":{"line":217,"column":5}},"type":"if","locations":[{"start":{"line":214,"column":4},"end":{"line":217,"column":5}},{"start":{},"end":{}}],"line":214},"11":{"loc":{"start":{"line":224,"column":4},"end":{"line":227,"column":5}},"type":"if","locations":[{"start":{"line":224,"column":4},"end":{"line":227,"column":5}},{"start":{},"end":{}}],"line":224},"12":{"loc":{"start":{"line":234,"column":6},"end":{"line":242,"column":7}},"type":"if","locations":[{"start":{"line":234,"column":6},"end":{"line":242,"column":7}},{"start":{},"end":{}}],"line":234},"13":{"loc":{"start":{"line":235,"column":8},"end":{"line":238,"column":16}},"type":"binary-expr","locations":[{"start":{"line":235,"column":8},"end":{"line":235,"column":71}},{"start":{"line":236,"column":8},"end":{"line":238,"column":16}}],"line":235},"14":{"loc":{"start":{"line":268,"column":6},"end":{"line":274,"column":7}},"type":"if","locations":[{"start":{"line":268,"column":6},"end":{"line":274,"column":7}},{"start":{},"end":{}}],"line":268},"15":{"loc":{"start":{"line":270,"column":10},"end":{"line":272,"column":11}},"type":"if","locations":[{"start":{"line":270,"column":10},"end":{"line":272,"column":11}},{"start":{},"end":{}}],"line":270},"16":{"loc":{"start":{"line":284,"column":6},"end":{"line":291,"column":7}},"type":"if","locations":[{"start":{"line":284,"column":6},"end":{"line":291,"column":7}},{"start":{},"end":{}}],"line":284},"17":{"loc":{"start":{"line":286,"column":10},"end":{"line":289,"column":11}},"type":"if","locations":[{"start":{"line":286,"column":10},"end":{"line":289,"column":11}},{"start":{},"end":{}}],"line":286},"18":{"loc":{"start":{"line":292,"column":6},"end":{"line":305,"column":7}},"type":"if","locations":[{"start":{"line":292,"column":6},"end":{"line":305,"column":7}},{"start":{},"end":{}}],"line":292},"19":{"loc":{"start":{"line":294,"column":10},"end":{"line":303,"column":11}},"type":"if","locations":[{"start":{"line":294,"column":10},"end":{"line":303,"column":11}},{"start":{},"end":{}}],"line":294},"20":{"loc":{"start":{"line":316,"column":2},"end":{"line":323,"column":3}},"type":"if","locations":[{"start":{"line":316,"column":2},"end":{"line":323,"column":3}},{"start":{"line":319,"column":9},"end":{"line":323,"column":3}}],"line":316},"21":{"loc":{"start":{"line":316,"column":6},"end":{"line":316,"column":47}},"type":"binary-expr","locations":[{"start":{"line":316,"column":6},"end":{"line":316,"column":27}},{"start":{"line":316,"column":31},"end":{"line":316,"column":47}}],"line":316},"22":{"loc":{"start":{"line":320,"column":4},"end":{"line":322,"column":5}},"type":"if","locations":[{"start":{"line":320,"column":4},"end":{"line":322,"column":5}},{"start":{},"end":{}}],"line":320},"23":{"loc":{"start":{"line":324,"column":2},"end":{"line":326,"column":3}},"type":"if","locations":[{"start":{"line":324,"column":2},"end":{"line":326,"column":3}},{"start":{},"end":{}}],"line":324},"24":{"loc":{"start":{"line":327,"column":2},"end":{"line":329,"column":3}},"type":"if","locations":[{"start":{"line":327,"column":2},"end":{"line":329,"column":3}},{"start":{},"end":{}}],"line":327},"25":{"loc":{"start":{"line":330,"column":2},"end":{"line":332,"column":3}},"type":"if","locations":[{"start":{"line":330,"column":2},"end":{"line":332,"column":3}},{"start":{},"end":{}}],"line":330},"26":{"loc":{"start":{"line":339,"column":2},"end":{"line":341,"column":3}},"type":"if","locations":[{"start":{"line":339,"column":2},"end":{"line":341,"column":3}},{"start":{},"end":{}}],"line":339},"27":{"loc":{"start":{"line":352,"column":4},"end":{"line":354,"column":5}},"type":"if","locations":[{"start":{"line":352,"column":4},"end":{"line":354,"column":5}},{"start":{},"end":{}}],"line":352},"28":{"loc":{"start":{"line":357,"column":2},"end":{"line":373,"column":3}},"type":"if","locations":[{"start":{"line":357,"column":2},"end":{"line":373,"column":3}},{"start":{"line":367,"column":9},"end":{"line":373,"column":3}}],"line":357},"29":{"loc":{"start":{"line":365,"column":6},"end":{"line":365,"column":56}},"type":"cond-expr","locations":[{"start":{"line":365,"column":32},"end":{"line":365,"column":49}},{"start":{"line":365,"column":52},"end":{"line":365,"column":56}}],"line":365},"30":{"loc":{"start":{"line":367,"column":9},"end":{"line":373,"column":3}},"type":"if","locations":[{"start":{"line":367,"column":9},"end":{"line":373,"column":3}},{"start":{},"end":{}}],"line":367},"31":{"loc":{"start":{"line":395,"column":2},"end":{"line":397,"column":3}},"type":"if","locations":[{"start":{"line":395,"column":2},"end":{"line":397,"column":3}},{"start":{},"end":{}}],"line":395},"32":{"loc":{"start":{"line":404,"column":4},"end":{"line":407,"column":5}},"type":"if","locations":[{"start":{"line":404,"column":4},"end":{"line":407,"column":5}},{"start":{},"end":{}}],"line":404},"33":{"loc":{"start":{"line":431,"column":4},"end":{"line":434,"column":5}},"type":"if","locations":[{"start":{"line":431,"column":4},"end":{"line":434,"column":5}},{"start":{},"end":{}}],"line":431},"34":{"loc":{"start":{"line":431,"column":8},"end":{"line":431,"column":56}},"type":"binary-expr","locations":[{"start":{"line":431,"column":8},"end":{"line":431,"column":34}},{"start":{"line":431,"column":38},"end":{"line":431,"column":56}}],"line":431},"35":{"loc":{"start":{"line":437,"column":4},"end":{"line":593,"column":5}},"type":"if","locations":[{"start":{"line":437,"column":4},"end":{"line":593,"column":5}},{"start":{"line":448,"column":9},"end":{"line":593,"column":5}}],"line":437},"36":{"loc":{"start":{"line":448,"column":9},"end":{"line":593,"column":5}},"type":"if","locations":[{"start":{"line":448,"column":9},"end":{"line":593,"column":5}},{"start":{"line":463,"column":9},"end":{"line":593,"column":5}}],"line":448},"37":{"loc":{"start":{"line":453,"column":8},"end":{"line":455,"column":9}},"type":"if","locations":[{"start":{"line":453,"column":8},"end":{"line":455,"column":9}},{"start":{},"end":{}}],"line":453},"38":{"loc":{"start":{"line":458,"column":6},"end":{"line":458,"column":88}},"type":"if","locations":[{"start":{"line":458,"column":6},"end":{"line":458,"column":88}},{"start":{},"end":{}}],"line":458},"39":{"loc":{"start":{"line":458,"column":10},"end":{"line":458,"column":49}},"type":"binary-expr","locations":[{"start":{"line":458,"column":10},"end":{"line":458,"column":24}},{"start":{"line":458,"column":28},"end":{"line":458,"column":49}}],"line":458},"40":{"loc":{"start":{"line":463,"column":9},"end":{"line":593,"column":5}},"type":"if","locations":[{"start":{"line":463,"column":9},"end":{"line":593,"column":5}},{"start":{},"end":{}}],"line":463},"41":{"loc":{"start":{"line":464,"column":6},"end":{"line":466,"column":36}},"type":"binary-expr","locations":[{"start":{"line":464,"column":6},"end":{"line":464,"column":17}},{"start":{"line":465,"column":6},"end":{"line":465,"column":32}},{"start":{"line":466,"column":6},"end":{"line":466,"column":36}}],"line":464},"42":{"loc":{"start":{"line":471,"column":8},"end":{"line":471,"column":72}},"type":"cond-expr","locations":[{"start":{"line":471,"column":45},"end":{"line":471,"column":59}},{"start":{"line":471,"column":62},"end":{"line":471,"column":72}}],"line":471},"43":{"loc":{"start":{"line":475,"column":6},"end":{"line":486,"column":7}},"type":"if","locations":[{"start":{"line":475,"column":6},"end":{"line":486,"column":7}},{"start":{},"end":{}}],"line":475},"44":{"loc":{"start":{"line":477,"column":8},"end":{"line":485,"column":9}},"type":"if","locations":[{"start":{"line":477,"column":8},"end":{"line":485,"column":9}},{"start":{"line":481,"column":15},"end":{"line":485,"column":9}}],"line":477},"45":{"loc":{"start":{"line":481,"column":15},"end":{"line":485,"column":9}},"type":"if","locations":[{"start":{"line":481,"column":15},"end":{"line":485,"column":9}},{"start":{},"end":{}}],"line":481},"46":{"loc":{"start":{"line":491,"column":6},"end":{"line":499,"column":7}},"type":"if","locations":[{"start":{"line":491,"column":6},"end":{"line":499,"column":7}},{"start":{},"end":{}}],"line":491},"47":{"loc":{"start":{"line":491,"column":10},"end":{"line":491,"column":74}},"type":"binary-expr","locations":[{"start":{"line":491,"column":10},"end":{"line":491,"column":40}},{"start":{"line":491,"column":44},"end":{"line":491,"column":74}}],"line":491},"48":{"loc":{"start":{"line":492,"column":8},"end":{"line":498,"column":9}},"type":"if","locations":[{"start":{"line":492,"column":8},"end":{"line":498,"column":9}},{"start":{"line":494,"column":15},"end":{"line":498,"column":9}}],"line":492},"49":{"loc":{"start":{"line":492,"column":12},"end":{"line":492,"column":82}},"type":"binary-expr","locations":[{"start":{"line":492,"column":12},"end":{"line":492,"column":45}},{"start":{"line":492,"column":49},"end":{"line":492,"column":82}}],"line":492},"50":{"loc":{"start":{"line":494,"column":15},"end":{"line":498,"column":9}},"type":"if","locations":[{"start":{"line":494,"column":15},"end":{"line":498,"column":9}},{"start":{"line":496,"column":15},"end":{"line":498,"column":9}}],"line":494},"51":{"loc":{"start":{"line":496,"column":15},"end":{"line":498,"column":9}},"type":"if","locations":[{"start":{"line":496,"column":15},"end":{"line":498,"column":9}},{"start":{},"end":{}}],"line":496},"52":{"loc":{"start":{"line":502,"column":8},"end":{"line":506,"column":41}},"type":"binary-expr","locations":[{"start":{"line":502,"column":8},"end":{"line":502,"column":38}},{"start":{"line":503,"column":8},"end":{"line":503,"column":38}},{"start":{"line":504,"column":8},"end":{"line":504,"column":48}},{"start":{"line":505,"column":8},"end":{"line":505,"column":48}},{"start":{"line":506,"column":8},"end":{"line":506,"column":41}}],"line":502},"53":{"loc":{"start":{"line":508,"column":6},"end":{"line":542,"column":7}},"type":"if","locations":[{"start":{"line":508,"column":6},"end":{"line":542,"column":7}},{"start":{},"end":{}}],"line":508},"54":{"loc":{"start":{"line":510,"column":8},"end":{"line":526,"column":9}},"type":"if","locations":[{"start":{"line":510,"column":8},"end":{"line":526,"column":9}},{"start":{},"end":{}}],"line":510},"55":{"loc":{"start":{"line":511,"column":10},"end":{"line":523,"column":37}},"type":"binary-expr","locations":[{"start":{"line":511,"column":10},"end":{"line":511,"column":36}},{"start":{"line":512,"column":10},"end":{"line":512,"column":37}},{"start":{"line":513,"column":10},"end":{"line":513,"column":37}},{"start":{"line":514,"column":10},"end":{"line":514,"column":37}},{"start":{"line":515,"column":10},"end":{"line":515,"column":35}},{"start":{"line":516,"column":10},"end":{"line":516,"column":38}},{"start":{"line":517,"column":10},"end":{"line":517,"column":35}},{"start":{"line":518,"column":10},"end":{"line":518,"column":42}},{"start":{"line":519,"column":10},"end":{"line":519,"column":36}},{"start":{"line":520,"column":10},"end":{"line":520,"column":45}},{"start":{"line":521,"column":10},"end":{"line":521,"column":35}},{"start":{"line":522,"column":10},"end":{"line":522,"column":43}},{"start":{"line":523,"column":10},"end":{"line":523,"column":37}}],"line":511},"56":{"loc":{"start":{"line":545,"column":6},"end":{"line":563,"column":7}},"type":"if","locations":[{"start":{"line":545,"column":6},"end":{"line":563,"column":7}},{"start":{},"end":{}}],"line":545},"57":{"loc":{"start":{"line":546,"column":8},"end":{"line":548,"column":41}},"type":"binary-expr","locations":[{"start":{"line":546,"column":8},"end":{"line":546,"column":38}},{"start":{"line":547,"column":8},"end":{"line":547,"column":48}},{"start":{"line":548,"column":8},"end":{"line":548,"column":41}}],"line":546},"58":{"loc":{"start":{"line":551,"column":8},"end":{"line":562,"column":9}},"type":"if","locations":[{"start":{"line":551,"column":8},"end":{"line":562,"column":9}},{"start":{"line":560,"column":15},"end":{"line":562,"column":9}}],"line":551},"59":{"loc":{"start":{"line":552,"column":10},"end":{"line":553,"column":43}},"type":"binary-expr","locations":[{"start":{"line":552,"column":10},"end":{"line":552,"column":50}},{"start":{"line":553,"column":10},"end":{"line":553,"column":43}}],"line":552},"60":{"loc":{"start":{"line":555,"column":10},"end":{"line":557,"column":11}},"type":"if","locations":[{"start":{"line":555,"column":10},"end":{"line":557,"column":11}},{"start":{},"end":{}}],"line":555},"61":{"loc":{"start":{"line":555,"column":14},"end":{"line":555,"column":84}},"type":"binary-expr","locations":[{"start":{"line":555,"column":14},"end":{"line":555,"column":48}},{"start":{"line":555,"column":52},"end":{"line":555,"column":84}}],"line":555},"62":{"loc":{"start":{"line":560,"column":15},"end":{"line":562,"column":9}},"type":"if","locations":[{"start":{"line":560,"column":15},"end":{"line":562,"column":9}},{"start":{},"end":{}}],"line":560},"63":{"loc":{"start":{"line":566,"column":6},"end":{"line":592,"column":7}},"type":"if","locations":[{"start":{"line":566,"column":6},"end":{"line":592,"column":7}},{"start":{},"end":{}}],"line":566},"64":{"loc":{"start":{"line":567,"column":8},"end":{"line":569,"column":41}},"type":"binary-expr","locations":[{"start":{"line":567,"column":8},"end":{"line":567,"column":38}},{"start":{"line":568,"column":8},"end":{"line":568,"column":48}},{"start":{"line":569,"column":8},"end":{"line":569,"column":41}}],"line":567},"65":{"loc":{"start":{"line":572,"column":8},"end":{"line":591,"column":9}},"type":"if","locations":[{"start":{"line":572,"column":8},"end":{"line":591,"column":9}},{"start":{"line":589,"column":15},"end":{"line":591,"column":9}}],"line":572},"66":{"loc":{"start":{"line":573,"column":10},"end":{"line":574,"column":43}},"type":"binary-expr","locations":[{"start":{"line":573,"column":10},"end":{"line":573,"column":50}},{"start":{"line":574,"column":10},"end":{"line":574,"column":43}}],"line":573},"67":{"loc":{"start":{"line":577,"column":10},"end":{"line":587,"column":11}},"type":"if","locations":[{"start":{"line":577,"column":10},"end":{"line":587,"column":11}},{"start":{},"end":{}}],"line":577},"68":{"loc":{"start":{"line":604,"column":6},"end":{"line":622,"column":7}},"type":"if","locations":[{"start":{"line":604,"column":6},"end":{"line":622,"column":7}},{"start":{},"end":{}}],"line":604},"69":{"loc":{"start":{"line":608,"column":8},"end":{"line":621,"column":9}},"type":"if","locations":[{"start":{"line":608,"column":8},"end":{"line":621,"column":9}},{"start":{"line":615,"column":15},"end":{"line":621,"column":9}}],"line":608},"70":{"loc":{"start":{"line":644,"column":2},"end":{"line":652,"column":3}},"type":"if","locations":[{"start":{"line":644,"column":2},"end":{"line":652,"column":3}},{"start":{"line":646,"column":9},"end":{"line":652,"column":3}}],"line":644},"71":{"loc":{"start":{"line":644,"column":6},"end":{"line":644,"column":62}},"type":"binary-expr","locations":[{"start":{"line":644,"column":6},"end":{"line":644,"column":32}},{"start":{"line":644,"column":36},"end":{"line":644,"column":62}}],"line":644},"72":{"loc":{"start":{"line":646,"column":9},"end":{"line":652,"column":3}},"type":"if","locations":[{"start":{"line":646,"column":9},"end":{"line":652,"column":3}},{"start":{"line":648,"column":9},"end":{"line":652,"column":3}}],"line":646},"73":{"loc":{"start":{"line":648,"column":9},"end":{"line":652,"column":3}},"type":"if","locations":[{"start":{"line":648,"column":9},"end":{"line":652,"column":3}},{"start":{"line":650,"column":9},"end":{"line":652,"column":3}}],"line":648}},"s":{"0":4,"1":4,"2":4,"3":4,"4":4,"5":4,"6":2,"7":2,"8":2,"9":9,"10":9,"11":9,"12":35,"13":35,"14":9,"15":2,"16":9,"17":35,"18":35,"19":35,"20":35,"21":8,"22":10,"23":10,"24":35,"25":0,"26":35,"27":0,"28":35,"29":0,"30":2,"31":9,"32":9,"33":35,"34":35,"35":35,"36":35,"37":35,"38":35,"39":5,"40":5,"41":5,"42":5,"43":5,"44":9,"45":9,"46":4,"47":4,"48":4,"49":35,"50":35,"51":35,"52":35,"53":35,"54":35,"55":35,"56":9,"57":9,"58":9,"59":9,"60":5,"61":5,"62":5,"63":5,"64":5,"65":5,"66":5,"67":9,"68":9,"69":9,"70":9,"71":0,"72":0,"73":0,"74":0,"75":0,"76":0,"77":0,"78":0,"79":0,"80":0,"81":0,"82":0,"83":0,"84":0,"85":0,"86":0,"87":5,"88":5,"89":5,"90":5,"91":5,"92":17,"93":5,"94":5,"95":5,"96":5,"97":5,"98":5,"99":12,"100":5,"101":5,"102":5,"103":5,"104":5,"105":10,"106":10,"107":10,"108":73,"109":5,"110":5,"111":5,"112":5,"113":5,"114":2,"115":9,"116":53,"117":9,"118":35,"119":9,"120":2,"121":5,"122":35,"123":5,"124":17,"125":5,"126":5,"127":35,"128":5,"129":18,"130":5,"131":9,"132":9,"133":9,"134":9,"135":9,"136":9,"137":9,"138":0,"139":0,"140":9,"141":0,"142":9,"143":0,"144":9,"145":9,"146":9,"147":9,"148":9,"149":9,"150":9,"151":5,"152":5,"153":5,"154":5,"155":35,"156":5,"157":5,"158":5,"159":5,"160":0,"161":0,"162":0,"163":9,"164":9,"165":9,"166":9,"167":9,"168":9,"169":0,"170":0,"171":0,"172":0,"173":0,"174":2,"175":2,"176":2,"177":2,"178":2,"179":2,"180":2,"181":2,"182":2,"183":2,"184":76,"185":76,"186":76,"187":76,"188":9,"189":9,"190":76,"191":9,"192":9,"193":9,"194":67,"195":5,"196":5,"197":5,"198":5,"199":35,"200":8,"201":5,"202":5,"203":5,"204":62,"205":35,"206":35,"207":35,"208":0,"209":0,"210":0,"211":0,"212":35,"213":35,"214":35,"215":0,"216":35,"217":9,"218":26,"219":0,"220":35,"221":35,"222":26,"223":0,"224":26,"225":26,"226":26,"227":35,"228":9,"229":9,"230":9,"231":0,"232":0,"233":35,"234":0,"235":0,"236":0,"237":0,"238":0,"239":0,"240":0,"241":2,"242":2,"243":2,"244":9,"245":35,"246":35,"247":35,"248":35,"249":31,"250":31,"251":31,"252":31,"253":31,"254":4,"255":4,"256":4,"257":4,"258":4,"259":2,"260":0,"261":0,"262":0,"263":0,"264":0,"265":0,"266":0,"267":0,"268":0,"269":0},"f":{"0":2,"1":9,"2":35,"3":10,"4":9,"5":35,"6":5,"7":9,"8":35,"9":9,"10":5,"11":9,"12":0,"13":5,"14":17,"15":2,"16":9,"17":53,"18":35,"19":2,"20":5,"21":35,"22":17,"23":18,"24":9,"25":9,"26":5,"27":35,"28":9,"29":0,"30":0,"31":2,"32":0,"33":0,"34":0},"b":{"0":[8,27],"1":[0,35],"2":[0,35],"3":[0,35],"4":[35,35],"5":[5,0],"6":[5,5],"7":[0,0],"8":[0,0],"9":[0],"10":[5,12],"11":[5,7],"12":[5,68],"13":[73,5],"14":[9,44],"15":[9,26],"16":[5,30],"17":[5,12],"18":[5,30],"19":[5,13],"20":[9,0],"21":[9,0],"22":[0,0],"23":[0,9],"24":[0,9],"25":[9,0],"26":[9,0],"27":[5,30],"28":[5,0],"29":[5,0],"30":[0,0],"31":[9,0],"32":[0,0],"33":[9,67],"34":[76,44],"35":[9,67],"36":[5,62],"37":[8,27],"38":[5,0],"39":[5,5],"40":[35,27],"41":[62,62,35],"42":[27,8],"43":[0,35],"44":[0,0],"45":[0,0],"46":[35,0],"47":[35,35],"48":[0,35],"49":[35,9],"50":[9,26],"51":[0,26],"52":[35,35,35,26,26],"53":[26,9],"54":[0,26],"55":[26,26,26,26,26,26,26,26,26,26,26,26,26],"56":[9,26],"57":[35,35,26],"58":[9,0],"59":[9,0],"60":[9,0],"61":[9,9],"62":[0,0],"63":[0,35],"64":[35,35,35],"65":[0,0],"66":[0,0],"67":[0,0],"68":[35,0],"69":[31,4],"70":[0,0],"71":[0,0],"72":[0,0],"73":[0,0]},"_coverageSchema":"1a1c01bbd47fc00a2c39e90264f33305004495a9","hash":"fa7df209e26a13b45913701e0bedf88b1e19ffeb"}
,"/Users/johnc/Documents/Coding/CodeSmith/project/dbSpy-5.0/src/queryGen.ts": {"path":"/Users/johnc/Documents/Coding/CodeSmith/project/dbSpy-5.0/src/queryGen.ts","statementMap":{"0":{"start":{"line":31,"column":39},"end":{"line":31,"column":41}},"1":{"start":{"line":32,"column":38},"end":{"line":32,"column":40}},"2":{"start":{"line":34,"column":2},"end":{"line":89,"column":3}},"3":{"start":{"line":36,"column":36},"end":{"line":36,"column":71}},"4":{"start":{"line":37,"column":18},"end":{"line":37,"column":32}},"5":{"start":{"line":39,"column":4},"end":{"line":81,"column":5}},"6":{"start":{"line":50,"column":24},"end":{"line":50,"column":37}},"7":{"start":{"line":54,"column":35},"end":{"line":54,"column":62}},"8":{"start":{"line":56,"column":6},"end":{"line":58,"column":7}},"9":{"start":{"line":57,"column":8},"end":{"line":57,"column":41}},"10":{"start":{"line":60,"column":6},"end":{"line":62,"column":7}},"11":{"start":{"line":61,"column":8},"end":{"line":61,"column":46}},"12":{"start":{"line":64,"column":6},"end":{"line":68,"column":7}},"13":{"start":{"line":65,"column":8},"end":{"line":67,"column":44}},"14":{"start":{"line":66,"column":10},"end":{"line":66,"column":31}},"15":{"start":{"line":67,"column":15},"end":{"line":67,"column":44}},"16":{"start":{"line":69,"column":35},"end":{"line":69,"column":85}},"17":{"start":{"line":70,"column":6},"end":{"line":70,"column":40}},"18":{"start":{"line":75,"column":18},"end":{"line":75,"column":31}},"19":{"start":{"line":77,"column":6},"end":{"line":80,"column":7}},"20":{"start":{"line":78,"column":41},"end":{"line":78,"column":249}},"21":{"start":{"line":79,"column":8},"end":{"line":79,"column":44}},"22":{"start":{"line":83,"column":4},"end":{"line":85,"column":5}},"23":{"start":{"line":84,"column":6},"end":{"line":84,"column":57}},"24":{"start":{"line":87,"column":4},"end":{"line":87,"column":31}},"25":{"start":{"line":88,"column":4},"end":{"line":88,"column":42}},"26":{"start":{"line":90,"column":2},"end":{"line":90,"column":56}}},"fnMap":{"0":{"name":"queryGen","decl":{"start":{"line":30,"column":24},"end":{"line":30,"column":32}},"loc":{"start":{"line":30,"column":74},"end":{"line":91,"column":1}},"line":30}},"branchMap":{"0":{"loc":{"start":{"line":56,"column":6},"end":{"line":58,"column":7}},"type":"if","locations":[{"start":{"line":56,"column":6},"end":{"line":58,"column":7}},{"start":{},"end":{}}],"line":56},"1":{"loc":{"start":{"line":60,"column":6},"end":{"line":62,"column":7}},"type":"if","locations":[{"start":{"line":60,"column":6},"end":{"line":62,"column":7}},{"start":{},"end":{}}],"line":60},"2":{"loc":{"start":{"line":64,"column":6},"end":{"line":68,"column":7}},"type":"if","locations":[{"start":{"line":64,"column":6},"end":{"line":68,"column":7}},{"start":{},"end":{}}],"line":64},"3":{"loc":{"start":{"line":65,"column":8},"end":{"line":67,"column":44}},"type":"if","locations":[{"start":{"line":65,"column":8},"end":{"line":67,"column":44}},{"start":{"line":67,"column":15},"end":{"line":67,"column":44}}],"line":65},"4":{"loc":{"start":{"line":77,"column":6},"end":{"line":80,"column":7}},"type":"if","locations":[{"start":{"line":77,"column":6},"end":{"line":80,"column":7}},{"start":{},"end":{}}],"line":77},"5":{"loc":{"start":{"line":83,"column":4},"end":{"line":85,"column":5}},"type":"if","locations":[{"start":{"line":83,"column":4},"end":{"line":85,"column":5}},{"start":{},"end":{}}],"line":83}},"s":{"0":1,"1":1,"2":1,"3":1,"4":1,"5":1,"6":2,"7":2,"8":2,"9":1,"10":2,"11":2,"12":2,"13":0,"14":0,"15":0,"16":2,"17":2,"18":2,"19":2,"20":1,"21":1,"22":1,"23":1,"24":1,"25":1,"26":1},"f":{"0":1},"b":{"0":[1,1],"1":[2,0],"2":[0,2],"3":[0,0],"4":[1,1],"5":[1,0]},"_coverageSchema":"1a1c01bbd47fc00a2c39e90264f33305004495a9","hash":"37f08702359de6ea8b224c61c2be03fbcf8cc537"}
,"/Users/johnc/Documents/Coding/CodeSmith/project/dbSpy-5.0/src/components/Navbar.tsx": {"path":"/Users/johnc/Documents/Coding/CodeSmith/project/dbSpy-5.0/src/components/Navbar.tsx","statementMap":{"0":{"start":{"line":8,"column":16},"end":{"line":8,"column":79}},"1":{"start":{"line":12,"column":28},"end":{"line":12,"column":44}},"2":{"start":{"line":13,"column":19},"end":{"line":13,"column":61}},"3":{"start":{"line":13,"column":55},"end":{"line":13,"column":60}},"4":{"start":{"line":18,"column":22},"end":{"line":22,"column":3}},"5":{"start":{"line":19,"column":17},"end":{"line":19,"column":48}},"6":{"start":{"line":20,"column":4},"end":{"line":20,"column":35}},"7":{"start":{"line":21,"column":4},"end":{"line":21,"column":60}},"8":{"start":{"line":24,"column":2},"end":{"line":65,"column":4}}},"fnMap":{"0":{"name":"Navbar","decl":{"start":{"line":10,"column":9},"end":{"line":10,"column":15}},"loc":{"start":{"line":10,"column":18},"end":{"line":66,"column":1}},"line":10},"1":{"name":"(anonymous_1)","decl":{"start":{"line":13,"column":39},"end":{"line":13,"column":40}},"loc":{"start":{"line":13,"column":55},"end":{"line":13,"column":60}},"line":13},"2":{"name":"(anonymous_2)","decl":{"start":{"line":18,"column":22},"end":{"line":18,"column":23}},"loc":{"start":{"line":18,"column":34},"end":{"line":22,"column":3}},"line":18}},"branchMap":{"0":{"loc":{"start":{"line":21,"column":4},"end":{"line":21,"column":59}},"type":"cond-expr","locations":[{"start":{"line":21,"column":23},"end":{"line":21,"column":40}},{"start":{"line":21,"column":43},"end":{"line":21,"column":59}}],"line":21},"1":{"loc":{"start":{"line":40,"column":11},"end":{"line":60,"column":11}},"type":"cond-expr","locations":[{"start":{"line":41,"column":12},"end":{"line":49,"column":15}},{"start":{"line":51,"column":12},"end":{"line":59,"column":18}}],"line":40}},"s":{"0":1,"1":1,"2":1,"3":1,"4":1,"5":0,"6":0,"7":0,"8":1},"f":{"0":1,"1":1,"2":0},"b":{"0":[0,0],"1":[0,1]},"_coverageSchema":"1a1c01bbd47fc00a2c39e90264f33305004495a9","hash":"5a556e9b7f5b9805cf378b6edf25ac884f11d65a"}
,"/Users/johnc/Documents/Coding/CodeSmith/project/dbSpy-5.0/src/components/DBDisplay/AddReference.tsx": {"path":"/Users/johnc/Documents/Coding/CodeSmith/project/dbSpy-5.0/src/components/DBDisplay/AddReference.tsx","statementMap":{"0":{"start":{"line":18,"column":31},"end":{"line":225,"column":1}},"1":{"start":{"line":19,"column":58},"end":{"line":21,"column":3}},"2":{"start":{"line":20,"column":15},"end":{"line":20,"column":20}},"3":{"start":{"line":22,"column":47},"end":{"line":22,"column":79}},"4":{"start":{"line":22,"column":73},"end":{"line":22,"column":78}},"5":{"start":{"line":24,"column":38},"end":{"line":35,"column":3}},"6":{"start":{"line":40,"column":38},"end":{"line":40,"column":75}},"7":{"start":{"line":43,"column":20},"end":{"line":50,"column":3}},"8":{"start":{"line":44,"column":22},"end":{"line":44,"column":83}},"9":{"start":{"line":45,"column":17},"end":{"line":45,"column":73}},"10":{"start":{"line":46,"column":4},"end":{"line":49,"column":5}},"11":{"start":{"line":47,"column":4},"end":{"line":47,"column":34}},"12":{"start":{"line":48,"column":4},"end":{"line":48,"column":36}},"13":{"start":{"line":53,"column":17},"end":{"line":92,"column":3}},"14":{"start":{"line":54,"column":4},"end":{"line":54,"column":23}},"15":{"start":{"line":55,"column":4},"end":{"line":91,"column":5}},"16":{"start":{"line":61,"column":6},"end":{"line":61,"column":18}},"17":{"start":{"line":62,"column":6},"end":{"line":62,"column":29}},"18":{"start":{"line":64,"column":43},"end":{"line":69,"column":7}},"19":{"start":{"line":70,"column":6},"end":{"line":76,"column":8}},"20":{"start":{"line":77,"column":6},"end":{"line":78,"column":83}},"21":{"start":{"line":79,"column":6},"end":{"line":79,"column":38}},"22":{"start":{"line":80,"column":6},"end":{"line":80,"column":28}},"23":{"start":{"line":81,"column":6},"end":{"line":87,"column":8}},"24":{"start":{"line":83,"column":10},"end":{"line":85,"column":63}},"25":{"start":{"line":89,"column":6},"end":{"line":89,"column":24}},"26":{"start":{"line":90,"column":6},"end":{"line":90,"column":25}},"27":{"start":{"line":94,"column":19},"end":{"line":103,"column":1}},"28":{"start":{"line":95,"column":4},"end":{"line":95,"column":23}},"29":{"start":{"line":96,"column":4},"end":{"line":102,"column":5}},"30":{"start":{"line":97,"column":6},"end":{"line":97,"column":18}},"31":{"start":{"line":98,"column":6},"end":{"line":98,"column":28}},"32":{"start":{"line":100,"column":6},"end":{"line":100,"column":24}},"33":{"start":{"line":101,"column":6},"end":{"line":101,"column":25}},"34":{"start":{"line":106,"column":42},"end":{"line":106,"column":74}},"35":{"start":{"line":107,"column":2},"end":{"line":115,"column":3}},"36":{"start":{"line":108,"column":4},"end":{"line":114,"column":5}},"37":{"start":{"line":109,"column":6},"end":{"line":113,"column":8}},"38":{"start":{"line":117,"column":43},"end":{"line":117,"column":75}},"39":{"start":{"line":118,"column":2},"end":{"line":124,"column":3}},"40":{"start":{"line":119,"column":4},"end":{"line":123,"column":6}},"41":{"start":{"line":126,"column":2},"end":{"line":224,"column":4}},"42":{"start":{"line":156,"column":12},"end":{"line":156,"column":49}},"43":{"start":{"line":156,"column":42},"end":{"line":156,"column":49}},"44":{"start":{"line":157,"column":12},"end":{"line":157,"column":82}},"45":{"start":{"line":179,"column":16},"end":{"line":179,"column":53}},"46":{"start":{"line":179,"column":46},"end":{"line":179,"column":53}},"47":{"start":{"line":180,"column":16},"end":{"line":180,"column":81}},"48":{"start":{"line":201,"column":12},"end":{"line":201,"column":76}}},"fnMap":{"0":{"name":"(anonymous_0)","decl":{"start":{"line":18,"column":31},"end":{"line":18,"column":32}},"loc":{"start":{"line":18,"column":37},"end":{"line":225,"column":1}},"line":18},"1":{"name":"(anonymous_1)","decl":{"start":{"line":20,"column":4},"end":{"line":20,"column":5}},"loc":{"start":{"line":20,"column":15},"end":{"line":20,"column":20}},"line":20},"2":{"name":"(anonymous_2)","decl":{"start":{"line":22,"column":62},"end":{"line":22,"column":63}},"loc":{"start":{"line":22,"column":73},"end":{"line":22,"column":78}},"line":22},"3":{"name":"(anonymous_3)","decl":{"start":{"line":43,"column":20},"end":{"line":43,"column":21}},"loc":{"start":{"line":43,"column":26},"end":{"line":50,"column":3}},"line":43},"4":{"name":"(anonymous_4)","decl":{"start":{"line":53,"column":17},"end":{"line":53,"column":18}},"loc":{"start":{"line":53,"column":61},"end":{"line":92,"column":3}},"line":53},"5":{"name":"(anonymous_5)","decl":{"start":{"line":82,"column":8},"end":{"line":82,"column":9}},"loc":{"start":{"line":83,"column":10},"end":{"line":85,"column":63}},"line":83},"6":{"name":"(anonymous_6)","decl":{"start":{"line":94,"column":19},"end":{"line":94,"column":20}},"loc":{"start":{"line":94,"column":63},"end":{"line":103,"column":1}},"line":94},"7":{"name":"(anonymous_7)","decl":{"start":{"line":155,"column":20},"end":{"line":155,"column":21}},"loc":{"start":{"line":155,"column":27},"end":{"line":158,"column":11}},"line":155},"8":{"name":"(anonymous_8)","decl":{"start":{"line":178,"column":24},"end":{"line":178,"column":25}},"loc":{"start":{"line":178,"column":31},"end":{"line":181,"column":15}},"line":178},"9":{"name":"(anonymous_9)","decl":{"start":{"line":200,"column":20},"end":{"line":200,"column":21}},"loc":{"start":{"line":201,"column":12},"end":{"line":201,"column":76}},"line":201}},"branchMap":{"0":{"loc":{"start":{"line":46,"column":4},"end":{"line":49,"column":5}},"type":"if","locations":[{"start":{"line":46,"column":4},"end":{"line":49,"column":5}},{"start":{},"end":{}}],"line":46},"1":{"loc":{"start":{"line":46,"column":8},"end":{"line":46,"column":43}},"type":"binary-expr","locations":[{"start":{"line":46,"column":8},"end":{"line":46,"column":26}},{"start":{"line":46,"column":30},"end":{"line":46,"column":43}}],"line":46},"2":{"loc":{"start":{"line":108,"column":4},"end":{"line":114,"column":5}},"type":"if","locations":[{"start":{"line":108,"column":4},"end":{"line":114,"column":5}},{"start":{},"end":{}}],"line":108},"3":{"loc":{"start":{"line":156,"column":12},"end":{"line":156,"column":49}},"type":"if","locations":[{"start":{"line":156,"column":12},"end":{"line":156,"column":49}},{"start":{},"end":{}}],"line":156},"4":{"loc":{"start":{"line":165,"column":7},"end":{"line":188,"column":7}},"type":"binary-expr","locations":[{"start":{"line":165,"column":7},"end":{"line":165,"column":48}},{"start":{"line":166,"column":8},"end":{"line":187,"column":11}}],"line":165},"5":{"loc":{"start":{"line":179,"column":16},"end":{"line":179,"column":53}},"type":"if","locations":[{"start":{"line":179,"column":16},"end":{"line":179,"column":53}},{"start":{},"end":{}}],"line":179}},"s":{"0":4,"1":1,"2":0,"3":1,"4":0,"5":1,"6":1,"7":1,"8":0,"9":0,"10":0,"11":0,"12":0,"13":1,"14":0,"15":0,"16":0,"17":0,"18":0,"19":0,"20":0,"21":0,"22":0,"23":0,"24":0,"25":0,"26":0,"27":1,"28":0,"29":0,"30":0,"31":0,"32":0,"33":0,"34":1,"35":1,"36":3,"37":2,"38":1,"39":1,"40":0,"41":1,"42":0,"43":0,"44":0,"45":0,"46":0,"47":0,"48":0},"f":{"0":1,"1":0,"2":0,"3":0,"4":0,"5":0,"6":0,"7":0,"8":0,"9":0},"b":{"0":[0,0],"1":[0,0],"2":[2,1],"3":[0,0],"4":[1,0],"5":[0,0]},"_coverageSchema":"1a1c01bbd47fc00a2c39e90264f33305004495a9","hash":"40a41de58ba38785d50f1c169c29bee074748df4"}
,"/Users/johnc/Documents/Coding/CodeSmith/project/dbSpy-5.0/src/components/DBDisplay/FeatureTab.tsx": {"path":"/Users/johnc/Documents/Coding/CodeSmith/project/dbSpy-5.0/src/components/DBDisplay/FeatureTab.tsx","statementMap":{"0":{"start":{"line":21,"column":33},"end":{"line":21,"column":63}},"1":{"start":{"line":21,"column":57},"end":{"line":21,"column":62}},"2":{"start":{"line":24,"column":4},"end":{"line":24,"column":36}},"3":{"start":{"line":24,"column":30},"end":{"line":24,"column":35}},"4":{"start":{"line":25,"column":28},"end":{"line":25,"column":70}},"5":{"start":{"line":25,"column":64},"end":{"line":25,"column":69}},"6":{"start":{"line":27,"column":35},"end":{"line":27,"column":69}},"7":{"start":{"line":27,"column":63},"end":{"line":27,"column":68}},"8":{"start":{"line":28,"column":30},"end":{"line":28,"column":51}},"9":{"start":{"line":29,"column":50},"end":{"line":29,"column":65}},"10":{"start":{"line":33,"column":28},"end":{"line":33,"column":36}},"11":{"start":{"line":35,"column":25},"end":{"line":39,"column":3}},"12":{"start":{"line":36,"column":4},"end":{"line":36,"column":49}},"13":{"start":{"line":37,"column":4},"end":{"line":37,"column":46}},"14":{"start":{"line":38,"column":4},"end":{"line":38,"column":26}},"15":{"start":{"line":41,"column":26},"end":{"line":44,"column":3}},"16":{"start":{"line":42,"column":4},"end":{"line":42,"column":48}},"17":{"start":{"line":43,"column":4},"end":{"line":43,"column":30}},"18":{"start":{"line":43,"column":18},"end":{"line":43,"column":30}},"19":{"start":{"line":48,"column":20},"end":{"line":52,"column":3}},"20":{"start":{"line":50,"column":4},"end":{"line":51,"column":31}},"21":{"start":{"line":50,"column":41},"end":{"line":50,"column":72}},"22":{"start":{"line":51,"column":9},"end":{"line":51,"column":31}},"23":{"start":{"line":53,"column":20},"end":{"line":57,"column":3}},"24":{"start":{"line":55,"column":4},"end":{"line":56,"column":29}},"25":{"start":{"line":55,"column":41},"end":{"line":55,"column":70}},"26":{"start":{"line":56,"column":9},"end":{"line":56,"column":29}},"27":{"start":{"line":59,"column":18},"end":{"line":63,"column":3}},"28":{"start":{"line":61,"column":4},"end":{"line":62,"column":25}},"29":{"start":{"line":61,"column":41},"end":{"line":61,"column":66}},"30":{"start":{"line":62,"column":9},"end":{"line":62,"column":25}},"31":{"start":{"line":65,"column":22},"end":{"line":69,"column":3}},"32":{"start":{"line":67,"column":4},"end":{"line":68,"column":29}},"33":{"start":{"line":67,"column":41},"end":{"line":67,"column":70}},"34":{"start":{"line":68,"column":9},"end":{"line":68,"column":29}},"35":{"start":{"line":71,"column":28},"end":{"line":87,"column":3}},"36":{"start":{"line":73,"column":18},"end":{"line":73,"column":49}},"37":{"start":{"line":74,"column":4},"end":{"line":74,"column":39}},"38":{"start":{"line":75,"column":4},"end":{"line":75,"column":18}},"39":{"start":{"line":76,"column":4},"end":{"line":86,"column":6}},"40":{"start":{"line":77,"column":19},"end":{"line":77,"column":36}},"41":{"start":{"line":78,"column":21},"end":{"line":78,"column":37}},"42":{"start":{"line":79,"column":6},"end":{"line":79,"column":30}},"43":{"start":{"line":80,"column":6},"end":{"line":85,"column":8}},"44":{"start":{"line":82,"column":32},"end":{"line":82,"column":61}},"45":{"start":{"line":83,"column":8},"end":{"line":83,"column":35}},"46":{"start":{"line":84,"column":8},"end":{"line":84,"column":26}},"47":{"start":{"line":89,"column":24},"end":{"line":93,"column":3}},"48":{"start":{"line":90,"column":4},"end":{"line":90,"column":17}},"49":{"start":{"line":91,"column":4},"end":{"line":91,"column":17}},"50":{"start":{"line":92,"column":4},"end":{"line":92,"column":22}},"51":{"start":{"line":95,"column":28},"end":{"line":100,"column":3}},"52":{"start":{"line":96,"column":4},"end":{"line":96,"column":23}},"53":{"start":{"line":97,"column":4},"end":{"line":97,"column":17}},"54":{"start":{"line":98,"column":4},"end":{"line":98,"column":17}},"55":{"start":{"line":99,"column":4},"end":{"line":99,"column":22}},"56":{"start":{"line":102,"column":25},"end":{"line":104,"column":3}},"57":{"start":{"line":103,"column":4},"end":{"line":103,"column":30}},"58":{"start":{"line":106,"column":26},"end":{"line":108,"column":3}},"59":{"start":{"line":107,"column":4},"end":{"line":107,"column":31}},"60":{"start":{"line":111,"column":21},"end":{"line":120,"column":3}},"61":{"start":{"line":112,"column":4},"end":{"line":119,"column":5}},"62":{"start":{"line":112,"column":15},"end":{"line":112,"column":38}},"63":{"start":{"line":114,"column":23},"end":{"line":117,"column":7}},"64":{"start":{"line":118,"column":6},"end":{"line":118,"column":88}},"65":{"start":{"line":118,"column":61},"end":{"line":118,"column":86}},"66":{"start":{"line":122,"column":21},"end":{"line":132,"column":3}},"67":{"start":{"line":123,"column":4},"end":{"line":131,"column":5}},"68":{"start":{"line":124,"column":6},"end":{"line":124,"column":47}},"69":{"start":{"line":124,"column":17},"end":{"line":124,"column":47}},"70":{"start":{"line":125,"column":19},"end":{"line":125,"column":67}},"71":{"start":{"line":126,"column":6},"end":{"line":126,"column":67}},"72":{"start":{"line":126,"column":31},"end":{"line":126,"column":67}},"73":{"start":{"line":127,"column":27},"end":{"line":127,"column":44}},"74":{"start":{"line":128,"column":6},"end":{"line":128,"column":54}},"75":{"start":{"line":130,"column":6},"end":{"line":130,"column":41}},"76":{"start":{"line":135,"column":25},"end":{"line":140,"column":3}},"77":{"start":{"line":136,"column":4},"end":{"line":136,"column":31}},"78":{"start":{"line":137,"column":4},"end":{"line":137,"column":30}},"79":{"start":{"line":138,"column":4},"end":{"line":138,"column":23}},"80":{"start":{"line":139,"column":4},"end":{"line":139,"column":18}},"81":{"start":{"line":144,"column":2},"end":{"line":487,"column":4}},"82":{"start":{"line":254,"column":22},"end":{"line":254,"column":48}},"83":{"start":{"line":256,"column":22},"end":{"line":256,"column":76}},"84":{"start":{"line":256,"column":60},"end":{"line":256,"column":76}},"85":{"start":{"line":283,"column":20},"end":{"line":283,"column":49}},"86":{"start":{"line":382,"column":35},"end":{"line":382,"column":47}},"87":{"start":{"line":406,"column":35},"end":{"line":406,"column":47}},"88":{"start":{"line":431,"column":37},"end":{"line":431,"column":53}},"89":{"start":{"line":467,"column":31},"end":{"line":467,"column":47}},"90":{"start":{"line":473,"column":31},"end":{"line":473,"column":48}}},"fnMap":{"0":{"name":"FeatureTab","decl":{"start":{"line":19,"column":24},"end":{"line":19,"column":34}},"loc":{"start":{"line":19,"column":47},"end":{"line":488,"column":1}},"line":19},"1":{"name":"(anonymous_1)","decl":{"start":{"line":21,"column":46},"end":{"line":21,"column":47}},"loc":{"start":{"line":21,"column":57},"end":{"line":21,"column":62}},"line":21},"2":{"name":"(anonymous_2)","decl":{"start":{"line":24,"column":19},"end":{"line":24,"column":20}},"loc":{"start":{"line":24,"column":30},"end":{"line":24,"column":35}},"line":24},"3":{"name":"(anonymous_3)","decl":{"start":{"line":25,"column":48},"end":{"line":25,"column":49}},"loc":{"start":{"line":25,"column":64},"end":{"line":25,"column":69}},"line":25},"4":{"name":"(anonymous_4)","decl":{"start":{"line":27,"column":52},"end":{"line":27,"column":53}},"loc":{"start":{"line":27,"column":63},"end":{"line":27,"column":68}},"line":27},"5":{"name":"(anonymous_5)","decl":{"start":{"line":35,"column":25},"end":{"line":35,"column":26}},"loc":{"start":{"line":35,"column":44},"end":{"line":39,"column":3}},"line":35},"6":{"name":"(anonymous_6)","decl":{"start":{"line":41,"column":26},"end":{"line":41,"column":27}},"loc":{"start":{"line":41,"column":49},"end":{"line":44,"column":3}},"line":41},"7":{"name":"(anonymous_7)","decl":{"start":{"line":48,"column":20},"end":{"line":48,"column":21}},"loc":{"start":{"line":48,"column":26},"end":{"line":52,"column":3}},"line":48},"8":{"name":"(anonymous_8)","decl":{"start":{"line":53,"column":20},"end":{"line":53,"column":21}},"loc":{"start":{"line":53,"column":26},"end":{"line":57,"column":3}},"line":53},"9":{"name":"(anonymous_9)","decl":{"start":{"line":59,"column":18},"end":{"line":59,"column":19}},"loc":{"start":{"line":59,"column":24},"end":{"line":63,"column":3}},"line":59},"10":{"name":"(anonymous_10)","decl":{"start":{"line":65,"column":22},"end":{"line":65,"column":23}},"loc":{"start":{"line":65,"column":28},"end":{"line":69,"column":3}},"line":65},"11":{"name":"(anonymous_11)","decl":{"start":{"line":71,"column":28},"end":{"line":71,"column":29}},"loc":{"start":{"line":71,"column":34},"end":{"line":87,"column":3}},"line":71},"12":{"name":"(anonymous_12)","decl":{"start":{"line":76,"column":21},"end":{"line":76,"column":22}},"loc":{"start":{"line":76,"column":39},"end":{"line":86,"column":5}},"line":76},"13":{"name":"(anonymous_13)","decl":{"start":{"line":80,"column":22},"end":{"line":80,"column":23}},"loc":{"start":{"line":80,"column":38},"end":{"line":85,"column":7}},"line":80},"14":{"name":"(anonymous_14)","decl":{"start":{"line":89,"column":24},"end":{"line":89,"column":25}},"loc":{"start":{"line":89,"column":30},"end":{"line":93,"column":3}},"line":89},"15":{"name":"(anonymous_15)","decl":{"start":{"line":95,"column":28},"end":{"line":95,"column":29}},"loc":{"start":{"line":95,"column":34},"end":{"line":100,"column":3}},"line":95},"16":{"name":"(anonymous_16)","decl":{"start":{"line":102,"column":25},"end":{"line":102,"column":26}},"loc":{"start":{"line":102,"column":31},"end":{"line":104,"column":3}},"line":102},"17":{"name":"(anonymous_17)","decl":{"start":{"line":106,"column":26},"end":{"line":106,"column":27}},"loc":{"start":{"line":106,"column":32},"end":{"line":108,"column":3}},"line":106},"18":{"name":"(anonymous_18)","decl":{"start":{"line":111,"column":21},"end":{"line":111,"column":22}},"loc":{"start":{"line":111,"column":33},"end":{"line":120,"column":3}},"line":111},"19":{"name":"(anonymous_19)","decl":{"start":{"line":118,"column":52},"end":{"line":118,"column":53}},"loc":{"start":{"line":118,"column":61},"end":{"line":118,"column":86}},"line":118},"20":{"name":"(anonymous_20)","decl":{"start":{"line":122,"column":21},"end":{"line":122,"column":22}},"loc":{"start":{"line":122,"column":33},"end":{"line":132,"column":3}},"line":122},"21":{"name":"(anonymous_21)","decl":{"start":{"line":135,"column":25},"end":{"line":135,"column":26}},"loc":{"start":{"line":135,"column":37},"end":{"line":140,"column":3}},"line":135},"22":{"name":"(anonymous_22)","decl":{"start":{"line":253,"column":29},"end":{"line":253,"column":30}},"loc":{"start":{"line":253,"column":35},"end":{"line":257,"column":21}},"line":253},"23":{"name":"(anonymous_23)","decl":{"start":{"line":282,"column":27},"end":{"line":282,"column":28}},"loc":{"start":{"line":282,"column":33},"end":{"line":284,"column":19}},"line":282},"24":{"name":"(anonymous_24)","decl":{"start":{"line":382,"column":29},"end":{"line":382,"column":30}},"loc":{"start":{"line":382,"column":35},"end":{"line":382,"column":47}},"line":382},"25":{"name":"(anonymous_25)","decl":{"start":{"line":406,"column":29},"end":{"line":406,"column":30}},"loc":{"start":{"line":406,"column":35},"end":{"line":406,"column":47}},"line":406},"26":{"name":"(anonymous_26)","decl":{"start":{"line":431,"column":31},"end":{"line":431,"column":32}},"loc":{"start":{"line":431,"column":37},"end":{"line":431,"column":53}},"line":431},"27":{"name":"(anonymous_27)","decl":{"start":{"line":467,"column":25},"end":{"line":467,"column":26}},"loc":{"start":{"line":467,"column":31},"end":{"line":467,"column":47}},"line":467},"28":{"name":"(anonymous_28)","decl":{"start":{"line":473,"column":25},"end":{"line":473,"column":26}},"loc":{"start":{"line":473,"column":31},"end":{"line":473,"column":48}},"line":473}},"branchMap":{"0":{"loc":{"start":{"line":43,"column":4},"end":{"line":43,"column":30}},"type":"if","locations":[{"start":{"line":43,"column":4},"end":{"line":43,"column":30}},{"start":{},"end":{}}],"line":43},"1":{"loc":{"start":{"line":50,"column":4},"end":{"line":51,"column":31}},"type":"if","locations":[{"start":{"line":50,"column":4},"end":{"line":51,"column":31}},{"start":{"line":51,"column":9},"end":{"line":51,"column":31}}],"line":50},"2":{"loc":{"start":{"line":55,"column":4},"end":{"line":56,"column":29}},"type":"if","locations":[{"start":{"line":55,"column":4},"end":{"line":56,"column":29}},{"start":{"line":56,"column":9},"end":{"line":56,"column":29}}],"line":55},"3":{"loc":{"start":{"line":61,"column":4},"end":{"line":62,"column":25}},"type":"if","locations":[{"start":{"line":61,"column":4},"end":{"line":62,"column":25}},{"start":{"line":62,"column":9},"end":{"line":62,"column":25}}],"line":61},"4":{"loc":{"start":{"line":67,"column":4},"end":{"line":68,"column":29}},"type":"if","locations":[{"start":{"line":67,"column":4},"end":{"line":68,"column":29}},{"start":{"line":68,"column":9},"end":{"line":68,"column":29}}],"line":67},"5":{"loc":{"start":{"line":112,"column":4},"end":{"line":119,"column":5}},"type":"if","locations":[{"start":{"line":112,"column":4},"end":{"line":119,"column":5}},{"start":{"line":113,"column":9},"end":{"line":119,"column":5}}],"line":112},"6":{"loc":{"start":{"line":124,"column":6},"end":{"line":124,"column":47}},"type":"if","locations":[{"start":{"line":124,"column":6},"end":{"line":124,"column":47}},{"start":{},"end":{}}],"line":124},"7":{"loc":{"start":{"line":126,"column":6},"end":{"line":126,"column":67}},"type":"if","locations":[{"start":{"line":126,"column":6},"end":{"line":126,"column":67}},{"start":{},"end":{}}],"line":126},"8":{"loc":{"start":{"line":250,"column":16},"end":{"line":278,"column":22}},"type":"cond-expr","locations":[{"start":{"line":251,"column":16},"end":{"line":277,"column":21}},{"start":{"line":278,"column":18},"end":{"line":278,"column":22}}],"line":250},"9":{"loc":{"start":{"line":256,"column":22},"end":{"line":256,"column":76}},"type":"if","locations":[{"start":{"line":256,"column":22},"end":{"line":256,"column":76}},{"start":{},"end":{}}],"line":256},"10":{"loc":{"start":{"line":279,"column":16},"end":{"line":305,"column":22}},"type":"cond-expr","locations":[{"start":{"line":280,"column":14},"end":{"line":304,"column":19}},{"start":{"line":305,"column":17},"end":{"line":305,"column":21}}],"line":279},"11":{"loc":{"start":{"line":428,"column":17},"end":{"line":449,"column":24}},"type":"cond-expr","locations":[{"start":{"line":429,"column":18},"end":{"line":448,"column":23}},{"start":{"line":449,"column":20},"end":{"line":449,"column":24}}],"line":428},"12":{"loc":{"start":{"line":484,"column":9},"end":{"line":484,"column":83}},"type":"cond-expr","locations":[{"start":{"line":484,"column":28},"end":{"line":484,"column":76}},{"start":{"line":484,"column":79},"end":{"line":484,"column":83}}],"line":484}},"s":{"0":2,"1":2,"2":2,"3":2,"4":2,"5":2,"6":2,"7":2,"8":2,"9":2,"10":2,"11":2,"12":0,"13":0,"14":0,"15":2,"16":0,"17":0,"18":0,"19":2,"20":0,"21":0,"22":0,"23":2,"24":0,"25":0,"26":0,"27":2,"28":0,"29":0,"30":0,"31":2,"32":0,"33":0,"34":0,"35":2,"36":0,"37":0,"38":0,"39":0,"40":0,"41":0,"42":0,"43":0,"44":0,"45":0,"46":0,"47":2,"48":0,"49":0,"50":0,"51":2,"52":0,"53":0,"54":0,"55":0,"56":2,"57":0,"58":2,"59":0,"60":2,"61":0,"62":0,"63":0,"64":0,"65":0,"66":2,"67":0,"68":0,"69":0,"70":0,"71":0,"72":0,"73":0,"74":0,"75":0,"76":2,"77":0,"78":0,"79":0,"80":0,"81":2,"82":0,"83":0,"84":0,"85":0,"86":0,"87":0,"88":0,"89":0,"90":0},"f":{"0":2,"1":2,"2":2,"3":2,"4":2,"5":0,"6":0,"7":0,"8":0,"9":0,"10":0,"11":0,"12":0,"13":0,"14":0,"15":0,"16":0,"17":0,"18":0,"19":0,"20":0,"21":0,"22":0,"23":0,"24":0,"25":0,"26":0,"27":0,"28":0},"b":{"0":[0,0],"1":[0,0],"2":[0,0],"3":[0,0],"4":[0,0],"5":[0,0],"6":[0,0],"7":[0,0],"8":[2,0],"9":[0,0],"10":[0,2],"11":[0,2],"12":[0,2]},"_coverageSchema":"1a1c01bbd47fc00a2c39e90264f33305004495a9","hash":"1afae657f519f4ce7b8b4cfc59fb906143240adb"}
,"/Users/johnc/Documents/Coding/CodeSmith/project/dbSpy-5.0/src/components/DBDisplay/Sidebar.tsx": {"path":"/Users/johnc/Documents/Coding/CodeSmith/project/dbSpy-5.0/src/components/DBDisplay/Sidebar.tsx","statementMap":{"0":{"start":{"line":16,"column":16},"end":{"line":330,"column":1}},"1":{"start":{"line":18,"column":27},"end":{"line":18,"column":81}},"2":{"start":{"line":18,"column":58},"end":{"line":18,"column":80}},"3":{"start":{"line":19,"column":25},"end":{"line":19,"column":72}},"4":{"start":{"line":19,"column":51},"end":{"line":19,"column":71}},"5":{"start":{"line":20,"column":23},"end":{"line":20,"column":66}},"6":{"start":{"line":20,"column":47},"end":{"line":20,"column":65}},"7":{"start":{"line":21,"column":25},"end":{"line":21,"column":59}},"8":{"start":{"line":21,"column":53},"end":{"line":21,"column":58}},"9":{"start":{"line":22,"column":40},"end":{"line":22,"column":52}},"10":{"start":{"line":24,"column":46},"end":{"line":24,"column":61}},"11":{"start":{"line":26,"column":35},"end":{"line":26,"column":55}},"12":{"start":{"line":27,"column":30},"end":{"line":27,"column":182}},"13":{"start":{"line":30,"column":40},"end":{"line":40,"column":32}},"14":{"start":{"line":44,"column":23},"end":{"line":114,"column":3}},"15":{"start":{"line":45,"column":4},"end":{"line":45,"column":23}},"16":{"start":{"line":46,"column":24},"end":{"line":46,"column":34}},"17":{"start":{"line":48,"column":4},"end":{"line":94,"column":5}},"18":{"start":{"line":49,"column":23},"end":{"line":49,"column":43}},"19":{"start":{"line":50,"column":23},"end":{"line":50,"column":42}},"20":{"start":{"line":53,"column":6},"end":{"line":90,"column":7}},"21":{"start":{"line":54,"column":30},"end":{"line":54,"column":41}},"22":{"start":{"line":55,"column":43},"end":{"line":55,"column":79}},"23":{"start":{"line":56,"column":8},"end":{"line":56,"column":56}},"24":{"start":{"line":57,"column":8},"end":{"line":57,"column":54}},"25":{"start":{"line":58,"column":8},"end":{"line":58,"column":56}},"26":{"start":{"line":59,"column":8},"end":{"line":59,"column":29}},"27":{"start":{"line":60,"column":8},"end":{"line":60,"column":45}},"28":{"start":{"line":61,"column":8},"end":{"line":61,"column":36}},"29":{"start":{"line":62,"column":13},"end":{"line":90,"column":7}},"30":{"start":{"line":63,"column":27},"end":{"line":63,"column":49}},"31":{"start":{"line":64,"column":40},"end":{"line":64,"column":76}},"32":{"start":{"line":65,"column":8},"end":{"line":65,"column":53}},"33":{"start":{"line":66,"column":8},"end":{"line":66,"column":52}},"34":{"start":{"line":67,"column":8},"end":{"line":67,"column":53}},"35":{"start":{"line":68,"column":8},"end":{"line":68,"column":29}},"36":{"start":{"line":69,"column":8},"end":{"line":69,"column":45}},"37":{"start":{"line":70,"column":8},"end":{"line":70,"column":33}},"38":{"start":{"line":71,"column":13},"end":{"line":90,"column":7}},"39":{"start":{"line":72,"column":27},"end":{"line":72,"column":38}},"40":{"start":{"line":73,"column":40},"end":{"line":73,"column":76}},"41":{"start":{"line":74,"column":8},"end":{"line":74,"column":53}},"42":{"start":{"line":75,"column":8},"end":{"line":75,"column":52}},"43":{"start":{"line":76,"column":8},"end":{"line":76,"column":53}},"44":{"start":{"line":77,"column":8},"end":{"line":77,"column":29}},"45":{"start":{"line":78,"column":8},"end":{"line":78,"column":42}},"46":{"start":{"line":79,"column":8},"end":{"line":79,"column":33}},"47":{"start":{"line":80,"column":13},"end":{"line":90,"column":7}},"48":{"start":{"line":81,"column":28},"end":{"line":81,"column":39}},"49":{"start":{"line":82,"column":41},"end":{"line":82,"column":77}},"50":{"start":{"line":83,"column":8},"end":{"line":83,"column":54}},"51":{"start":{"line":84,"column":8},"end":{"line":84,"column":52}},"52":{"start":{"line":85,"column":8},"end":{"line":85,"column":54}},"53":{"start":{"line":86,"column":8},"end":{"line":86,"column":29}},"54":{"start":{"line":87,"column":8},"e
[...]
ine":165,"column":62}},"37":{"start":{"line":166,"column":12},"end":{"line":166,"column":61}},"38":{"start":{"line":167,"column":12},"end":{"line":167,"column":40}},"39":{"start":{"line":168,"column":12},"end":{"line":168,"column":28}},"40":{"start":{"line":171,"column":10},"end":{"line":181,"column":13}},"41":{"start":{"line":172,"column":29},"end":{"line":172,"column":41}},"42":{"start":{"line":173,"column":12},"end":{"line":173,"column":76}},"43":{"start":{"line":173,"column":47},"end":{"line":173,"column":76}},"44":{"start":{"line":174,"column":12},"end":{"line":177,"column":13}},"45":{"start":{"line":175,"column":14},"end":{"line":175,"column":40}},"46":{"start":{"line":176,"column":14},"end":{"line":176,"column":30}},"47":{"start":{"line":178,"column":12},"end":{"line":178,"column":41}},"48":{"start":{"line":179,"column":12},"end":{"line":179,"column":77}},"49":{"start":{"line":180,"column":12},"end":{"line":180,"column":28}},"50":{"start":{"line":184,"column":10},"end":{"line":190,"column":13}},"51":{"start":{"line":185,"column":29},"end":{"line":185,"column":41}},"52":{"start":{"line":186,"column":12},"end":{"line":186,"column":88}},"53":{"start":{"line":186,"column":72},"end":{"line":186,"column":88}},"54":{"start":{"line":187,"column":12},"end":{"line":187,"column":41}},"55":{"start":{"line":188,"column":12},"end":{"line":188,"column":77}},"56":{"start":{"line":189,"column":12},"end":{"line":189,"column":28}},"57":{"start":{"line":199,"column":36},"end":{"line":199,"column":60}},"58":{"start":{"line":200,"column":10},"end":{"line":200,"column":39}},"59":{"start":{"line":203,"column":10},"end":{"line":204,"column":82}},"60":{"start":{"line":204,"column":12},"end":{"line":204,"column":82}},"61":{"start":{"line":207,"column":10},"end":{"line":216,"column":11}},"62":{"start":{"line":208,"column":28},"end":{"line":208,"column":64}},"63":{"start":{"line":209,"column":12},"end":{"line":212,"column":16}},"64":{"start":{"line":210,"column":14},"end":{"line":212,"column":16}},"65":{"start":{"line":215,"column":12},"end":{"line":215,"column":59}},"66":{"start":{"line":219,"column":31},"end":{"line":219,"column":59}},"67":{"start":{"line":221,"column":10},"end":{"line":227,"column":11}},"68":{"start":{"line":223,"column":12},"end":{"line":226,"column":16}},"69":{"start":{"line":224,"column":14},"end":{"line":226,"column":16}},"70":{"start":{"line":229,"column":36},"end":{"line":229,"column":37}},"71":{"start":{"line":230,"column":10},"end":{"line":232,"column":11}},"72":{"start":{"line":231,"column":12},"end":{"line":231,"column":65}},"73":{"start":{"line":231,"column":51},"end":{"line":231,"column":65}},"74":{"start":{"line":233,"column":25},"end":{"line":233,"column":61}},"75":{"start":{"line":234,"column":10},"end":{"line":237,"column":14}},"76":{"start":{"line":235,"column":12},"end":{"line":237,"column":14}},"77":{"start":{"line":240,"column":10},"end":{"line":240,"column":57}},"78":{"start":{"line":243,"column":10},"end":{"line":243,"column":75}},"79":{"start":{"line":243,"column":50},"end":{"line":243,"column":66}},"80":{"start":{"line":246,"column":60},"end":{"line":246,"column":62}},"81":{"start":{"line":247,"column":10},"end":{"line":256,"column":11}},"82":{"start":{"line":249,"column":12},"end":{"line":249,"column":43}},"83":{"start":{"line":251,"column":12},"end":{"line":255,"column":43}},"84":{"start":{"line":252,"column":14},"end":{"line":254,"column":16}},"85":{"start":{"line":255,"column":17},"end":{"line":255,"column":43}},"86":{"start":{"line":259,"column":25},"end":{"line":259,"column":37}},"87":{"start":{"line":261,"column":12},"end":{"line":263,"column":43}},"88":{"start":{"line":264,"column":10},"end":{"line":264,"column":83}},"89":{"start":{"line":264,"column":40},"end":{"line":264,"column":83}},"90":{"start":{"line":266,"column":10},"end":{"line":269,"column":14}},"91":{"start":{"line":267,"column":12},"end":{"line":269,"column":14}},"92":{"start":{"line":270,"column":10},"end":{"line":273,"column":14}},"93":{"start":{"line":271,"column":12},"end":{"line":273,"column":14}},"94":{"start":{"line":276,"column":10},"end":{"line":296,"column":11}},"95":{"start":{"line":277,"column":41},"end":{"line":287,"column":13}},"96":{"start":{"line":289,"column":12},"end":{"line":295,"column":14}},"97":{"start":{"line":297,"column":10},"end":{"line":297,"column":26}}},"fnMap":{"0":{"name":"(anonymous_0)","decl":{"start":{"line":61,"column":6},"end":{"line":61,"column":7}},"loc":{"start":{"line":61,"column":21},"end":{"line":645,"column":7}},"line":61},"1":{"name":"(anonymous_1)","decl":{"start":{"line":67,"column":19},"end":{"line":67,"column":20}},"loc":{"start":{"line":67,"column":31},"end":{"line":67,"column":69}},"line":67},"2":{"name":"(anonymous_2)","decl":{"start":{"line":67,"column":35},"end":{"line":67,"column":36}},"loc":{"start":{"line":67,"column":47},"end":{"line":67,"column":67}},"line":67},"3":{"name":"(anonymous_3)","decl":{"start":{"line":68,"column":24},"end":{"line":68,"column":25}},"loc":{"start":{"line":68,"column":36},"end":{"line":68,"column":87}},"line":68},"4":{"name":"(anonymous_4)","decl":{"start":{"line":68,"column":40},"end":{"line":68,"column":41}},"loc":{"start":{"line":68,"column":52},"end":{"line":68,"column":85}},"line":68},"5":{"name":"(anonymous_5)","decl":{"start":{"line":69,"column":21},"end":{"line":69,"column":22}},"loc":{"start":{"line":69,"column":35},"end":{"line":77,"column":9}},"line":69},"6":{"name":"(anonymous_6)","decl":{"start":{"line":78,"column":24},"end":{"line":78,"column":25}},"loc":{"start":{"line":79,"column":10},"end":{"line":96,"column":12}},"line":79},"7":{"name":"(anonymous_7)","decl":{"start":{"line":79,"column":14},"end":{"line":79,"column":15}},"loc":{"start":{"line":79,"column":25},"end":{"line":96,"column":11}},"line":79},"8":{"name":"(anonymous_8)","decl":{"start":{"line":97,"column":27},"end":{"line":97,"column":28}},"loc":{"start":{"line":98,"column":10},"end":{"line":103,"column":12}},"line":98},"9":{"name":"(anonymous_9)","decl":{"start":{"line":98,"column":14},"end":{"line":98,"column":15}},"loc":{"start":{"line":98,"column":25},"end":{"line":103,"column":11}},"line":98},"10":{"name":"(anonymous_10)","decl":{"start":{"line":104,"column":25},"end":{"line":104,"column":26}},"loc":{"start":{"line":105,"column":10},"end":{"line":116,"column":12}},"line":105},"11":{"name":"(anonymous_11)","decl":{"start":{"line":105,"column":14},"end":{"line":105,"column":15}},"loc":{"start":{"line":105,"column":25},"end":{"line":116,"column":11}},"line":105},"12":{"name":"(anonymous_12)","decl":{"start":{"line":118,"column":8},"end":{"line":118,"column":9}},"loc":{"start":{"line":118,"column":43},"end":{"line":161,"column":9}},"line":118},"13":{"name":"(anonymous_13)","decl":{"start":{"line":119,"column":14},"end":{"line":119,"column":15}},"loc":{"start":{"line":119,"column":25},"end":{"line":160,"column":11}},"line":119},"14":{"name":"(anonymous_14)","decl":{"start":{"line":163,"column":28},"end":{"line":163,"column":29}},"loc":{"start":{"line":164,"column":10},"end":{"line":169,"column":12}},"line":164},"15":{"name":"(anonymous_15)","decl":{"start":{"line":164,"column":14},"end":{"line":164,"column":15}},"loc":{"start":{"line":164,"column":25},"end":{"line":169,"column":11}},"line":164},"16":{"name":"(anonymous_16)","decl":{"start":{"line":170,"column":21},"end":{"line":170,"column":22}},"loc":{"start":{"line":170,"column":27},"end":{"line":182,"column":9}},"line":170},"17":{"name":"(anonymous_17)","decl":{"start":{"line":171,"column":14},"end":{"line":171,"column":15}},"loc":{"start":{"line":171,"column":25},"end":{"line":181,"column":11}},"line":171},"18":{"name":"(anonymous_18)","decl":{"start":{"line":183,"column":21},"end":{"line":183,"column":22}},"loc":{"start":{"line":183,"column":27},"end":{"line":191,"column":9}},"line":183},"19":{"name":"(anonymous_19)","decl":{"start":{"line":184,"column":14},"end":{"line":184,"column":15}},"loc":{"start":{"line":184,"column":25},"end":{"line":190,"column":11}},"line":184},"20":{"name":"(anonymous_20)","decl":{"start":{"line":197,"column":8},"end":{"line":197,"column":9}},"loc":{"start":{"line":197,"column":54},"end":{"line":217,"column":9}},"line":197},"21":{"name":"(anonymous_21)","decl":{"start":{"line":218,"column":8},"end":{"line":218,"column":9}},"loc":{"start":{"line":218,"column":55},"end":{"line":241,"column":9}},"line":218},"22":{"name":"(anonymous_22)","decl":{"start":{"line":242,"column":8},"end":{"line":242,"column":9}},"loc":{"start":{"line":242,"column":39},"end":{"line":244,"column":9}},"line":242},"23":{"name":"(anonymous_23)","decl":{"start":{"line":243,"column":38},"end":{"line":243,"column":39}},"loc":{"start":{"line":243,"column":50},"end":{"line":243,"column":66}},"line":243},"24":{"name":"(anonymous_24)","decl":{"start":{"line":245,"column":8},"end":{"line":245,"column":9}},"loc":{"start":{"line":245,"column":49},"end":{"line":257,"column":9}},"line":245},"25":{"name":"(anonymous_25)","decl":{"start":{"line":258,"column":8},"end":{"line":258,"column":9}},"loc":{"start":{"line":258,"column":33},"end":{"line":274,"column":9}},"line":258},"26":{"name":"(anonymous_26)","decl":{"start":{"line":275,"column":21},"end":{"line":275,"column":22}},"loc":{"start":{"line":275,"column":61},"end":{"line":298,"column":9}},"line":275}},"branchMap":{"0":{"loc":{"start":{"line":74,"column":10},"end":{"line":76,"column":11}},"type":"if","locations":[{"start":{"line":74,"column":10},"end":{"line":76,"column":11}},{"start":{},"end":{}}],"line":74},"1":{"loc":{"start":{"line":173,"column":12},"end":{"line":173,"column":76}},"type":"if","locations":[{"start":{"line":173,"column":12},"end":{"line":173,"column":76}},{"start":{},"end":{}}],"line":173},"2":{"loc":{"start":{"line":174,"column":12},"end":{"line":177,"column":13}},"type":"if","locations":[{"start":{"line":174,"column":12},"end":{"line":177,"column":13}},{"start":{},"end":{}}],"line":174},"3":{"loc":{"start":{"line":174,"column":16},"end":{"line":174,"column":78}},"type":"binary-expr","locations":[{"start":{"line":174,"column":16},"end":{"line":174,"column":45}},{"start":{"line":174,"column":49},"end":{"line":174,"column":78}}],"line":174},"4":{"loc":{"start":{"line":186,"column":12},"end":{"line":186,"column":88}},"type":"if","locations":[{"start":{"line":186,"column":12},"end":{"line":186,"column":88}},{"start":{},"end":{}}],"line":186},"5":{"loc":{"start":{"line":203,"column":10},"end":{"line":204,"column":82}},"type":"if","locations":[{"start":{"line":203,"column":10},"end":{"line":204,"column":82}},{"start":{},"end":{}}],"line":203},"6":{"loc":{"start":{"line":207,"column":10},"end":{"line":216,"column":11}},"type":"if","locations":[{"start":{"line":207,"column":10},"end":{"line":216,"column":11}},{"start":{},"end":{}}],"line":207},"7":{"loc":{"start":{"line":209,"column":12},"end":{"line":212,"column":16}},"type":"if","locations":[{"start":{"line":209,"column":12},"end":{"line":212,"column":16}},{"start":{},"end":{}}],"line":209},"8":{"loc":{"start":{"line":223,"column":12},"end":{"line":226,"column":16}},"type":"if","locations":[{"start":{"line":223,"column":12},"end":{"line":226,"column":16}},{"start":{},"end":{}}],"line":223},"9":{"loc":{"start":{"line":231,"column":12},"end":{"line":231,"column":65}},"type":"if","locations":[{"start":{"line":231,"column":12},"end":{"line":231,"column":65}},{"start":{},"end":{}}],"line":231},"10":{"loc":{"start":{"line":234,"column":10},"end":{"line":237,"column":14}},"type":"if","locations":[{"start":{"line":234,"column":10},"end":{"line":237,"column":14}},{"start":{},"end":{}}],"line":234},"11":{"loc":{"start":{"line":251,"column":12},"end":{"line":255,"column":43}},"type":"if","locations":[{"start":{"line":251,"column":12},"end":{"line":255,"column":43}},{"start":{"line":255,"column":17},"end":{"line":255,"column":43}}],"line":251},"12":{"loc":{"start":{"line":261,"column":12},"end":{"line":263,"column":43}},"type":"cond-expr","locations":[{"start":{"line":262,"column":16},"end":{"line":262,"column":40}},{"start":{"line":263,"column":16},"end":{"line":263,"column":43}}],"line":261},"13":{"loc":{"start":{"line":264,"column":10},"end":{"line":264,"column":83}},"type":"if","locations":[{"start":{"line":264,"column":10},"end":{"line":264,"column":83}},{"start":{},"end":{}}],"line":264},"14":{"loc":{"start":{"line":264,"column":14},"end":{"line":264,"column":38}},"type":"binary-expr","locations":[{"start":{"line":264,"column":14},"end":{"line":264,"column":19}},{"start":{"line":264,"column":23},"end":{"line":264,"column":38}}],"line":264},"15":{"loc":{"start":{"line":266,"column":10},"end":{"line":269,"column":14}},"type":"if","locations":[{"start":{"line":266,"column":10},"end":{"line":269,"column":14}},{"start":{},"end":{}}],"line":266},"16":{"loc":{"start":{"line":270,"column":10},"end":{"line":273,"column":14}},"type":"if","locations":[{"start":{"line":270,"column":10},"end":{"line":273,"column":14}},{"start":{},"end":{}}],"line":270},"17":{"loc":{"start":{"line":286,"column":38},"end":{"line":286,"column":81}},"type":"cond-expr","locations":[{"start":{"line":286,"column":62},"end":{"line":286,"column":68}},{"start":{"line":286,"column":71},"end":{"line":286,"column":81}}],"line":286}},"s":{"0":5,"1":5,"2":8,"3":8,"4":10,"5":10,"6":6,"7":6,"8":6,"9":0,"10":17,"11":17,"12":3,"13":3,"14":3,"15":3,"16":0,"17":0,"18":0,"19":0,"20":0,"21":10,"22":10,"23":2,"24":2,"25":2,"26":2,"27":1,"28":1,"29":1,"30":1,"31":1,"32":1,"33":1,"34":1,"35":0,"36":0,"37":0,"38":0,"39":0,"40":1,"41":1,"42":1,"43":0,"44":1,"45":0,"46":0,"47":1,"48":1,"49":1,"50":1,"51":1,"52":1,"53":0,"54":1,"55":1,"56":1,"57":17,"58":17,"59":12,"60":1,"61":11,"62":11,"63":11,"64":2,"65":9,"66":10,"67":10,"68":12,"69":1,"70":9,"71":9,"72":9,"73":9,"74":9,"75":9,"76":1,"77":8,"78":20,"79":25,"80":17,"81":17,"82":20,"83":10,"84":2,"85":8,"86":37,"87":37,"88":37,"89":3,"90":34,"91":6,"92":28,"93":6,"94":5,"95":6,"96":6,"97":5},"f":{"0":5,"1":8,"2":8,"3":10,"4":10,"5":6,"6":17,"7":17,"8":0,"9":0,"10":10,"11":10,"12":1,"13":1,"14":0,"15":0,"16":1,"17":1,"18":1,"19":1,"20":17,"21":10,"22":20,"23":25,"24":17,"25":37,"26":5},"b":{"0":[0,6],"1":[0,1],"2":[0,1],"3":[1,1],"4":[0,1],"5":[1,11],"6":[11,0],"7":[2,9],"8":[1,11],"9":[9,0],"10":[1,8],"11":[2,8],"12":[33,4],"13":[3,34],"14":[37,34],"15":[6,28],"16":[6,22],"17":[3,3]},"_coverageSchema":"1a1c01bbd47fc00a2c39e90264f33305004495a9","hash":"111c2f4b18a099515a1bda5d1a583bd799637286"}
,"/Users/johnc/Documents/Coding/CodeSmith/project/dbSpy-5.0/src/store/settingsStore.ts": {"path":"/Users/johnc/Documents/Coding/CodeSmith/project/dbSpy-5.0/src/store/settingsStore.ts","statementMap":{"0":{"start":{"line":8,"column":20},"end":{"line":53,"column":2}},"1":{"start":{"line":10,"column":6},"end":{"line":53,"column":1}},"2":{"start":{"line":13,"column":4},"end":{"line":13,"column":81}},"3":{"start":{"line":13,"column":40},"end":{"line":13,"column":79}},"4":{"start":{"line":18,"column":30},"end":{"line":18,"column":81}},"5":{"start":{"line":18,"column":51},"end":{"line":18,"column":79}},"6":{"start":{"line":25,"column":4},"end":{"line":30,"column":7}},"7":{"start":{"line":25,"column":25},"end":{"line":30,"column":5}},"8":{"start":{"line":34,"column":4},"end":{"line":38,"column":8}},"9":{"start":{"line":34,"column":20},"end":{"line":38,"column":5}},"10":{"start":{"line":43,"column":4},"end":{"line":46,"column":7}},"11":{"start":{"line":43,"column":20},"end":{"line":46,"column":5}},"12":{"start":{"line":51,"column":4},"end":{"line":51,"column":78}},"13":{"start":{"line":51,"column":37},"end":{"line":51,"column":76}},"14":{"start":{"line":56,"column":25},"end":{"line":56,"column":56}}},"fnMap":{"0":{"name":"(anonymous_0)","decl":{"start":{"line":8,"column":20},"end":{"line":8,"column":21}},"loc":{"start":{"line":10,"column":6},"end":{"line":53,"column":1}},"line":10},"1":{"name":"(anonymous_1)","decl":{"start":{"line":12,"column":15},"end":{"line":12,"column":16}},"loc":{"start":{"line":13,"column":4},"end":{"line":13,"column":81}},"line":13},"2":{"name":"(anonymous_2)","decl":{"start":{"line":13,"column":8},"end":{"line":13,"column":9}},"loc":{"start":{"line":13,"column":40},"end":{"line":13,"column":79}},"line":13},"3":{"name":"(anonymous_3)","decl":{"start":{"line":18,"column":14},"end":{"line":18,"column":15}},"loc":{"start":{"line":18,"column":30},"end":{"line":18,"column":81}},"line":18},"4":{"name":"(anonymous_4)","decl":{"start":{"line":18,"column":34},"end":{"line":18,"column":35}},"loc":{"start":{"line":18,"column":51},"end":{"line":18,"column":79}},"line":18},"5":{"name":"(anonymous_5)","decl":{"start":{"line":24,"column":18},"end":{"line":24,"column":19}},"loc":{"start":{"line":25,"column":4},"end":{"line":30,"column":7}},"line":25},"6":{"name":"(anonymous_6)","decl":{"start":{"line":25,"column":8},"end":{"line":25,"column":9}},"loc":{"start":{"line":25,"column":25},"end":{"line":30,"column":5}},"line":25},"7":{"name":"(anonymous_7)","decl":{"start":{"line":33,"column":22},"end":{"line":33,"column":23}},"loc":{"start":{"line":33,"column":89},"end":{"line":39,"column":3}},"line":33},"8":{"name":"(anonymous_8)","decl":{"start":{"line":34,"column":8},"end":{"line":34,"column":9}},"loc":{"start":{"line":34,"column":20},"end":{"line":38,"column":5}},"line":34},"9":{"name":"(anonymous_9)","decl":{"start":{"line":42,"column":28},"end":{"line":42,"column":29}},"loc":{"start":{"line":42,"column":49},"end":{"line":47,"column":3}},"line":42},"10":{"name":"(anonymous_10)","decl":{"start":{"line":43,"column":8},"end":{"line":43,"column":9}},"loc":{"start":{"line":43,"column":20},"end":{"line":46,"column":5}},"line":43},"11":{"name":"(anonymous_11)","decl":{"start":{"line":50,"column":16},"end":{"line":50,"column":17}},"loc":{"start":{"line":51,"column":4},"end":{"line":51,"column":78}},"line":51},"12":{"name":"(anonymous_12)","decl":{"start":{"line":51,"column":8},"end":{"line":51,"column":9}},"loc":{"start":{"line":51,"column":37},"end":{"line":51,"column":76}},"line":51}},"branchMap":{"0":{"loc":{"start":{"line":24,"column":43},"end":{"line":24,"column":61}},"type":"default-arg","locations":[{"start":{"line":24,"column":59},"end":{"line":24,"column":61}}],"line":24},"1":{"loc":{"start":{"line":24,"column":63},"end":{"line":24,"column":79}},"type":"default-arg","locations":[{"start":{"line":24,"column":77},"end":{"line":24,"column":79}}],"line":24},"2":{"loc":{"start":{"line":33,"column":40},"end":{"line":33,"column":57}},"type":"default-arg","locations":[{"start":{"line":33,"column":55},"end":{"line":33,"column":57}}],"line":33},"3":{"loc":{"start":{"line":33,"column":59},"end":{"line":33,"column":84}},"type":"default-arg","locations":[{"start":{"line":33,"column":82},"end":{"line":33,"column":84}}],"line":33}},"s":{"0":4,"1":4,"2":0,"3":0,"4":0,"5":0,"6":0,"7":0,"8":0,"9":0,"10":0,"11":0,"12":0,"13":0,"14":4},"f":{"0":4,"1":0,"2":0,"3":0,"4":0,"5":0,"6":0,"7":0,"8":0,"9":0,"10":0,"11":0,"12":0},"b":{"0":[0],"1":[0],"2":[0],"3":[0]},"_coverageSchema":"1a1c01bbd47fc00a2c39e90264f33305004495a9","hash":"4768d8722e809edb310945b58f14e354cccd324b"}
,"/Users/johnc/Documents/Coding/CodeSmith/project/dbSpy-5.0/tests/server/utils/mysqlSchema.js": {"path":"/Users/johnc/Documents/Coding/CodeSmith/project/dbSpy-5.0/tests/server/utils/mysqlSchema.js","statementMap":{},"fnMap":{},"branchMap":{},"s":{},"f":{},"b":{},"_coverageSchema":"1a1c01bbd47fc00a2c39e90264f33305004495a9","hash":"ba4c3ee75830eb538b1f432fbacef946e1784051"}
,"/Users/johnc/Documents/Coding/CodeSmith/project/dbSpy-5.0/tests/server/utils/swapiSchema.js": {"path":"/Users/johnc/Documents/Coding/CodeSmith/project/dbSpy-5.0/tests/server/utils/swapiSchema.js","statementMap":{"0":{"start":{"line":1,"column":27},"end":{"line":920,"column":1}},"1":{"start":{"line":922,"column":27},"end":{"line":922,"column":54}}},"fnMap":{},"branchMap":{},"s":{"0":1,"1":1},"f":{},"b":{},"_coverageSchema":"1a1c01bbd47fc00a2c39e90264f33305004495a9","hash":"05b07cf06a5d37542728e0be2765360ee04b9628"}
}
