{"/home/geist/OSP/beta/dbSpy/server/controllers/auth.controller.ts": {"path":"/home/geist/OSP/beta/dbSpy/server/controllers/auth.controller.ts","statementMap":{"0":{"start":{"line":12,"column":19},"end":{"line":12,"column":121}},"1":{"start":{"line":14,"column":48},"end":{"line":75,"column":1}},"2":{"start":{"line":16,"column":17},"end":{"line":16,"column":41}},"3":{"start":{"line":18,"column":4},"end":{"line":74,"column":5}},"4":{"start":{"line":20,"column":43},"end":{"line":20,"column":77}},"5":{"start":{"line":24,"column":28},"end":{"line":24,"column":62}},"6":{"start":{"line":25,"column":8},"end":{"line":25,"column":49}},"7":{"start":{"line":27,"column":8},"end":{"line":33,"column":9}},"8":{"start":{"line":28,"column":12},"end":{"line":31,"column":14}},"9":{"start":{"line":30,"column":16},"end":{"line":30,"column":99}},"10":{"start":{"line":36,"column":8},"end":{"line":36,"column":51}},"11":{"start":{"line":37,"column":31},"end":{"line":37,"column":64}},"12":{"start":{"line":38,"column":8},"end":{"line":38,"column":47}},"13":{"start":{"line":40,"column":8},"end":{"line":47,"column":9}},"14":{"start":{"line":41,"column":12},"end":{"line":46,"column":14}},"15":{"start":{"line":49,"column":24},"end":{"line":49,"column":57}},"16":{"start":{"line":51,"column":21},"end":{"line":51,"column":47}},"17":{"start":{"line":55,"column":20},"end":{"line":55,"column":57}},"18":{"start":{"line":57,"column":28},"end":{"line":57,"column":115}},"19":{"start":{"line":63,"column":8},"end":{"line":63,"column":39}},"20":{"start":{"line":65,"column":8},"end":{"line":65,"column":52}},"21":{"start":{"line":67,"column":25},"end":{"line":67,"column":31}},"22":{"start":{"line":68,"column":8},"end":{"line":68,"column":31}},"23":{"start":{"line":69,"column":8},"end":{"line":69,"column":63}},"24":{"start":{"line":72,"column":8},"end":{"line":72,"column":53}},"25":{"start":{"line":73,"column":8},"end":{"line":73,"column":55}}},"fnMap":{"0":{"name":"(anonymous_0)","decl":{"start":{"line":14,"column":48},"end":{"line":14,"column":49}},"loc":{"start":{"line":14,"column":68},"end":{"line":75,"column":1}},"line":14},"1":{"name":"(anonymous_1)","decl":{"start":{"line":28,"column":32},"end":{"line":28,"column":33}},"loc":{"start":{"line":28,"column":41},"end":{"line":31,"column":13}},"line":28}},"branchMap":{"0":{"loc":{"start":{"line":12,"column":19},"end":{"line":12,"column":121}},"type":"cond-expr","locations":[{"start":{"line":12,"column":60},"end":{"line":12,"column":91}},{"start":{"line":12,"column":94},"end":{"line":12,"column":121}}],"line":12},"1":{"loc":{"start":{"line":27,"column":8},"end":{"line":33,"column":9}},"type":"if","locations":[{"start":{"line":27,"column":8},"end":{"line":33,"column":9}},{"start":{},"end":{}}],"line":27},"2":{"loc":{"start":{"line":40,"column":8},"end":{"line":47,"column":9}},"type":"if","locations":[{"start":{"line":40,"column":8},"end":{"line":47,"column":9}},{"start":{},"end":{}}],"line":40},"3":{"loc":{"start":{"line":51,"column":21},"end":{"line":51,"column":47}},"type":"binary-expr","locations":[{"start":{"line":51,"column":21},"end":{"line":51,"column":36}},{"start":{"line":51,"column":40},"end":{"line":51,"column":47}}],"line":51}},"s":{"0":1,"1":1,"2":0,"3":0,"4":0,"5":0,"6":0,"7":0,"8":0,"9":0,"10":0,"11":0,"12":0,"13":0,"14":0,"15":0,"16":0,"17":0,"18":0,"19":0,"20":0,"21":0,"22":0,"23":0,"24":0,"25":0},"f":{"0":0,"1":0},"b":{"0":[0,1],"1":[0,0],"2":[0,0],"3":[0,0]},"_coverageSchema":"1a1c01bbd47fc00a2c39e90264f33305004495a9","hash":"6e0ee256c425e68ad59fe99f94ff98ec2eb693e5"}
,"/home/geist/OSP/beta/dbSpy/server/controllers/mysqlData.controller.js": {"path":"/home/geist/OSP/beta/dbSpy/server/controllers/mysqlData.controller.js","statementMap":{"0":{"start":{"line":4,"column":13},"end":{"line":4,"column":53}},"1":{"start":{"line":7,"column":18},"end":{"line":7,"column":38}},"2":{"start":{"line":9,"column":0},"end":{"line":9,"column":16}},"3":{"start":{"line":11,"column":28},"end":{"line":11,"column":30}},"4":{"start":{"line":22,"column":25},"end":{"line":43,"column":1}},"5":{"start":{"line":25,"column":2},"end":{"line":42,"column":3}},"6":{"start":{"line":26,"column":19},"end":{"line":35,"column":6}},"7":{"start":{"line":36,"column":4},"end":{"line":36,"column":29}},"8":{"start":{"line":37,"column":23},"end":{"line":37,"column":29}},"9":{"start":{"line":38,"column":4},"end":{"line":38,"column":11}},"10":{"start":{"line":40,"column":4},"end":{"line":40,"column":31}},"11":{"start":{"line":41,"column":4},"end":{"line":41,"column":57}},"12":{"start":{"line":50,"column":25},"end":{"line":170,"column":1}},"13":{"start":{"line":51,"column":13},"end":{"line":51,"column":28}},"14":{"start":{"line":52,"column":21},"end":{"line":52,"column":23}},"15":{"start":{"line":53,"column":18},"end":{"line":53,"column":20}},"16":{"start":{"line":60,"column":4},"end":{"line":60,"column":21}},"17":{"start":{"line":61,"column":4},"end":{"line":61,"column":22}},"18":{"start":{"line":62,"column":4},"end":{"line":62,"column":31}},"19":{"start":{"line":63,"column":4},"end":{"line":63,"column":26}},"20":{"start":{"line":64,"column":4},"end":{"line":64,"column":25}},"21":{"start":{"line":65,"column":4},"end":{"line":65,"column":30}},"22":{"start":{"line":66,"column":4},"end":{"line":66,"column":30}},"23":{"start":{"line":67,"column":4},"end":{"line":67,"column":39}},"24":{"start":{"line":68,"column":4},"end":{"line":68,"column":27}},"25":{"start":{"line":73,"column":4},"end":{"line":73,"column":31}},"26":{"start":{"line":74,"column":4},"end":{"line":74,"column":36}},"27":{"start":{"line":75,"column":4},"end":{"line":75,"column":39}},"28":{"start":{"line":76,"column":4},"end":{"line":76,"column":36}},"29":{"start":{"line":77,"column":4},"end":{"line":77,"column":31}},"30":{"start":{"line":78,"column":4},"end":{"line":78,"column":30}},"31":{"start":{"line":82,"column":2},"end":{"line":166,"column":5}},"32":{"start":{"line":84,"column":4},"end":{"line":165,"column":5}},"33":{"start":{"line":86,"column":18},"end":{"line":86,"column":72}},"34":{"start":{"line":87,"column":6},"end":{"line":87,"column":70}},"35":{"start":{"line":88,"column":6},"end":{"line":89,"column":27}},"36":{"start":{"line":88,"column":31},"end":{"line":88,"column":57}},"37":{"start":{"line":89,"column":11},"end":{"line":89,"column":27}},"38":{"start":{"line":90,"column":25},"end":{"line":90,"column":61}},"39":{"start":{"line":90,"column":44},"end":{"line":90,"column":60}},"40":{"start":{"line":93,"column":18},"end":{"line":93,"column":73}},"41":{"start":{"line":94,"column":6},"end":{"line":94,"column":70}},"42":{"start":{"line":95,"column":6},"end":{"line":96,"column":27}},"43":{"start":{"line":95,"column":31},"end":{"line":95,"column":57}},"44":{"start":{"line":96,"column":11},"end":{"line":96,"column":27}},"45":{"start":{"line":97,"column":26},"end":{"line":97,"column":62}},"46":{"start":{"line":97,"column":45},"end":{"line":97,"column":61}},"47":{"start":{"line":100,"column":35},"end":{"line":100,"column":37}},"48":{"start":{"line":102,"column":26},"end":{"line":131,"column":7}},"49":{"start":{"line":103,"column":8},"end":{"line":103,"column":34}},"50":{"start":{"line":103,"column":27},"end":{"line":103,"column":34}},"51":{"start":{"line":104,"column":25},"end":{"line":104,"column":29}},"52":{"start":{"line":106,"column":8},"end":{"line":110,"column":9}},"53":{"start":{"line":107,"column":10},"end":{"line":107,"column":62}},"54":{"start":{"line":108,"column":10},"end":{"line":108,"column":57}},"55":{"start":{"line":109,"column":10},"end":{"line":109,"column":60}},"56":{"start":{"line":112,"column":8},"end":{"line":112,"column":61}},"57":{"start":{"line":113,"column":8},"end":{"line":113,"column":55}},"58":{"start":{"line":114,"column":21},"end":{"line":114,"column":61}},"59":{"start":{"line":116,"column":8},"end":{"line":116,"column":60}},"60":{"start":{"line":117,"column":8},"end":{"line":117,"column":55}},"61":{"start":{"line":118,"column":29},"end":{"line":118,"column":65}},"62":{"start":{"line":120,"column":27},"end":{"line":120,"column":89}},"63":{"start":{"line":122,"column":8},"end":{"line":122,"column":59}},"64":{"start":{"line":123,"column":8},"end":{"line":123,"column":65}},"65":{"start":{"line":124,"column":8},"end":{"line":124,"column":68}},"66":{"start":{"line":125,"column":8},"end":{"line":125,"column":63}},"67":{"start":{"line":126,"column":8},"end":{"line":126,"column":70}},"68":{"start":{"line":127,"column":8},"end":{"line":127,"column":62}},"69":{"start":{"line":130,"column":8},"end":{"line":130,"column":35}},"70":{"start":{"line":133,"column":6},"end":{"line":133,"column":32}},"71":{"start":{"line":136,"column":6},"end":{"line":136,"column":55}},"72":{"start":{"line":139,"column":6},"end":{"line":164,"column":9}},"73":{"start":{"line":140,"column":24},"end":{"line":140,"column":51}},"74":{"start":{"line":142,"column":8},"end":{"line":142,"column":39}},"75":{"start":{"line":144,"column":8},"end":{"line":144,"column":42}},"76":{"start":{"line":146,"column":8},"end":{"line":146,"column":61}},"77":{"start":{"line":148,"column":8},"end":{"line":153,"column":54}},"78":{"start":{"line":149,"column":10},"end":{"line":149,"column":57}},"79":{"start":{"line":150,"column":13},"end":{"line":153,"column":54}},"80":{"start":{"line":151,"column":10},"end":{"line":151,"column":52}},"81":{"start":{"line":152,"column":13},"end":{"line":153,"column":54}},"82":{"start":{"line":153,"column":10},"end":{"line":153,"column":54}},"83":{"start":{"line":155,"column":8},"end":{"line":155,"column":76}},"84":{"start":{"line":155,"column":48},"end":{"line":155,"column":76}},"85":{"start":{"line":157,"column":8},"end":{"line":160,"column":9}},"86":{"start":{"line":158,"column":10},"end":{"line":158,"column":38}},"87":{"start":{"line":159,"column":10},"end":{"line":159,"column":68}},"88":{"start":{"line":163,"column":8},"end":{"line":163,"column":52}},"89":{"start":{"line":168,"column":2},"end":{"line":168,"column":28}},"90":{"start":{"line":169,"column":2},"end":{"line":169,"column":16}}},"fnMap":{"0":{"name":"(anonymous_0)","decl":{"start":{"line":22,"column":25},"end":{"line":22,"column":26}},"loc":{"start":{"line":22,"column":51},"end":{"line":43,"column":1}},"line":22},"1":{"name":"(anonymous_1)","decl":{"start":{"line":50,"column":25},"end":{"line":50,"column":26}},"loc":{"start":{"line":50,"column":45},"end":{"line":170,"column":1}},"line":50},"2":{"name":"TableModel","decl":{"start":{"line":56,"column":11},"end":{"line":56,"column":21}},"loc":{"start":{"line":56,"column":28},"end":{"line":56,"column":30}},"line":56},"3":{"name":"PropertyModel","decl":{"start":{"line":59,"column":11},"end":{"line":59,"column":24}},"loc":{"start":{"line":59,"column":31},"end":{"line":69,"column":3}},"line":59},"4":{"name":"ForeignKeyModel","decl":{"start":{"line":72,"column":11},"end":{"line":72,"column":26}},"loc":{"start":{"line":72,"column":29},"end":{"line":79,"column":3}},"line":72},"5":{"name":"(anonymous_5)","decl":{"start":{"line":82,"column":17},"end":{"line":82,"column":18}},"loc":{"start":{"line":82,"column":28},"end":{"line":166,"column":3}},"line":82},"6":{"name":"(anonymous_6)","decl":{"start":{"line":90,"column":35},"end":{"line":90,"column":36}},"loc":{"start":{"line":90,"column":44},"end":{"line":90,"column":60}},"line":90},"7":{"name":"(anonymous_7)","decl":{"start":{"line":97,"column":36},"end":{"line":97,"column":37}},"loc":{"start":{"line":97,"column":45},"end":{"line":97,"column":61}},"line":97},"8":{"name":"(anonymous_8)","decl":{"start":{"line":102,"column":26},"end":{"line":102,"column":27}},"loc":{"start":{"line":102,"column":43},"end":{"line":131,"column":7}},"line":102},"9":{"name":"(anonymous_9)","decl":{"start":{"line":139,"column":35},"end":{"line":139,"column":36}},"loc":{"start":{"line":139,"column":49},"end":{"line":164,"column":7}},"line":139}},"branchMap":{"0":{"loc":{"start":{"line":84,"column":4},"end":{"line":165,"column":5}},"type":"if","locations":[{"start":{"line":84,"column":4},"end":{"line":165,"column":5}},{"start":{},"end":{}}],"line":84},"1":{"loc":{"start":{"line":88,"column":6},"end":{"line":89,"column":27}},"type":"if","locations":[{"start":{"line":88,"column":6},"end":{"line":89,"column":27}},{"start":{"line":89,"column":11},"end":{"line":89,"column":27}}],"line":88},"2":{"loc":{"start":{"line":95,"column":6},"end":{"line":96,"column":27}},"type":"if","locations":[{"start":{"line":95,"column":6},"end":{"line":96,"column":27}},{"start":{"line":96,"column":11},"end":{"line":96,"column":27}}],"line":95},"3":{"loc":{"start":{"line":102,"column":27},"end":{"line":102,"column":38}},"type":"default-arg","locations":[{"start":{"line":102,"column":36},"end":{"line":102,"column":38}}],"line":102},"4":{"loc":{"start":{"line":103,"column":8},"end":{"line":103,"column":34}},"type":"if","locations":[{"start":{"line":103,"column":8},"end":{"line":103,"column":34}},{"start":{},"end":{}}],"line":103},"5":{"loc":{"start":{"line":106,"column":8},"end":{"line":110,"column":9}},"type":"if","locations":[{"start":{"line":106,"column":8},"end":{"line":110,"column":9}},{"start":{},"end":{}}],"line":106},"6":{"loc":{"start":{"line":148,"column":8},"end":{"line":153,"column":54}},"type":"if","locations":[{"start":{"line":148,"column":8},"end":{"line":153,"column":54}},{"start":{"line":150,"column":13},"end":{"line":153,"column":54}}],"line":148},"7":{"loc":{"start":{"line":150,"column":13},"end":{"line":153,"column":54}},"type":"if","locations":[{"start":{"line":150,"column":13},"end":{"line":153,"column":54}},{"start":{"line":152,"column":13},"end":{"line":153,"column":54}}],"line":150},"8":{"loc":{"start":{"line":152,"column":13},"end":{"line":153,"column":54}},"type":"if","locations":[{"start":{"line":152,"column":13},"end":{"line":153,"column":54}},{"start":{},"end":{}}],"line":152},"9":{"loc":{"start":{"line":155,"column":8},"end":{"line":155,"column":76}},"type":"if","locations":[{"start":{"line":155,"column":8},"end":{"line":155,"column":76}},{"start":{},"end":{}}],"line":155},"10":{"loc":{"start":{"line":157,"column":8},"end":{"line":160,"column":9}},"type":"if","locations":[{"start":{"line":157,"column":8},"end":{"line":160,"column":9}},{"start":{},"end":{}}],"line":157}},"s":{"0":1,"1":1,"2":1,"3":1,"4":1,"5":0,"6":0,"7":0,"8":0,"9":0,"10":0,"11":0,"12":1,"13":0,"14":0,"15":0,"16":0,"17":0,"18":0,"19":0,"20":0,"21":0,"22":0,"23":0,"24":0,"25":0,"26":0,"27":0,"28":0,"29":0,"30":0,"31":0,"32":0,"33":0,"34":0,"35":0,"36":0,"37":0,"38":0,"39":0,"40":0,"41":0,"42":0,"43":0,"44":0,"45":0,"46":0,"47":0,"48":0,"49":0,"50":0,"51":0,"52":0,"53":0,"54":0,"55":0,"56":0,"57":0,"58":0,"59":0,"60":0,"61":0,"62":0,"63":0,"64":0,"65":0,"66":0,"67":0,"68":0,"69":0,"70":0,"71":0,"72":0,"73":0,"74":0,"75":0,"76":0,"77":0,"78":0,"79":0,"80":0,"81":0,"82":0,"83":0,"84":0,"85":0,"86":0,"87":0,"88":0,"89":0,"90":0},"f":{"0":0,"1":0,"2":0,"3":0,"4":0,"5":0,"6":0,"7":0,"8":0,"9":0},"b":{"0":[0,0],"1":[0,0],"2":[0,0],"3":[0],"4":[0,0],"5":[0,0],"6":[0,0],"7":[0,0],"8":[0,0],"9":[0,0],"10":[0,0]},"_coverageSchema":"1a1c01bbd47fc00a2c39e90264f33305004495a9","hash":"46c33811f848c19e1c830e813d47d685ea2e2b78"}
,"/home/geist/OSP/beta/dbSpy/server/controllers/mysqlLog.controller.js": {"path":"/home/geist/OSP/beta/dbSpy/server/controllers/mysqlLog.controller.js","statementMap":{"0":{"start":{"line":4,"column":13},"end":{"line":4,"column":53}},"1":{"start":{"line":7,"column":27},"end":{"line":7,"column":29}},"2":{"start":{"line":10,"column":26},"end":{"line":34,"column":1}},"3":{"start":{"line":12,"column":2},"end":{"line":32,"column":4}},"4":{"start":{"line":33,"column":2},"end":{"line":33,"column":16}}},"fnMap":{"0":{"name":"(anonymous_0)","decl":{"start":{"line":10,"column":26},"end":{"line":10,"column":27}},"loc":{"start":{"line":10,"column":52},"end":{"line":34,"column":1}},"line":10}},"branchMap":{},"s":{"0":1,"1":1,"2":1,"3":0,"4":0},"f":{"0":0},"b":{},"_coverageSchema":"1a1c01bbd47fc00a2c39e90264f33305004495a9","hash":"3a5a9d7eadba4db850e3f3497ac2b4ad20c36643"}
,"/home/geist/OSP/beta/dbSpy/server/controllers/postgresData.controller.js": {"path":"/home/geist/OSP/beta/dbSpy/server/controllers/postgresData.controller.js","statementMap":{"0":{"start":{"line":1,"column":11},"end":{"line":1,"column":24}},"1":{"start":{"line":3,"column":13},"end":{"line":3,"column":28}},"2":{"start":{"line":4,"column":13},"end":{"line":4,"column":28}},"3":{"start":{"line":5,"column":13},"end":{"line":5,"column":58}},"4":{"start":{"line":6,"column":17},"end":{"line":6,"column":30}},"5":{"start":{"line":9,"column":21},"end":{"line":9,"column":23}},"6":{"start":{"line":10,"column":21},"end":{"line":10,"column":23}},"7":{"start":{"line":11,"column":26},"end":{"line":11,"column":28}},"8":{"start":{"line":12,"column":16},"end":{"line":12,"column":18}},"9":{"start":{"line":13,"column":21},"end":{"line":13,"column":22}},"10":{"start":{"line":15,"column":23},"end":{"line":15,"column":25}},"11":{"start":{"line":28,"column":18},"end":{"line":28,"column":20}},"12":{"start":{"line":29,"column":26},"end":{"line":29,"column":36}},"13":{"start":{"line":30,"column":26},"end":{"line":30,"column":68}},"14":{"start":{"line":31,"column":19},"end":{"line":34,"column":3}},"15":{"start":{"line":35,"column":2},"end":{"line":37,"column":4}},"16":{"start":{"line":38,"column":2},"end":{"line":38,"column":25}},"17":{"start":{"line":39,"column":2},"end":{"line":39,"column":17}},"18":{"start":{"line":47,"column":20},"end":{"line":55,"column":1}},"19":{"start":{"line":48,"column":2},"end":{"line":54,"column":3}},"20":{"start":{"line":49,"column":31},"end":{"line":49,"column":53}},"21":{"start":{"line":50,"column":4},"end":{"line":50,"column":18}},"22":{"start":{"line":52,"column":4},"end":{"line":52,"column":51}},"23":{"start":{"line":53,"column":4},"end":{"line":53,"column":17}},"24":{"start":{"line":64,"column":25},"end":{"line":87,"column":1}},"25":{"start":{"line":65,"column":2},"end":{"line":65,"column":44}},"26":{"start":{"line":67,"column":15},"end":{"line":67,"column":19}},"27":{"start":{"line":69,"column":64},"end":{"line":69,"column":72}},"28":{"start":{"line":71,"column":18},"end":{"line":71,"column":86}},"29":{"start":{"line":73,"column":2},"end":{"line":86,"column":5}},"30":{"start":{"line":74,"column":4},"end":{"line":85,"column":7}},"31":{"start":{"line":75,"column":6},"end":{"line":81,"column":7}},"32":{"start":{"line":76,"column":8},"end":{"line":76,"column":56}},"33":{"start":{"line":77,"column":8},"end":{"line":80,"column":11}},"34":{"start":{"line":82,"column":6},"end":{"line":82,"column":30}},"35":{"start":{"line":83,"column":6},"end":{"line":83,"column":31}},"36":{"start":{"line":84,"column":6},"end":{"line":84,"column":13}},"37":{"start":{"line":94,"column":25},"end":{"line":135,"column":1}},"38":{"start":{"line":95,"column":15},"end":{"line":95,"column":30}},"39":{"start":{"line":96,"column":18},"end":{"line":96,"column":20}},"40":{"start":{"line":98,"column":2},"end":{"line":106,"column":3}},"41":{"start":{"line":98,"column":15},"end":{"line":98,"column":16}},"42":{"start":{"line":100,"column":23},"end":{"line":100,"column":25}},"43":{"start":{"line":101,"column":4},"end":{"line":104,"column":5}},"44":{"start":{"line":101,"column":17},"end":{"line":101,"column":18}},"45":{"start":{"line":102,"column":18},"end":{"line":102,"column":50}},"46":{"start":{"line":103,"column":6},"end":{"line":103,"column":46}},"47":{"start":{"line":105,"column":4},"end":{"line":105,"column":39}},"48":{"start":{"line":111,"column":2},"end":{"line":128,"column":5}},"49":{"start":{"line":112,"column":4},"end":{"line":127,"column":7}},"50":{"start":{"line":113,"column":20},"end":{"line":113,"column":40}},"51":{"start":{"line":114,"column":6},"end":{"line":114,"column":26}},"52":{"start":{"line":115,"column":18},"end":{"line":115,"column":36}},"53":{"start":{"line":116,"column":6},"end":{"line":123,"column":11}},"54":{"start":{"line":117,"column":8},"end":{"line":123,"column":11}},"55":{"start":{"line":118,"column":10},"end":{"line":118,"column":39}},"56":{"start":{"line":119,"column":10},"end":{"line":122,"column":12}},"57":{"start":{"line":124,"column":6},"end":{"line":124,"column":89}},"58":{"start":{"line":124,"column":59},"end":{"line":124,"column":89}},"59":{"start":{"line":125,"column":6},"end":{"line":125,"column":78}},"60":{"start":{"line":125,"column":48},"end":{"line":125,"column":78}},"61":{"start":{"line":126,"column":6},"end":{"line":126,"column":79}},"62":{"start":{"line":126,"column":49},"end":{"line":126,"column":79}},"63":{"start":{"line":133,"column":2},"end":{"line":133,"column":30}},"64":{"start":{"line":134,"column":2},"end":{"line":134,"column":9}},"65":{"start":{"line":142,"column":2},"end":{"line":142,"column":19}},"66":{"start":{"line":143,"column":2},"end":{"line":143,"column":23}},"67":{"start":{"line":148,"column":2},"end":{"line":148,"column":19}},"68":{"start":{"line":149,"column":2},"end":{"line":149,"column":20}},"69":{"start":{"line":150,"column":2},"end":{"line":150,"column":24}},"70":{"start":{"line":151,"column":2},"end":{"line":151,"column":23}},"71":{"start":{"line":152,"column":2},"end":{"line":152,"column":28}},"72":{"start":{"line":153,"column":2},"end":{"line":153,"column":28}},"73":{"start":{"line":157,"column":2},"end":{"line":157,"column":29}},"74":{"start":{"line":158,"column":2},"end":{"line":158,"column":37}},"75":{"start":{"line":159,"column":2},"end":{"line":159,"column":34}},"76":{"start":{"line":160,"column":2},"end":{"line":160,"column":34}},"77":{"start":{"line":161,"column":2},"end":{"line":161,"column":29}},"78":{"start":{"line":165,"column":2},"end":{"line":165,"column":29}},"79":{"start":{"line":166,"column":2},"end":{"line":166,"column":34}},"80":{"start":{"line":170,"column":0},"end":{"line":170,"column":20}},"81":{"start":{"line":171,"column":0},"end":{"line":171,"column":20}},"82":{"start":{"line":172,"column":0},"end":{"line":172,"column":15}},"83":{"start":{"line":178,"column":19},"end":{"line":178,"column":38}},"84":{"start":{"line":179,"column":23},"end":{"line":179,"column":70}},"85":{"start":{"line":180,"column":2},"end":{"line":180,"column":23}},"86":{"start":{"line":181,"column":2},"end":{"line":181,"column":33}},"87":{"start":{"line":182,"column":2},"end":{"line":182,"column":39}},"88":{"start":{"line":183,"column":2},"end":{"line":183,"column":39}},"89":{"start":{"line":184,"column":2},"end":{"line":184,"column":18}},"90":{"start":{"line":189,"column":16},"end":{"line":189,"column":32}},"91":{"start":{"line":190,"column":2},"end":{"line":190,"column":20}},"92":{"start":{"line":192,"column":2},"end":{"line":192,"column":19}},"93":{"start":{"line":193,"column":2},"end":{"line":193,"column":15}},"94":{"start":{"line":204,"column":21},"end":{"line":204,"column":42}},"95":{"start":{"line":205,"column":2},"end":{"line":205,"column":55}},"96":{"start":{"line":206,"column":2},"end":{"line":206,"column":45}},"97":{"start":{"line":207,"column":2},"end":{"line":207,"column":61}},"98":{"start":{"line":208,"column":2},"end":{"line":208,"column":55}},"99":{"start":{"line":209,"column":2},"end":{"line":210,"column":82}},"100":{"start":{"line":211,"column":2},"end":{"line":211,"column":20}},"101":{"start":{"line":216,"column":21},"end":{"line":216,"column":42}},"102":{"start":{"line":217,"column":2},"end":{"line":217,"column":55}},"103":{"start":{"line":218,"column":2},"end":{"line":218,"column":45}},"104":{"start":{"line":219,"column":2},"end":{"line":219,"column":20}},"105":{"start":{"line":225,"column":26},"end":{"line":225,"column":85}},"106":{"start":{"line":228,"column":30},"end":{"line":228,"column":48}},"107":{"start":{"line":229,"column":33},"end":{"line":229,"column":73}},"108":{"start":{"line":232,"column":31},"end":{"line":232,"column":72}},"109":{"start":{"line":233,"column":19},"end":{"line":233,"column":61}},"110":{"start":{"line":236,"column":31},"end":{"line":236,"column":72}},"111":{"start":{"line":237,"column":2},"end":{"line":239,"column":3}},"112":{"start":{"line":238,"column":4},"end":{"line":238,"column":66}},"113":{"start":{"line":242,"column":32},"end":{"line":248,"column":3}},"114":{"start":{"line":251,"column":2},"end":{"line":251,"column":45}},"115":{"start":{"line":254,"column":37},"end":{"line":260,"column":3}},"116":{"start":{"line":263,"column":2},"end":{"line":263,"column":50}},"117":{"start":{"line":266,"column":24},"end":{"line":266,"column":87}},"118":{"start":{"line":269,"column":2},"end":{"line":271,"column":3}},"119":{"start":{"line":270,"column":4},"end":{"line":270,"column":38}},"120":{"start":{"line":274,"column":2},"end":{"line":274,"column":51}},"121":{"start":{"line":278,"column":2},"end":{"line":278,"column":33}},"122":{"start":{"line":280,"column":23},"end":{"line":282,"column":26}},"123":{"start":{"line":283,"column":30},"end":{"line":285,"column":6}},"124":{"start":{"line":287,"column":31},"end":{"line":290,"column":26}},"125":{"start":{"line":293,"column":2},"end":{"line":298,"column":5}},"126":{"start":{"line":294,"column":4},"end":{"line":297,"column":5}},"127":{"start":{"line":295,"column":6},"end":{"line":295,"column":35}},"128":{"start":{"line":296,"column":6},"end":{"line":296,"column":37}},"129":{"start":{"line":300,"column":26},"end":{"line":300,"column":30}},"130":{"start":{"line":302,"column":17},"end":{"line":302,"column":39}},"131":{"start":{"line":303,"column":2},"end":{"line":308,"column":3}},"132":{"start":{"line":303,"column":15},"end":{"line":303,"column":16}},"133":{"start":{"line":304,"column":4},"end":{"line":307,"column":5}},"134":{"start":{"line":305,"column":6},"end":{"line":305,"column":47}},"135":{"start":{"line":306,"column":6},"end":{"line":306,"column":12}},"136":{"start":{"line":310,"column":18},"end":{"line":310,"column":48}},"137":{"start":{"line":311,"column":2},"end":{"line":324,"column":3}},"138":{"start":{"line":311,"column":15},"end":{"line":311,"column":16}},"139":{"start":{"line":312,"column":23},"end":{"line":312,"column":65}},"140":{"start":{"line":313,"column":4},"end":{"line":323,"column":5}},"141":{"start":{"line":313,"column":17},"end":{"line":313,"column":18}},"142":{"start":{"line":314,"column":6},"end":{"line":322,"column":7}},"143":{"start":{"line":320,"column":8},"end":{"line":320,"column":83}},"144":{"start":{"line":321,"column":8},"end":{"line":321,"column":14}},"145":{"start":{"line":330,"column":35},"end":{"line":336,"column":3}},"146":{"start":{"line":338,"column":2},"end":{"line":338,"column":59}},"147":{"start":{"line":340,"column":2},"end":{"line":340,"column":50}},"148":{"start":{"line":346,"column":2},"end":{"line":356,"column":5}},"149":{"start":{"line":347,"column":4},"end":{"line":355,"column":7}},"150":{"start":{"line":348,"column":6},"end":{"line":354,"column":7}},"151":{"start":{"line":349,"column":8},"end":{"line":353,"column":11}},"152":{"start":{"line":350,"column":10},"end":{"line":352,"column":11}},"153":{"start":{"line":351,"column":12},"end":{"line":351,"column":46}},"154":{"start":{"line":362,"column":2},"end":{"line":387,"column":5}},"155":{"start":{"line":363,"column":4},"end":{"line":386,"column":7}},"156":{"start":{"line":364,"column":6},"end":{"line":371,"column":7}},"157":{"start":{"line":365,"column":8},"end":{"line":370,"column":11}},"158":{"start":{"line":366,"column":10},"end":{"line":369,"column":11}},"159":{"start":{"line":367,"column":12},"end":{"line":367,"column":46}},"160":{"start":{"line":368,"column":12},"end":{"line":368,"column":59}},"161":{"start":{"line":372,"column":6},"end":{"line":385,"column":7}},"162":{"start":{"line":373,"column":8},"end":{"line":384,"column":11}},"163":{"start":{"line":374,"column":10},"end":{"line":383,"column":11}},"164":{"start":{"line":375,"column":12},"end":{"line":382,"column":15}},"165":{"start":{"line":392,"column":2},"end":{"line":392,"column":37}},"166":{"start":{"line":393,"column":2},"end":{"line":393,"column":32}},"167":{"start":{"line":394,"column":2},"end":{"line":394,"column":34}},"168":{"start":{"line":395,"column":2},"end":{"line":395,"column":31}},"169":{"start":{"line":396,"column":2},"end":{"line":403,"column":3}},"170":{"start":{"line":397,"column":4},"end":{"line":397,"column":34}},"171":{"start":{"line":398,"column":4},"end":{"line":398,"column":34}},"172":{"start":{"line":400,"column":4},"end":{"line":402,"column":5}},"173":{"start":{"line":401,"column":6},"end":{"line":401,"column":50}},"174":{"start":{"line":404,"column":2},"end":{"line":406,"column":3}},"175":{"start":{"line":405,"column":4},"end":{"line":405,"column":46}},"176":{"start":{"line":407,"column":2},"end":{"line":409,"column":3}},"177":{"start":{"line":408,"column":4},"end":{"line":408,"column":46}},"178":{"start":{"line":410,"column":2},"end":{"line":412,"column":3}},"179":{"start":{"line":411,"column":4},"end":{"line":411,"column":46}},"180":{"start":{"line":413,"column":2},"end":{"line":413,"column":31}},"181":{"start":{"line":414,"column":2},"end":{"line":414,"column":14}},"182":{"start":{"line":419,"column":2},"end":{"line":421,"column":3}},"183":{"start":{"line":420,"column":4},"end":{"line":420,"column":36}},"184":{"start":{"line":422,"column":2},"end":{"line":422,"column":14}},"185":{"start":{"line":426,"column":26},"end":{"line":426,"column":57}},"186":{"start":{"line":427,"column":24},"end":{"line":427,"column":57}},"187":{"start":{"line":429,"column":2},"end":{"line":429,"column":31}},"188":{"start":{"line":431,"column":2},"end":{"line":435,"column":5}},"189":{"start":{"line":432,"column":4},"end":{"line":434,"column":5}},"190":{"start":{"line":433,"column":6},"end":{"line":433,"column":37}},"191":{"start":{"line":437,"column":2},"end":{"line":453,"column":3}},"192":{"start":{"line":438,"column":17},"end":{"line":441,"column":5}},"193":{"start":{"line":442,"column":4},"end":{"line":446,"column":6}},"194":{"start":{"line":447,"column":9},"end":{"line":453,"column":3}},"195":{"start":{"line":448,"column":17},"end":{"line":451,"column":5}},"196":{"start":{"line":452,"column":4},"end":{"line":452,"column":50}},"197":{"start":{"line":457,"column":21},"end":{"line":462,"column":11}},"198":{"start":{"line":465,"column":26},"end":{"line":465,"column":78}},"199":{"start":{"line":468,"column":2},"end":{"line":468,"column":39}},"200":{"start":{"line":471,"column":24},"end":{"line":471,"column":86}},"201":{"start":{"line":475,"column":2},"end":{"line":477,"column":3}},"202":{"start":{"line":476,"column":4},"end":{"line":476,"column":53}},"203":{"start":{"line":481,"column":25},"end":{"line":481,"column":75}},"204":{"start":{"line":483,"column":2},"end":{"line":488,"column":5}},"205":{"start":{"line":484,"column":4},"end":{"line":487,"column":5}},"206":{"start":{"line":485,"column":6},"end":{"line":485,"column":35}},"207":{"start":{"line":486,"column":6},"end":{"line":486,"column":36}},"208":{"start":{"line":493,"column":16},"end":{"line":493,"column":32}},"209":{"start":{"line":494,"column":18},"end":{"line":494,"column":22}},"210":{"start":{"line":495,"column":14},"end":{"line":495,"column":16}},"211":{"start":{"line":496,"column":2},"end":{"line":496,"column":21}},"212":{"start":{"line":497,"column":2},"end":{"line":497,"column":17}},"213":{"start":{"line":498,"column":2},"end":{"line":498,"column":22}},"214":{"start":{"line":499,"column":2},"end":{"line":499,"column":22}},"215":{"start":{"line":501,"column":26},"end":{"line":501,"column":30}},"216":{"start":{"line":504,"column":2},"end":{"line":674,"column":3}},"217":{"start":{"line":504,"column":15},"end":{"line":504,"column":16}},"218":{"start":{"line":505,"column":18},"end":{"line":505,"column":22}},"219":{"start":{"line":507,"column":16},"end":{"line":507,"column":31}},"220":{"start":{"line":509,"column":24},"end":{"line":509,"column":65}},"221":{"start":{"line":511,"column":4},"end":{"line":514,"column":5}},"222":{"start":{"line":512,"column":6},"end":{"line":512,"column":40}},"223":{"start":{"line":513,"column":6},"end":{"line":513,"column":31}},"224":{"start":{"line":517,"column":4},"end":{"line":673,"column":5}},"225":{"start":{"line":519,"column":17},"end":{"line":519,"column":41}},"226":{"start":{"line":522,"column":6},"end":{"line":522,"column":34}},"227":{"start":{"line":525,"column":6},"end":{"line":525,"column":44}},"228":{"start":{"line":528,"column":9},"end":{"line":673,"column":5}},"229":{"start":{"line":529,"column":28},"end":{"line":529,"column":52}},"230":{"start":{"line":530,"column":18},"end":{"line":530,"column":22}},"231":{"start":{"line":532,"column":6},"end":{"line":536,"column":7}},"232":{"start":{"line":532,"column":19},"end":{"line":532,"column":20}},"233":{"start":{"line":533,"column":8},"end":{"line":535,"column":9}},"234":{"start":{"line":534,"column":10},"end":{"line":534,"column":36}},"235":{"start":{"line":538,"column":6},"end":{"line":538,"column":88}},"236":{"start":{"line":538,"column":51},"end":{"line":538,"column":88}},"237":{"start":{"line":539,"column":6},"end":{"line":539,"column":13}},"238":{"start":{"line":543,"column":9},"end":{"line":673,"column":5}},"239":{"start":{"line":549,"column":17},"end":{"line":552,"column":7}},"240":{"start":{"line":554,"column":25},"end":{"line":554,"column":60}},"241":{"start":{"line":555,"column":6},"end":{"line":566,"column":7}},"242":{"start":{"line":557,"column":8},"end":{"line":565,"column":9}},"243":{"start":{"line":558,"column":10},"end":{"line":560,"column":32}},"244":{"start":{"line":561,"column":15},"end":{"line":565,"column":9}},"245":{"start":{"line":562,"column":10},"end":{"line":564,"column":32}},"246":{"start":{"line":569,"column":25},"end":{"line":569,"column":60}},"247":{"start":{"line":571,"column":6},"end":{"line":579,"column":7}},"248":{"start":{"line":572,"column":8},"end":{"line":578,"column":9}},"249":{"start":{"line":573,"column":10},"end":{"line":573,"column":42}},"250":{"start":{"line":574,"column":15},"end":{"line":578,"column":9}},"251":{"start":{"line":575,"column":10},"end":{"line":575,"column":49}},"252":{"start":{"line":576,"column":15},"end":{"line":578,"column":9}},"253":{"start":{"line":577,"column":10},"end":{"line":577,"column":49}},"254":{"start":{"line":582,"column":8},"end":{"line":586,"column":41}},"255":{"start":{"line":588,"column":6},"end":{"line":622,"column":7}},"256":{"start":{"line":590,"column":8},"end":{"line":606,"column":9}},"257":{"start":{"line":605,"column":10},"end":{"line":605,"column":19}},"258":{"start":{"line":609,"column":8},"end":{"line":609,"column":39}},"259":{"start":{"line":612,"column":28},"end":{"line":618,"column":9}},"260":{"start":{"line":621,"column":8},"end":{"line":621,"column":57}},"261":{"start":{"line":625,"column":6},"end":{"line":643,"column":7}},"262":{"start":{"line":631,"column":8},"end":{"line":642,"column":9}},"263":{"start":{"line":635,"column":10},"end":{"line":637,"column":11}},"264":{"start":{"line":636,"column":12},"end":{"line":636,"column":76}},"265":{"start":{"line":640,"column":15},"end":{"line":642,"column":9}},"266":{"start":{"line":641,"column":10},"end":{"line":641,"column":56}},"267":{"start":{"line":646,"column":6},"end":{"line":672,"column":7}},"268":{"start":{"line":652,"column":8},"end":{"line":671,"column":9}},"269":{"start":{"line":656,"column":28},"end":{"line":656,"column":32}},"270":{"start":{"line":657,"column":10},"end":{"line":667,"column":11}},"271":{"start":{"line":658,"column":34},"end":{"line":658,"column":53}},"272":{"start":{"line":659,"column":12},"end":{"line":666,"column":28}},"273":{"start":{"line":668,"column":10},"end":{"line":668,"column":81}},"274":{"start":{"line":670,"column":10},"end":{"line":670,"column":56}},"275":{"start":{"line":677,"column":2},"end":{"line":677,"column":22}},"276":{"start":{"line":680,"column":2},"end":{"line":680,"column":22}},"277":{"start":{"line":682,"column":2},"end":{"line":704,"column":3}},"278":{"start":{"line":683,"column":4},"end":{"line":703,"column":5}},"279":{"start":{"line":684,"column":6},"end":{"line":702,"column":7}},"280":{"start":{"line":685,"column":24},"end":{"line":685,"column":86}},"281":{"start":{"line":687,"column":20},"end":{"line":687,"column":47}},"282":{"start":{"line":688,"column":8},"end":{"line":701,"column":9}},"283":{"start":{"line":689,"column":21},"end":{"line":689,"column":57}},"284":{"start":{"line":690,"column":39},"end":{"line":690,"column":68}},"285":{"start":{"line":692,"column":10},"end":{"line":692,"column":63}},"286":{"start":{"line":693,"column":10},"end":{"line":693,"column":54}},"287":{"start":{"line":694,"column":10},"end":{"line":694,"column":85}},"288":{"start":{"line":696,"column":21},"end":{"line":696,"column":50}},"289":{"start":{"line":697,"column":39},"end":{"line":697,"column":43}},"290":{"start":{"line":698,"column":10},"end":{"line":698,"column":63}},"291":{"start":{"line":699,"column":10},"end":{"line":699,"column":54}},"292":{"start":{"line":700,"column":10},"end":{"line":700,"column":85}},"293":{"start":{"line":706,"column":2},"end":{"line":706,"column":19}},"294":{"start":{"line":713,"column":2},"end":{"line":716,"column":5}},"295":{"start":{"line":715,"column":4},"end":{"line":715,"column":43}},"296":{"start":{"line":718,"column":2},"end":{"line":718,"column":19}},"297":{"start":{"line":724,"column":2},"end":{"line":732,"column":3}},"298":{"start":{"line":725,"column":4},"end":{"line":725,"column":21}},"299":{"start":{"line":726,"column":9},"end":{"line":732,"column":3}},"300":{"start":{"line":727,"column":4},"end":{"line":727,"column":16}},"301":{"start":{"line":728,"column":9},"end":{"line":732,"column":3}},"302":{"start":{"line":729,"column":4},"end":{"line":729,"column":16}},"303":{"start":{"line":731,"column":4},"end":{"line":731,"column":14}},"304":{"start":{"line":735,"column":29},"end":{"line":737,"column":1}},"305":{"start":{"line":736,"column":2},"end":{"line":736,"column":20}},"306":{"start":{"line":739,"column":26},"end":{"line":755,"column":1}},"307":{"start":{"line":740,"column":2},"end":{"line":754,"column":4}},"308":{"start":{"line":744,"column":6},"end":{"line":750,"column":7}},"309":{"start":{"line":745,"column":8},"end":{"line":745,"column":56}},"310":{"start":{"line":746,"column":8},"end":{"line":749,"column":11}},"311":{"start":{"line":751,"column":19},"end":{"line":751,"column":33}},"312":{"start":{"line":752,"column":6},"end":{"line":752,"column":13}},"313":{"start":{"line":757,"column":26},"end":{"line":759,"column":1}},"314":{"start":{"line":761,"column":29},"end":{"line":839,"column":1}},"315":{"start":{"line":773,"column":27},"end":{"line":773,"column":35}},"316":{"start":{"line":774,"column":17},"end":{"line":774,"column":20}},"317":{"start":{"line":779,"column":15},"end":{"line":781,"column":4}},"318":{"start":{"line":783,"column":22},"end":{"line":785,"column":3}},"319":{"start":{"line":784,"column":4},"end":{"line":784,"column":46}},"320":{"start":{"line":787,"column":27},"end":{"line":803,"column":3}},"321":{"start":{"line":788,"column":19},"end":{"line":788,"column":39}},"322":{"start":{"line":789,"column":4},"end":{"line":802,"column":5}},"323":{"start":{"line":790,"column":6},"end":{"line":790,"column":34}},"324":{"start":{"line":791,"column":6},"end":{"line":793,"column":7}},"325":{"start":{"line":791,"column":19},"end":{"line":791,"column":20}},"326":{"start":{"line":792,"column":8},"end":{"line":792,"column":37}},"327":{"start":{"line":794,"column":6},"end":{"line":794,"column":35}},"328":{"start":{"line":796,"column":6},"end":{"line":796,"column":39}},"329":{"start":{"line":797,"column":6},"end":{"line":797,"column":87}},"330":{"start":{"line":798,"column":6},"end":{"line":798,"column":37}},"331":{"start":{"line":799,"column":6},"end":{"line":799,"column":16}},"332":{"start":{"line":801,"column":6},"end":{"line":801,"column":23}},"333":{"start":{"line":809,"column":17},"end":{"line":809,"column":19}},"334":{"start":{"line":810,"column":2},"end":{"line":816,"column":3}},"335":{"start":{"line":810,"column":15},"end":{"line":810,"column":16}},"336":{"start":{"line":811,"column":4},"end":{"line":815,"column":56}},"337":{"start":{"line":813,"column":23},"end":{"line":813,"column":58}},"338":{"start":{"line":814,"column":6},"end":{"line":814,"column":43}},"339":{"start":{"line":815,"column":11},"end":{"line":815,"column":56}},"340":{"start":{"line":822,"column":2},"end":{"line":822,"column":29}},"341":{"start":{"line":824,"column":16},"end":{"line":824,"column":35}},"342":{"start":{"line":825,"column":2},"end":{"line":827,"column":3}},"343":{"start":{"line":825,"column":15},"end":{"line":825,"column":16}},"344":{"start":{"line":826,"column":4},"end":{"line":826,"column":20}},"345":{"start":{"line":828,"column":2},"end":{"line":838,"column":7}},"346":{"start":{"line":830,"column":6},"end":{"line":830,"column":32}},"347":{"start":{"line":831,"column":6},"end":{"line":831,"column":20}},"348":{"start":{"line":834,"column":6},"end":{"line":837,"column":9}},"349":{"start":{"line":841,"column":26},"end":{"line":841,"column":42}},"350":{"start":{"line":842,"column":28},"end":{"line":842,"column":44}}},"fnMap":{"0":{"name":"postgresDumpQuery","decl":{"start":{"line":27,"column":9},"end":{"line":27,"column":26}},"loc":{"start":{"line":27,"column":77},"end":{"line":40,"column":1}},"line":27},"1":{"name":"(anonymous_1)","decl":{"start":{"line":47,"column":20},"end":{"line":47,"column":21}},"loc":{"start":{"line":47,"column":39},"end":{"line":55,"column":1}},"line":47},"2":{"name":"(anonymous_2)","decl":{"start":{"line":64,"column":25},"end":{"line":64,"column":26}},"loc":{"start":{"line":64,"column":45},"end":{"line":87,"column":1}},"line":64},"3":{"name":"(anonymous_3)","decl":{"start":{"line":73,"column":28},"end":{"line":73,"column":29}},"loc":{"start":{"line":73,"column":38},"end":{"line":86,"column":3}},"line":73},"4":{"name":"(anonymous_4)","decl":{"start":{"line":74,"column":36},"end":{"line":74,"column":37}},"loc":{"start":{"line":74,"column":53},"end":{"line":85,"column":5}},"line":74},"5":{"name":"(anonymous_5)","decl":{"start":{"line":94,"column":25},"end":{"line":94,"column":26}},"loc":{"start":{"line":94,"column":45},"end":{"line":135,"column":1}},"line":94},"6":{"name":"(anonymous_6)","decl":{"start":{"line":111,"column":31},"end":{"line":111,"column":32}},"loc":{"start":{"line":111,"column":42},"end":{"line":128,"column":3}},"line":111},"7":{"name":"(anonymous_7)","decl":{"start":{"line":112,"column":40},"end":{"line":112,"column":41}},"loc":{"start":{"line":112,"column":50},"end":{"line":127,"column":5}},"line":112},"8":{"name":"(anonymous_8)","decl":{"start":{"line":117,"column":20},"end":{"line":117,"column":21}},"loc":{"start":{"line":117,"column":32},"end":{"line":123,"column":9}},"line":117},"9":{"name":"TableModel","decl":{"start":{"line":141,"column":9},"end":{"line":141,"column":19}},"loc":{"start":{"line":141,"column":22},"end":{"line":144,"column":1}},"line":141},"10":{"name":"PropertyModel","decl":{"start":{"line":147,"column":9},"end":{"line":147,"column":22}},"loc":{"start":{"line":147,"column":25},"end":{"line":154,"column":1}},"line":147},"11":{"name":"ForeignKeyModel","decl":{"start":{"line":156,"column":9},"end":{"line":156,"column":24}},"loc":{"start":{"line":156,"column":27},"end":{"line":162,"column":1}},"line":156},"12":{"name":"PrimaryKeyModel","decl":{"start":{"line":164,"column":9},"end":{"line":164,"column":24}},"loc":{"start":{"line":164,"column":27},"end":{"line":167,"column":1}},"line":164},"13":{"name":"createProperty","decl":{"start":{"line":177,"column":9},"end":{"line":177,"column":23}},"loc":{"start":{"line":177,"column":67},"end":{"line":185,"column":1}},"line":177},"14":{"name":"createTable","decl":{"start":{"line":188,"column":9},"end":{"line":188,"column":20}},"loc":{"start":{"line":188,"column":27},"end":{"line":194,"column":1}},"line":188},"15":{"name":"createForeignKey","decl":{"start":{"line":197,"column":9},"end":{"line":197,"column":25}},"loc":{"start":{"line":203,"column":2},"end":{"line":212,"column":1}},"line":203},"16":{"name":"createPrimaryKey","decl":{"start":{"line":215,"column":9},"end":{"line":215,"column":25}},"loc":{"start":{"line":215,"column":63},"end":{"line":220,"column":1}},"line":215},"17":{"name":"parseSQLServerForeignKey","decl":{"start":{"line":223,"column":9},"end":{"line":223,"column":33}},"loc":{"start":{"line":223,"column":73},"end":{"line":275,"column":1}},"line":223},"18":{"name":"parseMySQLForeignKey","decl":{"start":{"line":277,"column":9},"end":{"line":277,"column":29}},"loc":{"start":{"line":277,"column":77},"end":{"line":341,"column":1}},"line":277},"19":{"name":"(anonymous_19)","decl":{"start":{"line":293,"column":39},"end":{"line":293,"column":40}},"loc":{"start":{"line":293,"column":53},"end":{"line":298,"column":3}},"line":293},"20":{"name":"processPrimaryKey","decl":{"start":{"line":345,"column":9},"end":{"line":345,"column":26}},"loc":{"start":{"line":345,"column":29},"end":{"line":357,"column":1}},"line":345},"21":{"name":"(anonymous_21)","decl":{"start":{"line":346,"column":25},"end":{"line":346,"column":26}},"loc":{"start":{"line":346,"column":49},"end":{"line":356,"column":3}},"line":346},"22":{"name":"(anonymous_22)","decl":{"start":{"line":347,"column":22},"end":{"line":347,"column":23}},"loc":{"start":{"line":347,"column":44},"end":{"line":355,"column":5}},"line":347},"23":{"name":"(anonymous_23)","decl":{"start":{"line":349,"column":38},"end":{"line":349,"column":39}},"loc":{"start":{"line":349,"column":63},"end":{"line":353,"column":9}},"line":349},"24":{"name":"processForeignKey","decl":{"start":{"line":361,"column":9},"end":{"line":361,"column":26}},"loc":{"start":{"line":361,"column":29},"end":{"line":388,"column":1}},"line":361},"25":{"name":"(anonymous_25)","decl":{"start":{"line":362,"column":25},"end":{"line":362,"column":26}},"loc":{"start":{"line":362,"column":52},"end":{"line":387,"column":3}},"line":362},"26":{"name":"(anonymous_26)","decl":{"start":{"line":363,"column":22},"end":{"line":363,"column":23}},"loc":{"start":{"line":363,"column":44},"end":{"line":386,"column":5}},"line":363},"27":{"name":"(anonymous_27)","decl":{"start":{"line":365,"column":38},"end":{"line":365,"column":39}},"loc":{"start":{"line":365,"column":63},"end":{"line":370,"column":9}},"line":365},"28":{"name":"(anonymous_28)","decl":{"start":{"line":373,"column":38},"end":{"line":373,"column":39}},"loc":{"start":{"line":373,"column":63},"end":{"line":384,"column":9}},"line":373},"29":{"name":"parseSQLServerName","decl":{"start":{"line":391,"column":9},"end":{"line":391,"column":27}},"loc":{"start":{"line":391,"column":44},"end":{"line":415,"column":1}},"line":391},"30":{"name":"parseTableName","decl":{"start":{"line":418,"column":9},"end":{"line":418,"column":23}},"loc":{"start":{"line":418,"column":30},"end":{"line":423,"column":1}},"line":418},"31":{"name":"parseAlterTable","decl":{"start":{"line":425,"column":9},"end":{"line":425,"column":24}},"loc":{"start":{"line":425,"column":48},"end":{"line":454,"column":1}},"line":425},"32":{"name":"(anonymous_32)","decl":{"start":{"line":431,"column":20},"end":{"line":431,"column":21}},"loc":{"start":{"line":431,"column":36},"end":{"line":435,"column":3}},"line":431},"33":{"name":"parseSQLServerPrimaryKey","decl":{"start":{"line":456,"column":9},"end":{"line":456,"column":33}},"loc":{"start":{"line":456,"column":73},"end":{"line":478,"column":1}},"line":456},"34":{"name":"parseMYSQLPrimaryKey","decl":{"start":{"line":480,"column":9},"end":{"line":480,"column":29}},"loc":{"start":{"line":480,"column":55},"end":{"line":489,"column":1}},"line":480},"35":{"name":"(anonymous_35)","decl":{"start":{"line":483,"column":39},"end":{"line":483,"column":40}},"loc":{"start":{"line":483,"column":53},"end":{"line":488,"column":3}},"line":483},"36":{"name":"parseSql","decl":{"start":{"line":492,"column":9},"end":{"line":492,"column":17}},"loc":{"start":{"line":492,"column":24},"end":{"line":707,"column":1}},"line":492},"37":{"name":"createTableUI","decl":{"start":{"line":712,"column":9},"end":{"line":712,"column":22}},"loc":{"start":{"line":712,"column":25},"end":{"line":719,"column":1}},"line":712},"38":{"name":"(anonymous_38)","decl":{"start":{"line":713,"column":20},"end":{"line":713,"column":21}},"loc":{"start":{"line":713,"column":42},"end":{"line":716,"column":3}},"line":713},"39":{"name":"checkSpecialKey","decl":{"start":{"line":723,"column":9},"end":{"line":723,"column":24}},"loc":{"start":{"line":723,"column":40},"end":{"line":733,"column":1}},"line":723},"40":{"name":"(anonymous_40)","decl":{"start":{"line":735,"column":29},"end":{"line":735,"column":30}},"loc":{"start":{"line":735,"column":43},"end":{"line":737,"column":1}},"line":735},"41":{"name":"(anonymous_41)","decl":{"start":{"line":739,"column":26},"end":{"line":739,"column":27}},"loc":{"start":{"line":739,"column":46},"end":{"line":755,"column":1}},"line":739},"42":{"name":"(anonymous_42)","decl":{"start":{"line":743,"column":4},"end":{"line":743,"column":5}},"loc":{"start":{"line":743,"column":21},"end":{"line":753,"column":5}},"line":743},"43":{"name":"(anonymous_43)","decl":{"start":{"line":757,"column":26},"end":{"line":757,"column":27}},"loc":{"start":{"line":757,"column":40},"end":{"line":759,"column":1}},"line":757},"44":{"name":"(anonymous_44)","decl":{"start":{"line":761,"column":29},"end":{"line":761,"column":30}},"loc":{"start":{"line":761,"column":55},"end":{"line":839,"column":1}},"line":761},"45":{"name":"(anonymous_45)","decl":{"start":{"line":783,"column":22},"end":{"line":783,"column":23}},"loc":{"start":{"line":783,"column":50},"end":{"line":785,"column":3}},"line":783},"46":{"name":"(anonymous_46)","decl":{"start":{"line":787,"column":27},"end":{"line":787,"column":28}},"loc":{"start":{"line":787,"column":50},"end":{"line":803,"column":3}},"line":787},"47":{"name":"(anonymous_47)","decl":{"start":{"line":829,"column":10},"end":{"line":829,"column":11}},"loc":{"start":{"line":829,"column":16},"end":{"line":832,"column":5}},"line":829},"48":{"name":"(anonymous_48)","decl":{"start":{"line":833,"column":11},"end":{"line":833,"column":12}},"loc":{"start":{"line":833,"column":20},"end":{"line":838,"column":5}},"line":833},"49":{"name":"(anonymous_49)","decl":{"start":{"line":841,"column":26},"end":{"line":841,"column":27}},"loc":{"start":{"line":841,"column":40},"end":{"line":841,"column":42}},"line":841},"50":{"name":"(anonymous_50)","decl":{"start":{"line":842,"column":28},"end":{"line":842,"column":29}},"loc":{"start":{"line":842,"column":42},"end":{"line":842,"column":44}},"line":842}},"branchMap":{"0":{"loc":{"start":{"line":75,"column":6},"end":{"line":81,"column":7}},"type":"if","locations":[{"start":{"line":75,"column":6},"end":{"line":81,"column":7}},{"start":{},"end":{}}],"line":75},"1":{"loc":{"start":{"line":116,"column":6},"end":{"line":123,"column":11}},"type":"if","locations":[{"start":{"line":116,"column":6},"end":{"line":123,"column":11}},{"start":{},"end":{}}],"line":116},"2":{"loc":{"start":{"line":124,"column":6},"end":{"line":124,"column":89}},"type":"if","locations":[{"start":{"line":124,"column":6},"end":{"line":124,"column":89}},{"start":{},"end":{}}],"line":124},"3":{"loc":{"start":{"line":125,"column":6},"end":{"line":125,"column":78}},"type":"if","locations":[{"start":{"line":125,"column":6},"end":{"line":125,"column":78}},{"start":{},"end":{}}],"line":125},"4":{"loc":{"start":{"line":126,"column":6},"end":{"line":126,"column":79}},"type":"if","locations":[{"start":{"line":126,"column":6},"end":{"line":126,"column":79}},{"start":{},"end":{}}],"line":126},"5":{"loc":{"start":{"line":179,"column":23},"end":{"line":179,"column":70}},"type":"binary-expr","locations":[{"start":{"line":179,"column":23},"end":{"line":179,"column":47}},{"start":{"line":179,"column":51},"end":{"line":179,"column":70}}],"line":179},"6":{"loc":{"start":{"line":210,"column":4},"end":{"line":210,"column":81}},"type":"cond-expr","locations":[{"start":{"line":210,"column":60},"end":{"line":210,"column":73}},{"start":{"line":210,"column":76},"end":{"line":210,"column":81}}],"line":210},"7":{"loc":{"start":{"line":210,"column":4},"end":{"line":210,"column":57}},"type":"binary-expr","locations":[{"start":{"line":210,"column":4},"end":{"line":210,"column":31}},{"start":{"line":210,"column":35},"end":{"line":210,"column":57}}],"line":210},"8":{"loc":{"start":{"line":237,"column":2},"end":{"line":239,"column":3}},"type":"if","locations":[{"start":{"line":237,"column":2},"end":{"line":239,"column":3}},{"start":{},"end":{}}],"line":237},"9":{"loc":{"start":{"line":269,"column":2},"end":{"line":271,"column":3}},"type":"if","locations":[{"start":{"line":269,"column":2},"end":{"line":271,"column":3}},{"start":{},"end":{}}],"line":269},"10":{"loc":{"start":{"line":277,"column":55},"end":{"line":277,"column":75}},"type":"default-arg","locations":[{"start":{"line":277,"column":71},"end":{"line":277,"column":75}}],"line":277},"11":{"loc":{"start":{"line":294,"column":4},"end":{"line":297,"column":5}},"type":"if","locations":[{"start":{"line":294,"column":4},"end":{"line":297,"column":5}},{"start":{},"end":{}}],"line":294},"12":{"loc":{"start":{"line":304,"column":4},"end":{"line":307,"column":5}},"type":"if","locations":[{"start":{"line":304,"column":4},"end":{"line":307,"column":5}},{"start":{},"end":{}}],"line":304},"13":{"loc":{"start":{"line":314,"column":6},"end":{"line":322,"column":7}},"type":"if","locations":[{"start":{"line":314,"column":6},"end":{"line":322,"column":7}},{"start":{},"end":{}}],"line":314},"14":{"loc":{"start":{"line":315,"column":8},"end":{"line":318,"column":16}},"type":"binary-expr","locations":[{"start":{"line":315,"column":8},"end":{"line":315,"column":71}},{"start":{"line":316,"column":8},"end":{"line":318,"column":16}}],"line":315},"15":{"loc":{"start":{"line":348,"column":6},"end":{"line":354,"column":7}},"type":"if","locations":[{"start":{"line":348,"column":6},"end":{"line":354,"column":7}},{"start":{},"end":{}}],"line":348},"16":{"loc":{"start":{"line":350,"column":10},"end":{"line":352,"column":11}},"type":"if","locations":[{"start":{"line":350,"column":10},"end":{"line":352,"column":11}},{"start":{},"end":{}}],"line":350},"17":{"loc":{"start":{"line":364,"column":6},"end":{"line":371,"column":7}},"type":"if","locations":[{"start":{"line":364,"column":6},"end":{"line":371,"column":7}},{"start":{},"end":{}}],"line":364},"18":{"loc":{"start":{"line":366,"column":10},"end":{"line":369,"column":11}},"type":"if","locations":[{"start":{"line":366,"column":10},"end":{"line":369,"column":11}},{"start":{},"end":{}}],"line":366},"19":{"loc":{"start":{"line":372,"column":6},"end":{"line":385,"column":7}},"type":"if","locations":[{"start":{"line":372,"column":6},"end":{"line":385,"column":7}},{"start":{},"end":{}}],"line":372},"20":{"loc":{"start":{"line":374,"column":10},"end":{"line":383,"column":11}},"type":"if","locations":[{"start":{"line":374,"column":10},"end":{"line":383,"column":11}},{"start":{},"end":{}}],"line":374},"21":{"loc":{"start":{"line":396,"column":2},"end":{"line":403,"column":3}},"type":"if","locations":[{"start":{"line":396,"column":2},"end":{"line":403,"column":3}},{"start":{"line":399,"column":9},"end":{"line":403,"column":3}}],"line":396},"22":{"loc":{"start":{"line":396,"column":6},"end":{"line":396,"column":47}},"type":"binary-expr","locations":[{"start":{"line":396,"column":6},"end":{"line":396,"column":27}},{"start":{"line":396,"column":31},"end":{"line":396,"column":47}}],"line":396},"23":{"loc":{"start":{"line":400,"column":4},"end":{"line":402,"column":5}},"type":"if","locations":[{"start":{"line":400,"column":4},"end":{"line":402,"column":5}},{"start":{},"end":{}}],"line":400},"24":{"loc":{"start":{"line":404,"column":2},"end":{"line":406,"column":3}},"type":"if","locations":[{"start":{"line":404,"column":2},"end":{"line":406,"column":3}},{"start":{},"end":{}}],"line":404},"25":{"loc":{"start":{"line":407,"column":2},"end":{"line":409,"column":3}},"type":"if","locations":[{"start":{"line":407,"column":2},"end":{"line":409,"column":3}},{"start":{},"end":{}}],"line":407},"26":{"loc":{"start":{"line":410,"column":2},"end":{"line":412,"column":3}},"type":"if","locations":[{"start":{"line":410,"column":2},"end":{"line":412,"column":3}},{"start":{},"end":{}}],"line":410},"27":{"loc":{"start":{"line":419,"column":2},"end":{"line":421,"column":3}},"type":"if","locations":[{"start":{"line":419,"column":2},"end":{"line":421,"column":3}},{"start":{},"end":{}}],"line":419},"28":{"loc":{"start":{"line":432,"column":4},"end":{"line":434,"column":5}},"type":"if","locations":[{"start":{"line":432,"column":4},"end":{"line":434,"column":5}},{"start":{},"end":{}}],"line":432},"29":{"loc":{"start":{"line":437,"column":2},"end":{"line":453,"column":3}},"type":"if","locations":[{"start":{"line":437,"column":2},"end":{"line":453,"column":3}},{"start":{"line":447,"column":9},"end":{"line":453,"column":3}}],"line":437},"30":{"loc":{"start":{"line":445,"column":6},"end":{"line":445,"column":54}},"type":"cond-expr","locations":[{"start":{"line":445,"column":31},"end":{"line":445,"column":47}},{"start":{"line":445,"column":50},"end":{"line":445,"column":54}}],"line":445},"31":{"loc":{"start":{"line":447,"column":9},"end":{"line":453,"column":3}},"type":"if","locations":[{"start":{"line":447,"column":9},"end":{"line":453,"column":3}},{"start":{},"end":{}}],"line":447},"32":{"loc":{"start":{"line":475,"column":2},"end":{"line":477,"column":3}},"type":"if","locations":[{"start":{"line":475,"column":2},"end":{"line":477,"column":3}},{"start":{},"end":{}}],"line":475},"33":{"loc":{"start":{"line":484,"column":4},"end":{"line":487,"column":5}},"type":"if","locations":[{"start":{"line":484,"column":4},"end":{"line":487,"column":5}},{"start":{},"end":{}}],"line":484},"34":{"loc":{"start":{"line":511,"column":4},"end":{"line":514,"column":5}},"type":"if","locations":[{"start":{"line":511,"column":4},"end":{"line":514,"column":5}},{"start":{},"end":{}}],"line":511},"35":{"loc":{"start":{"line":511,"column":8},"end":{"line":511,"column":56}},"type":"binary-expr","locations":[{"start":{"line":511,"column":8},"end":{"line":511,"column":34}},{"start":{"line":511,"column":38},"end":{"line":511,"column":56}}],"line":511},"36":{"loc":{"start":{"line":517,"column":4},"end":{"line":673,"column":5}},"type":"if","locations":[{"start":{"line":517,"column":4},"end":{"line":673,"column":5}},{"start":{"line":528,"column":9},"end":{"line":673,"column":5}}],"line":517},"37":{"loc":{"start":{"line":528,"column":9},"end":{"line":673,"column":5}},"type":"if","locations":[{"start":{"line":528,"column":9},"end":{"line":673,"column":5}},{"start":{"line":543,"column":9},"end":{"line":673,"column":5}}],"line":528},"38":{"loc":{"start":{"line":533,"column":8},"end":{"line":535,"column":9}},"type":"if","locations":[{"start":{"line":533,"column":8},"end":{"line":535,"column":9}},{"start":{},"end":{}}],"line":533},"39":{"loc":{"start":{"line":538,"column":6},"end":{"line":538,"column":88}},"type":"if","locations":[{"start":{"line":538,"column":6},"end":{"line":538,"column":88}},{"start":{},"end":{}}],"line":538},"40":{"loc":{"start":{"line":538,"column":10},"end":{"line":538,"column":49}},"type":"binary-expr","locations":[{"start":{"line":538,"column":10},"end":{"line":538,"column":24}},{"start":{"line":538,"column":28},"end":{"line":538,"column":49}}],"line":538},"41":{"loc":{"start":{"line":543,"column":9},"end":{"line":673,"column":5}},"type":"if","locations":[{"start":{"line":543,"column":9},"end":{"line":673,"column":5}},{"start":{},"end":{}}],"line":543},"42":{"loc":{"start":{"line":544,"column":6},"end":{"line":546,"column":36}},"type":"binary-expr","locations":[{"start":{"line":544,"column":6},"end":{"line":544,"column":17}},{"start":{"line":545,"column":6},"end":{"line":545,"column":32}},{"start":{"line":546,"column":6},"end":{"line":546,"column":36}}],"line":544},"43":{"loc":{"start":{"line":551,"column":8},"end":{"line":551,"column":72}},"type":"cond-expr","locations":[{"start":{"line":551,"column":45},"end":{"line":551,"column":59}},{"start":{"line":551,"column":62},"end":{"line":551,"column":72}}],"line":551},"44":{"loc":{"start":{"line":555,"column":6},"end":{"line":566,"column":7}},"type":"if","locations":[{"start":{"line":555,"column":6},"end":{"line":566,"column":7}},{"start":{},"end":{}}],"line":555},"45":{"loc":{"start":{"line":557,"column":8},"end":{"line":565,"column":9}},"type":"if","locations":[{"start":{"line":557,"column":8},"end":{"line":565,"column":9}},{"start":{"line":561,"column":15},"end":{"line":565,"column":9}}],"line":557},"46":{"loc":{"start":{"line":561,"column":15},"end":{"line":565,"column":9}},"type":"if","locations":[{"start":{"line":561,"column":15},"end":{"line":565,"column":9}},{"start":{},"end":{}}],"line":561},"47":{"loc":{"start":{"line":571,"column":6},"end":{"line":579,"column":7}},"type":"if","locations":[{"start":{"line":571,"column":6},"end":{"line":579,"column":7}},{"start":{},"end":{}}],"line":571},"48":{"loc":{"start":{"line":571,"column":10},"end":{"line":571,"column":74}},"type":"binary-expr","locations":[{"start":{"line":571,"column":10},"end":{"line":571,"column":40}},{"start":{"line":571,"column":44},"end":{"line":571,"column":74}}],"line":571},"49":{"loc":{"start":{"line":572,"column":8},"end":{"line":578,"column":9}},"type":"if","locations":[{"start":{"line":572,"column":8},"end":{"line":578,"column":9}},{"start":{"line":574,"column":15},"end":{"line":578,"column":9}}],"line":572},"50":{"loc":{"start":{"line":572,"column":12},"end":{"line":572,"column":82}},"type":"binary-expr","locations":[{"start":{"line":572,"column":12},"end":{"line":572,"column":45}},{"start":{"line":572,"column":49},"end":{"line":572,"column":82}}],"line":572},"51":{"loc":{"start":{"line":574,"column":15},"end":{"line":578,"column":9}},"type":"if","locations":[{"start":{"line":574,"column":15},"end":{"line":578,"column":9}},{"start":{"line":576,"column":15},"end":{"line":578,"column":9}}],"line":574},"52":{"loc":{"start":{"line":576,"column":15},"end":{"line":578,"column":9}},"type":"if","locations":[{"start":{"line":576,"column":15},"end":{"line":578,"column":9}},{"start":{},"end":{}}],"line":576},"53":{"loc":{"start":{"line":582,"column":8},"end":{"line":586,"column":41}},"type":"binary-expr","locations":[{"start":{"line":582,"column":8},"end":{"line":582,"column":38}},{"start":{"line":583,"column":8},"end":{"line":583,"column":38}},{"start":{"line":584,"column":8},"end":{"line":584,"column":48}},{"start":{"line":585,"column":8},"end":{"line":585,"column":48}},{"start":{"line":586,"column":8},"end":{"line":586,"column":41}}],"line":582},"54":{"loc":{"start":{"line":588,"column":6},"end":{"line":622,"column":7}},"type":"if","locations":[{"start":{"line":588,"column":6},"end":{"line":622,"column":7}},{"start":{},"end":{}}],"line":588},"55":{"loc":{"start":{"line":590,"column":8},"end":{"line":606,"column":9}},"type":"if","locations":[{"start":{"line":590,"column":8},"end":{"line":606,"column":9}},{"start":{},"end":{}}],"line":590},"56":{"loc":{"start":{"line":591,"column":10},"end":{"line":603,"column":37}},"type":"binary-expr","locations":[{"start":{"line":591,"column":10},"end":{"line":591,"column":36}},{"start":{"line":592,"column":10},"end":{"line":592,"column":37}},{"start":{"line":593,"column":10},"end":{"line":593,"column":37}},{"start":{"line":594,"column":10},"end":{"line":594,"column":37}},{"start":{"line":595,"column":10},"end":{"line":595,"column":35}},{"start":{"line":596,"column":10},"end":{"line":596,"column":38}},{"start":{"line":597,"column":10},"end":{"line":597,"column":35}},{"start":{"line":598,"column":10},"end":{"line":598,"column":42}},{"start":{"line":599,"column":10},"end":{"line":599,"column":36}},{"start":{"line":600,"column":10},"end":{"line":600,"column":45}},{"start":{"line":601,"column":10},"end":{"line":601,"column":35}},{"start":{"line":602,"column":10},"end":{"line":602,"column":43}},{"start":{"line":603,"column":10},"end":{"line":603,"column":37}}],"line":591},"57":{"loc":{"start":{"line":625,"column":6},"end":{"line":643,"column":7}},"type":"if","locations":[{"start":{"line":625,"column":6},"end":{"line":643,"column":7}},{"start":{},"end":{}}],"line":625},"58":{"loc":{"start":{"line":626,"column":8},"end":{"line":628,"column":41}},"type":"binary-expr","locations":[{"start":{"line":626,"column":8},"end":{"line":626,"column":38}},{"start":{"line":627,"column":8},"end":{"line":627,"column":48}},{"start":{"line":628,"column":8},"end":{"line":628,"column":41}}],"line":626},"59":{"loc":{"start":{"line":631,"column":8},"end":{"line":642,"column":9}},"type":"if","locations":[{"start":{"line":631,"column":8},"end":{"line":642,"column":9}},{"start":{"line":640,"column":15},"end":{"line":642,"column":9}}],"line":631},"60":{"loc":{"start":{"line":632,"column":10},"end":{"line":633,"column":43}},"type":"binary-expr","locations":[{"start":{"line":632,"column":10},"end":{"line":632,"column":50}},{"start":{"line":633,"column":10},"end":{"line":633,"column":43}}],"line":632},"61":{"loc":{"start":{"line":635,"column":10},"end":{"line":637,"column":11}},"type":"if","locations":[{"start":{"line":635,"column":10},"end":{"line":637,"column":11}},{"start":{},"end":{}}],"line":635},"62":{"loc":{"start":{"line":635,"column":14},"end":{"line":635,"column":84}},"type":"binary-expr","locations":[{"start":{"line":635,"column":14},"end":{"line":635,"column":48}},{"start":{"line":635,"column":52},"end":{"line":635,"column":84}}],"line":635},"63":{"loc":{"start":{"line":640,"column":15},"end":{"line":642,"column":9}},"type":"if","locations":[{"start":{"line":640,"column":15},"end":{"line":642,"column":9}},{"start":{},"end":{}}],"line":640},"64":{"loc":{"start":{"line":646,"column":6},"end":{"line":672,"column":7}},"type":"if","locations":[{"start":{"line":646,"column":6},"end":{"line":672,"column":7}},{"start":{},"end":{}}],"line":646},"65":{"loc":{"start":{"line":647,"column":8},"end":{"line":649,"column":41}},"type":"binary-expr","locations":[{"start":{"line":647,"column":8},"end":{"line":647,"column":38}},{"start":{"line":648,"column":8},"end":{"line":648,"column":48}},{"start":{"line":649,"column":8},"end":{"line":649,"column":41}}],"line":647},"66":{"loc":{"start":{"line":652,"column":8},"end":{"line":671,"column":9}},"type":"if","locations":[{"start":{"line":652,"column":8},"end":{"line":671,"column":9}},{"start":{"line":669,"column":15},"end":{"line":671,"column":9}}],"line":652},"67":{"loc":{"start":{"line":653,"column":10},"end":{"line":654,"column":43}},"type":"binary-expr","locations":[{"start":{"line":653,"column":10},"end":{"line":653,"column":50}},{"start":{"line":654,"column":10},"end":{"line":654,"column":43}}],"line":653},"68":{"loc":{"start":{"line":657,"column":10},"end":{"line":667,"column":11}},"type":"if","locations":[{"start":{"line":657,"column":10},"end":{"line":667,"column":11}},{"start":{},"end":{}}],"line":657},"69":{"loc":{"start":{"line":684,"column":6},"end":{"line":702,"column":7}},"type":"if","locations":[{"start":{"line":684,"column":6},"end":{"line":702,"column":7}},{"start":{},"end":{}}],"line":684},"70":{"loc":{"start":{"line":688,"column":8},"end":{"line":701,"column":9}},"type":"if","locations":[{"start":{"line":688,"column":8},"end":{"line":701,"column":9}},{"start":{"line":695,"column":15},"end":{"line":701,"column":9}}],"line":688},"71":{"loc":{"start":{"line":724,"column":2},"end":{"line":732,"column":3}},"type":"if","locations":[{"start":{"line":724,"column":2},"end":{"line":732,"column":3}},{"start":{"line":726,"column":9},"end":{"line":732,"column":3}}],"line":724},"72":{"loc":{"start":{"line":724,"column":6},"end":{"line":724,"column":62}},"type":"binary-expr","locations":[{"start":{"line":724,"column":6},"end":{"line":724,"column":32}},{"start":{"line":724,"column":36},"end":{"line":724,"column":62}}],"line":724},"73":{"loc":{"start":{"line":726,"column":9},"end":{"line":732,"column":3}},"type":"if","locations":[{"start":{"line":726,"column":9},"end":{"line":732,"column":3}},{"start":{"line":728,"column":9},"end":{"line":732,"column":3}}],"line":726},"74":{"loc":{"start":{"line":728,"column":9},"end":{"line":732,"column":3}},"type":"if","locations":[{"start":{"line":728,"column":9},"end":{"line":732,"column":3}},{"start":{"line":730,"column":9},"end":{"line":732,"column":3}}],"line":728},"75":{"loc":{"start":{"line":744,"column":6},"end":{"line":750,"column":7}},"type":"if","locations":[{"start":{"line":744,"column":6},"end":{"line":750,"column":7}},{"start":{},"end":{}}],"line":744},"76":{"loc":{"start":{"line":811,"column":4},"end":{"line":815,"column":56}},"type":"if","locations":[{"start":{"line":811,"column":4},"end":{"line":815,"column":56}},{"start":{"line":815,"column":11},"end":{"line":815,"column":56}}],"line":811}},"s":{"0":1,"1":1,"2":1,"3":1,"4":1,"5":1,"6":1,"7":1,"8":1,"9":1,"10":1,"11":0,"12":0,"13":0,"14":0,"15":0,"16":0,"17":0,"18":1,"19":0,"20":0,"21":0,"22":0,"23":0,"24":1,"25":0,"26":0,"27":0,"28":0,"29":0,"30":0,"31":0,"32":0,"33":0,"34":0,"35":0,"36":0,"37":1,"38":0,"39":0,"40":0,"41":0,"42":0,"43":0,"44":0,"45":0,"46":0,"47":0,"48":0,"49":0,"50":0,"51":0,"52":0,"53":0,"54":0,"55":0,"56":0,"57":0,"58":0,"59":0,"60":0,"61":0,"62":0,"63":0,"64":0,"65":0,"66":0,"67":0,"68":0,"69":0,"70":0,"71":0,"72":0,"73":0,"74":0,"75":0,"76":0,"77":0,"78":0,"79":0,"80":1,"81":1,"82":1,"83":0,"84":0,"85":0,"86":0,"87":0,"88":0,"89":0,"90":0,"91":0,"92":0,"93":0,"94":0,"95":0,"96":0,"97":0,"98":0,"99":0,"100":0,"101":0,"102":0,"103":0,"104":0,"105":0,"106":0,"107":0,"108":0,"109":0,"110":0,"111":0,"112":0,"113":0,"114":0,"115":0,"116":0,"117":0,"118":0,"119":0,"120":0,"121":0,"122":0,"123":0,"124":0,"125":0,"126":0,"127":0,"128":0,"129":0,"130":0,"131":0,"132":0,"133":0,"134":0,"135":0,"136":0,"137":0,"138":0,"139":0,"140":0,"141":0,"142":0,"143":0,"144":0,"145":0,"146":0,"147":0,"148":0,"149":0,"150":0,"151":0,"152":0,"153":0,"154":0,"155":0,"156":0,"157":0,"158":0,"159":0,"160":0,"161":0,"162":0,"163":0,"164":0,"165":0,"166":0,"167":0,"168":0,"169":0,"170":0,"171":0,"172":0,"173":0,"174":0,"175":0,"176":0,"177":0,"178":0,"179":0,"180":0,"181":0,"182":0,"183":0,"184":0,"185":0,"186":0,"187":0,"188":0,"189":0,"190":0,"191":0,"192":0,"193":0,"194":0,"195":0,"196":0,"197":0,"198":0,"199":0,"200":0,"201":0,"202":0,"203":0,"204":0,"205":0,"206":0,"207":0,"208":0,"209":0,"210":0,"211":0,"212":0,"213":0,"214":0,"215":0,"216":0,"217":0,"218":0,"219":0,"220":0,"221":0,"222":0,"223":0,"224":0,"225":0,"226":0,"227":0,"228":0,"229":0,"230":0,"231":0,"232":0,"233":0,"234":0,"235":0,"236":0,"237":0,"238":0,"239":0,"240":0,"241":0,"242":0,"243":0,"244":0,"245":0,"246":0,"247":0,"248":0,"249":0,"250":0,"251":0,"252":0,"253":0,"254":0,"255":0,"256":0,"257":0,"258":0,"259":0,"260":0,"261":0,"262":0,"263":0,"264":0,"265":0,"266":0,"267":0,"268":0,"269":0,"270":0,"271":0,"272":0,"273":0,"274":0,"275":0,"276":0,"277":0,"278":0,"279":0,"280":0,"281":0,"282":0,"283":0,"284":0,"285":0,"286":0,"287":0,"288":0,"289":0,"290":0,"291":0,"292":0,"293":0,"294":0,"295":0,"296":0,"297":0,"298":0,"299":0,"300":0,"301":0,"302":0,"303":0,"304":1,"305":0,"306":1,"307":0,"308":0,"309":0,"310":0,"311":0,"312":0,"313":1,"314":1,"315":0,"316":0,"317":0,"318":0,"319":0,"320":0,"321":0,"322":0,"323":0,"324":0,"325":0,"326":0,"327":0,"328":0,"329":0,"330":0,"331":0,"332":0,"333":0,"334":0,"335":0,"336":0,"337":0,"338":0,"339":0,"340":0,"341":0,"342":0,"343":0,"344":0,"345":0,"346":0,"347":0,"348":0,"349":1,"350":1},"f":{"0":0,"1":0,"2":0,"3":0,"4":0,"5":0,"6":0,"7":0,"8":0,"9":0,"10":0,"11":0,"12":0,"13":0,"14":0,"15":0,"16":0,"17":0,"18":0,"19":0,"20":0,"21":0,"22":0,"23":0,"24":0,"25":0,"26":0,"27":0,"28":0,"29":0,"30":0,"31":0,"32":0,"33":0,"34":0,"35":0,"36":0,"37":0,"38":0,"39":0,"40":0,"41":0,"42":0,"43":0,"44":0,"45":0,"46":0,"47":0,"48":0,"49":0,"50":0},"b":{"0":[0,0],"1":[0,0],"2":[0,0],"3":[0,0],"4":[0,0],"5":[0,0],"6":[0,0],"7":[0,0],"8":[0,0],"9":[0,0],"10":[0],"11":[0,0],"12":[0,0],"13":[0,0],"14":[0,0],"15":[0,0],"16":[0,0],"17":[0,0],"18":[0,0],"19":[0,0],"20":[0,0],"21":[0,0],"22":[0,0],"23":[0,0],"24":[0,0],"25":[0,0],"26":[0,0],"27":[0,0],"28":[0,0],"29":[0,0],"30":[0,0],"31":[0,0],"32":[0,0],"33":[0,0],"34":[0,0],"35":[0,0],"36":[0,0],"37":[0,0],"38":[0,0],"39":[0,0],"40":[0,0],"41":[0,0],"42":[0,0,0],"43":[0,0],"44":[0,0],"45":[0,0],"46":[0,0],"47":[0,0],"48":[0,0],"49":[0,0],"50":[0,0],"51":[0,0],"52":[0,0],"53":[0,0,0,0,0],"54":[0,0],"55":[0,0],"56":[0,0,0,0,0,0,0,0,0,0,0,0,0],"57":[0,0],"58":[0,0,0],"59":[0,0],"60":[0,0],"61":[0,0],"62":[0,0],"63":[0,0],"64":[0,0],"65":[0,0,0],"66":[0,0],"67":[0,0],"68":[0,0],"69":[0,0],"70":[0,0],"71":[0,0],"72":[0,0],"73":[0,0],"74":[0,0],"75":[0,0],"76":[0,0]},"_coverageSchema":"1a1c01bbd47fc00a2c39e90264f33305004495a9","hash":"5e847e54f838376ff998c836cdac0cc3a4898859"}
,"/home/geist/OSP/beta/dbSpy/server/controllers/postgresLog.controller.js": {"path":"/home/geist/OSP/beta/dbSpy/server/controllers/postgresLog.controller.js","statementMap":{"0":{"start":{"line":1,"column":11},"end":{"line":1,"column":24}},"1":{"start":{"line":2,"column":13},"end":{"line":2,"column":28}},"2":{"start":{"line":3,"column":13},"end":{"line":3,"column":28}},"3":{"start":{"line":4,"column":13},"end":{"line":4,"column":58}},"4":{"start":{"line":5,"column":17},"end":{"line":5,"column":30}},"5":{"start":{"line":6,"column":45},"end":{"line":6,"column":66}},"6":{"start":{"line":9,"column":2},"end":{"line":9,"column":19}},"7":{"start":{"line":10,"column":2},"end":{"line":10,"column":23}},"8":{"start":{"line":18,"column":2},"end":{"line":18,"column":19}},"9":{"start":{"line":19,"column":2},"end":{"line":19,"column":22}},"10":{"start":{"line":20,"column":2},"end":{"line":20,"column":21}},"11":{"start":{"line":21,"column":2},"end":{"line":21,"column":25}},"12":{"start":{"line":22,"column":2},"end":{"line":22,"column":20}},"13":{"start":{"line":23,"column":2},"end":{"line":23,"column":21}},"14":{"start":{"line":27,"column":19},"end":{"line":27,"column":41}},"15":{"start":{"line":28,"column":2},"end":{"line":28,"column":23}},"16":{"start":{"line":29,"column":2},"end":{"line":29,"column":29}},"17":{"start":{"line":30,"column":2},"end":{"line":30,"column":27}},"18":{"start":{"line":31,"column":2},"end":{"line":31,"column":35}},"19":{"start":{"line":32,"column":2},"end":{"line":32,"column":29}},"20":{"start":{"line":33,"column":2},"end":{"line":33,"column":31}},"21":{"start":{"line":34,"column":2},"end":{"line":34,"column":18}},"22":{"start":{"line":37,"column":26},"end":{"line":96,"column":1}},"23":{"start":{"line":39,"column":20},"end":{"line":39,"column":28}},"24":{"start":{"line":40,"column":19},"end":{"line":40,"column":22}},"25":{"start":{"line":41,"column":17},"end":{"line":43,"column":6}},"26":{"start":{"line":45,"column":6},"end":{"line":45,"column":108}},"27":{"start":{"line":46,"column":19},"end":{"line":46,"column":39}},"28":{"start":{"line":47,"column":4},"end":{"line":82,"column":5}},"29":{"start":{"line":57,"column":23},"end":{"line":57,"column":51}},"30":{"start":{"line":59,"column":25},"end":{"line":59,"column":55}},"31":{"start":{"line":61,"column":6},"end":{"line":72,"column":7}},"32":{"start":{"line":62,"column":73},"end":{"line":62,"column":77}},"33":{"start":{"line":63,"column":28},"end":{"line":70,"column":9}},"34":{"start":{"line":71,"column":8},"end":{"line":71,"column":48}},"35":{"start":{"line":73,"column":6},"end":{"line":73,"column":37}},"36":{"start":{"line":74,"column":6},"end":{"line":74,"column":20}},"37":{"start":{"line":76,"column":6},"end":{"line":76,"column":39}},"38":{"start":{"line":77,"column":6},"end":{"line":77,"column":85}},"39":{"start":{"line":79,"column":6},"end":{"line":79,"column":16}},"40":{"start":{"line":81,"column":6},"end":{"line":81,"column":23}},"41":{"start":{"line":87,"column":21},"end":{"line":90,"column":5}},"42":{"start":{"line":91,"column":4},"end":{"line":93,"column":7}},"43":{"start":{"line":92,"column":6},"end":{"line":92,"column":32}},"44":{"start":{"line":92,"column":15},"end":{"line":92,"column":32}},"45":{"start":{"line":94,"column":4},"end":{"line":94,"column":18}},"46":{"start":{"line":98,"column":0},"end":{"line":98,"column":35}}},"fnMap":{"0":{"name":"LogModel","decl":{"start":{"line":8,"column":9},"end":{"line":8,"column":17}},"loc":{"start":{"line":8,"column":24},"end":{"line":11,"column":1}},"line":8},"1":{"name":"LogPropertyModel","decl":{"start":{"line":17,"column":9},"end":{"line":17,"column":25}},"loc":{"start":{"line":17,"column":28},"end":{"line":24,"column":1}},"line":17},"2":{"name":"createLogProperty","decl":{"start":{"line":26,"column":9},"end":{"line":26,"column":26}},"loc":{"start":{"line":26,"column":81},"end":{"line":35,"column":1}},"line":26},"3":{"name":"(anonymous_3)","decl":{"start":{"line":38,"column":14},"end":{"line":38,"column":15}},"loc":{"start":{"line":38,"column":40},"end":{"line":83,"column":3}},"line":38},"4":{"name":"(anonymous_4)","decl":{"start":{"line":86,"column":14},"end":{"line":86,"column":15}},"loc":{"start":{"line":86,"column":40},"end":{"line":95,"column":3}},"line":86},"5":{"name":"(anonymous_5)","decl":{"start":{"line":91,"column":51},"end":{"line":91,"column":52}},"loc":{"start":{"line":91,"column":60},"end":{"line":93,"column":5}},"line":91}},"branchMap":{"0":{"loc":{"start":{"line":92,"column":6},"end":{"line":92,"column":32}},"type":"if","locations":[{"start":{"line":92,"column":6},"end":{"line":92,"column":32}},{"start":{},"end":{}}],"line":92}},"s":{"0":1,"1":1,"2":1,"3":1,"4":1,"5":1,"6":0,"7":0,"8":0,"9":0,"10":0,"11":0,"12":0,"13":0,"14":0,"15":0,"16":0,"17":0,"18":0,"19":0,"20":0,"21":0,"22":1,"23":0,"24":0,"25":0,"26":0,"27":0,"28":0,"29":0,"30":0,"31":0,"32":0,"33":0,"34":0,"35":0,"36":0,"37":0,"38":0,"39":0,"40":0,"41":0,"42":0,"43":0,"44":0,"45":0,"46":1},"f":{"0":0,"1":0,"2":0,"3":0,"4":0,"5":0},"b":{"0":[0,0]},"_coverageSchema":"1a1c01bbd47fc00a2c39e90264f33305004495a9","hash":"85e69110efe54506dff4c6329d47a48117c40605"}
,"/home/geist/OSP/beta/dbSpy/server/controllers/user.controller.ts": {"path":"/home/geist/OSP/beta/dbSpy/server/controllers/user.controller.ts","statementMap":{"0":{"start":{"line":4,"column":0},"end":{"line":4,"column":16}},"1":{"start":{"line":8,"column":24},"end":{"line":19,"column":1}},"2":{"start":{"line":9,"column":4},"end":{"line":9,"column":51}},"3":{"start":{"line":10,"column":23},"end":{"line":10,"column":72}},"4":{"start":{"line":11,"column":21},"end":{"line":11,"column":58}},"5":{"start":{"line":12,"column":4},"end":{"line":18,"column":6}},"6":{"start":{"line":13,"column":8},"end":{"line":17,"column":10}},"7":{"start":{"line":14,"column":12},"end":{"line":14,"column":39}},"8":{"start":{"line":14,"column":21},"end":{"line":14,"column":39}},"9":{"start":{"line":15,"column":12},"end":{"line":16,"column":37}},"10":{"start":{"line":15,"column":58},"end":{"line":15,"column":80}},"11":{"start":{"line":16,"column":17},"end":{"line":16,"column":37}},"12":{"start":{"line":21,"column":26},"end":{"line":33,"column":1}},"13":{"start":{"line":22,"column":23},"end":{"line":22,"column":72}},"14":{"start":{"line":24,"column":21},"end":{"line":24,"column":100}},"15":{"start":{"line":25,"column":19},"end":{"line":25,"column":23}},"16":{"start":{"line":26,"column":4},"end":{"line":32,"column":6}},"17":{"start":{"line":27,"column":8},"end":{"line":30,"column":9}},"18":{"start":{"line":28,"column":12},"end":{"line":28,"column":33}},"19":{"start":{"line":29,"column":12},"end":{"line":29,"column":84}},"20":{"start":{"line":31,"column":8},"end":{"line":31,"column":57}}},"fnMap":{"0":{"name":"(anonymous_0)","decl":{"start":{"line":8,"column":24},"end":{"line":8,"column":25}},"loc":{"start":{"line":8,"column":49},"end":{"line":19,"column":1}},"line":8},"1":{"name":"(anonymous_1)","decl":{"start":{"line":12,"column":23},"end":{"line":12,"column":24}},"loc":{"start":{"line":12,"column":44},"end":{"line":18,"column":5}},"line":12},"2":{"name":"(anonymous_2)","decl":{"start":{"line":13,"column":44},"end":{"line":13,"column":45}},"loc":{"start":{"line":13,"column":59},"end":{"line":17,"column":9}},"line":13},"3":{"name":"(anonymous_3)","decl":{"start":{"line":21,"column":26},"end":{"line":21,"column":27}},"loc":{"start":{"line":21,"column":52},"end":{"line":33,"column":1}},"line":21},"4":{"name":"(anonymous_4)","decl":{"start":{"line":26,"column":39},"end":{"line":26,"column":40}},"loc":{"start":{"line":26,"column":54},"end":{"line":32,"column":5}},"line":26}},"branchMap":{"0":{"loc":{"start":{"line":14,"column":12},"end":{"line":14,"column":39}},"type":"if","locations":[{"start":{"line":14,"column":12},"end":{"line":14,"column":39}},{"start":{},"end":{}}],"line":14},"1":{"loc":{"start":{"line":15,"column":12},"end":{"line":16,"column":37}},"type":"if","locations":[{"start":{"line":15,"column":12},"end":{"line":16,"column":37}},{"start":{"line":16,"column":17},"end":{"line":16,"column":37}}],"line":15},"2":{"loc":{"start":{"line":15,"column":16},"end":{"line":15,"column":56}},"type":"binary-expr","locations":[{"start":{"line":15,"column":16},"end":{"line":15,"column":35}},{"start":{"line":15,"column":39},"end":{"line":15,"column":56}}],"line":15},"3":{"loc":{"start":{"line":27,"column":8},"end":{"line":30,"column":9}},"type":"if","locations":[{"start":{"line":27,"column":8},"end":{"line":30,"column":9}},{"start":{},"end":{}}],"line":27}},"s":{"0":1,"1":1,"2":0,"3":0,"4":0,"5":0,"6":0,"7":0,"8":0,"9":0,"10":0,"11":0,"12":1,"13":0,"14":0,"15":0,"16":0,"17":0,"18":0,"19":0,"20":0},"f":{"0":0,"1":0,"2":0,"3":0,"4":0},"b":{"0":[0,0],"1":[0,0],"2":[0,0],"3":[0,0]},"_coverageSchema":"1a1c01bbd47fc00a2c39e90264f33305004495a9","hash":"175e1317552d42fb7e4cbf6f8d5ed8f27f8cdd75"}
,"/home/geist/OSP/beta/dbSpy/server/logger/index.ts": {"path":"/home/geist/OSP/beta/dbSpy/server/logger/index.ts","statementMap":{"0":{"start":{"line":4,"column":18},"end":{"line":7,"column":2}},"1":{"start":{"line":9,"column":12},"end":{"line":14,"column":13}},"2":{"start":{"line":13,"column":21},"end":{"line":13,"column":52}}},"fnMap":{"0":{"name":"(anonymous_0)","decl":{"start":{"line":13,"column":15},"end":{"line":13,"column":16}},"loc":{"start":{"line":13,"column":21},"end":{"line":13,"column":52}},"line":13}},"branchMap":{},"s":{"0":1,"1":1,"2":1},"f":{"0":1},"b":{},"_coverageSchema":"1a1c01bbd47fc00a2c39e90264f33305004495a9","hash":"a1e026f52dc8553fbd4483f89ec56a761667c911"}
,"/home/geist/OSP/beta/dbSpy/server/routes/index.ts": {"path":"/home/geist/OSP/beta/dbSpy/server/routes/index.ts","statementMap":{"0":{"start":{"line":13,"column":0},"end":{"line":13,"column":16}},"1":{"start":{"line":19,"column":19},"end":{"line":19,"column":113}},"2":{"start":{"line":22,"column":15},"end":{"line":72,"column":1}},"3":{"start":{"line":24,"column":23},"end":{"line":24,"column":44}},"4":{"start":{"line":26,"column":19},"end":{"line":26,"column":122}},"5":{"start":{"line":28,"column":4},"end":{"line":28,"column":19}},"6":{"start":{"line":31,"column":4},"end":{"line":41,"column":7}},"7":{"start":{"line":44,"column":4},"end":{"line":44,"column":85}},"8":{"start":{"line":44,"column":65},"end":{"line":44,"column":84}},"9":{"start":{"line":46,"column":4},"end":{"line":46,"column":50}},"10":{"start":{"line":48,"column":4},"end":{"line":48,"column":48}},"11":{"start":{"line":50,"column":4},"end":{"line":50,"column":42}},"12":{"start":{"line":52,"column":4},"end":{"line":52,"column":38}},"13":{"start":{"line":55,"column":4},"end":{"line":59,"column":6}},"14":{"start":{"line":56,"column":8},"end":{"line":58,"column":10}},"15":{"start":{"line":57,"column":12},"end":{"line":57,"column":47}},"16":{"start":{"line":62,"column":4},"end":{"line":70,"column":7}},"17":{"start":{"line":63,"column":27},"end":{"line":67,"column":9}},"18":{"start":{"line":68,"column":25},"end":{"line":68,"column":59}},"19":{"start":{"line":69,"column":8},"end":{"line":69,"column":66}}},"fnMap":{"0":{"name":"(anonymous_0)","decl":{"start":{"line":22,"column":15},"end":{"line":22,"column":16}},"loc":{"start":{"line":22,"column":39},"end":{"line":72,"column":1}},"line":22},"1":{"name":"(anonymous_1)","decl":{"start":{"line":44,"column":32},"end":{"line":44,"column":33}},"loc":{"start":{"line":44,"column":65},"end":{"line":44,"column":84}},"line":44},"2":{"name":"(anonymous_2)","decl":{"start":{"line":55,"column":27},"end":{"line":55,"column":28}},"loc":{"start":{"line":55,"column":60},"end":{"line":59,"column":5}},"line":55},"3":{"name":"(anonymous_3)","decl":{"start":{"line":56,"column":28},"end":{"line":56,"column":29}},"loc":{"start":{"line":56,"column":37},"end":{"line":58,"column":9}},"line":56},"4":{"name":"(anonymous_4)","decl":{"start":{"line":62,"column":12},"end":{"line":62,"column":13}},"loc":{"start":{"line":62,"column":82},"end":{"line":70,"column":5}},"line":62}},"branchMap":{"0":{"loc":{"start":{"line":19,"column":19},"end":{"line":19,"column":113}},"type":"cond-expr","locations":[{"start":{"line":19,"column":52},"end":{"line":19,"column":83}},{"start":{"line":19,"column":86},"end":{"line":19,"column":113}}],"line":19},"1":{"loc":{"start":{"line":37,"column":20},"end":{"line":37,"column":76}},"type":"cond-expr","locations":[{"start":{"line":37,"column":63},"end":{"line":37,"column":67}},{"start":{"line":37,"column":70},"end":{"line":37,"column":76}}],"line":37}},"s":{"0":1,"1":1,"2":1,"3":1,"4":1,"5":1,"6":1,"7":1,"8":1,"9":1,"10":1,"11":1,"12":1,"13":1,"14":0,"15":0,"16":1,"17":0,"18":0,"19":0},"f":{"0":1,"1":1,"2":0,"3":0,"4":0},"b":{"0":[0,1],"1":[0,1]},"_coverageSchema":"1a1c01bbd47fc00a2c39e90264f33305004495a9","hash":"4e1210dc64e80ae8b66f0039de418926c1cb9e1c"}
,"/home/geist/OSP/beta/dbSpy/server/routes/mysql.router.ts": {"path":"/home/geist/OSP/beta/dbSpy/server/routes/mysql.router.ts","statementMap":{"0":{"start":{"line":7,"column":20},"end":{"line":7,"column":28}},"1":{"start":{"line":9,"column":0},"end":{"line":11,"column":3}},"2":{"start":{"line":10,"column":4},"end":{"line":10,"column":42}},"3":{"start":{"line":14,"column":0},"end":{"line":16,"column":3}},"4":{"start":{"line":15,"column":4},"end":{"line":15,"column":46}}},"fnMap":{"0":{"name":"(anonymous_0)","decl":{"start":{"line":9,"column":53},"end":{"line":9,"column":54}},"loc":{"start":{"line":9,"column":67},"end":{"line":11,"column":1}},"line":9},"1":{"name":"(anonymous_1)","decl":{"start":{"line":14,"column":41},"end":{"line":14,"column":42}},"loc":{"start":{"line":14,"column":55},"end":{"line":16,"column":1}},"line":14}},"branchMap":{},"s":{"0":1,"1":1,"2":0,"3":1,"4":0},"f":{"0":0,"1":0},"b":{},"_coverageSchema":"1a1c01bbd47fc00a2c39e90264f33305004495a9","hash":"4495f45fba78e7da3e8c735f935deb08acfaddae"}
,"/home/geist/OSP/beta/dbSpy/server/routes/postgres.router.ts": {"path":"/home/geist/OSP/beta/dbSpy/server/routes/postgres.router.ts","statementMap":{"0":{"start":{"line":15,"column":23},"end":{"line":15,"column":31}},"1":{"start":{"line":18,"column":0},"end":{"line":20,"column":3}},"2":{"start":{"line":19,"column":2},"end":{"line":19,"column":42}},"3":{"start":{"line":23,"column":0},"end":{"line":25,"column":3}},"4":{"start":{"line":24,"column":2},"end":{"line":24,"column":37}},"5":{"start":{"line":28,"column":0},"end":{"line":49,"column":3}},"6":{"start":{"line":29,"column":2},"end":{"line":48,"column":5}},"7":{"start":{"line":53,"column":0},"end":{"line":55,"column":3}},"8":{"start":{"line":54,"column":2},"end":{"line":54,"column":56}},"9":{"start":{"line":58,"column":0},"end":{"line":60,"column":3}},"10":{"start":{"line":59,"column":2},"end":{"line":59,"column":43}},"11":{"start":{"line":63,"column":0},"end":{"line":65,"column":3}},"12":{"start":{"line":64,"column":2},"end":{"line":64,"column":45}},"13":{"start":{"line":68,"column":0},"end":{"line":70,"column":3}},"14":{"start":{"line":69,"column":2},"end":{"line":69,"column":44}},"15":{"start":{"line":72,"column":0},"end":{"line":74,"column":3}},"16":{"start":{"line":73,"column":2},"end":{"line":73,"column":25}}},"fnMap":{"0":{"name":"(anonymous_0)","decl":{"start":{"line":18,"column":56},"end":{"line":18,"column":57}},"loc":{"start":{"line":18,"column":70},"end":{"line":20,"column":1}},"line":18},"1":{"name":"(anonymous_1)","decl":{"start":{"line":23,"column":46},"end":{"line":23,"column":47}},"loc":{"start":{"line":23,"column":60},"end":{"line":25,"column":1}},"line":23},"2":{"name":"(anonymous_2)","decl":{"start":{"line":28,"column":47},"end":{"line":28,"column":48}},"loc":{"start":{"line":28,"column":61},"end":{"line":49,"column":1}},"line":28},"3":{"name":"(anonymous_3)","decl":{"start":{"line":53,"column":53},"end":{"line":53,"column":54}},"loc":{"start":{"line":53,"column":67},"end":{"line":55,"column":1}},"line":53},"4":{"name":"(anonymous_4)","decl":{"start":{"line":58,"column":47},"end":{"line":58,"column":48}},"loc":{"start":{"line":58,"column":61},"end":{"line":60,"column":1}},"line":58},"5":{"name":"(anonymous_5)","decl":{"start":{"line":63,"column":51},"end":{"line":63,"column":52}},"loc":{"start":{"line":63,"column":65},"end":{"line":65,"column":1}},"line":63},"6":{"name":"(anonymous_6)","decl":{"start":{"line":68,"column":44},"end":{"line":68,"column":45}},"loc":{"start":{"line":68,"column":58},"end":{"line":70,"column":1}},"line":68},"7":{"name":"(anonymous_7)","decl":{"start":{"line":72,"column":44},"end":{"line":72,"column":45}},"loc":{"start":{"line":72,"column":58},"end":{"line":74,"column":1}},"line":72}},"branchMap":{},"s":{"0":1,"1":1,"2":0,"3":1,"4":0,"5":1,"6":0,"7":1,"8":0,"9":1,"10":0,"11":1,"12":0,"13":1,"14":0,"15":1,"16":0},"f":{"0":0,"1":0,"2":0,"3":0,"4":0,"5":0,"6":0,"7":0},"b":{},"_coverageSchema":"1a1c01bbd47fc00a2c39e90264f33305004495a9","hash":"8a8839bfb90a5dbfaf4626c37a9f05aaee02c1de"}
,"/home/geist/OSP/beta/dbSpy/server/service/session.service.ts": {"path":"/home/geist/OSP/beta/dbSpy/server/service/session.service.ts","statementMap":{"0":{"start":{"line":2,"column":0},"end":{"line":2,"column":15}},"1":{"start":{"line":11,"column":46},"end":{"line":21,"column":1}},"2":{"start":{"line":12,"column":4},"end":{"line":20,"column":5}},"3":{"start":{"line":14,"column":28},"end":{"line":14,"column":44}},"4":{"start":{"line":16,"column":24},"end":{"line":18,"column":10}},"5":{"start":{"line":17,"column":12},"end":{"line":17,"column":44}},"6":{"start":{"line":17,"column":27},"end":{"line":17,"column":44}},"7":{"start":{"line":19,"column":8},"end":{"line":19,"column":38}}},"fnMap":{"0":{"name":"(anonymous_0)","decl":{"start":{"line":11,"column":46},"end":{"line":11,"column":47}},"loc":{"start":{"line":11,"column":66},"end":{"line":21,"column":1}},"line":11},"1":{"name":"(anonymous_1)","decl":{"start":{"line":16,"column":91},"end":{"line":16,"column":92}},"loc":{"start":{"line":16,"column":116},"end":{"line":18,"column":9}},"line":16}},"branchMap":{"0":{"loc":{"start":{"line":12,"column":4},"end":{"line":20,"column":5}},"type":"if","locations":[{"start":{"line":12,"column":4},"end":{"line":20,"column":5}},{"start":{},"end":{}}],"line":12},"1":{"loc":{"start":{"line":17,"column":12},"end":{"line":17,"column":44}},"type":"if","locations":[{"start":{"line":17,"column":12},"end":{"line":17,"column":44}},{"start":{},"end":{}}],"line":17}},"s":{"0":1,"1":1,"2":0,"3":0,"4":0,"5":0,"6":0,"7":0},"f":{"0":0,"1":0},"b":{"0":[0,0],"1":[0,0]},"_coverageSchema":"1a1c01bbd47fc00a2c39e90264f33305004495a9","hash":"9b354c3680dca352fa2e99039cf7c5be1614b06c"}
,"/home/geist/OSP/beta/dbSpy/server/utils/getGoogleAuthToken.ts": {"path":"/home/geist/OSP/beta/dbSpy/server/utils/getGoogleAuthToken.ts","statementMap":{"0":{"start":{"line":5,"column":0},"end":{"line":5,"column":15}},"1":{"start":{"line":14,"column":39},"end":{"line":36,"column":1}},"2":{"start":{"line":15,"column":16},"end":{"line":15,"column":53}},"3":{"start":{"line":17,"column":20},"end":{"line":23,"column":5}},"4":{"start":{"line":25,"column":4},"end":{"line":35,"column":5}},"5":{"start":{"line":26,"column":25},"end":{"line":28,"column":10}},"6":{"start":{"line":29,"column":8},"end":{"line":29,"column":58}},"7":{"start":{"line":30,"column":8},"end":{"line":30,"column":29}},"8":{"start":{"line":33,"column":8},"end":{"line":33,"column":66}},"9":{"start":{"line":34,"column":8},"end":{"line":34,"column":38}}},"fnMap":{"0":{"name":"(anonymous_0)","decl":{"start":{"line":14,"column":39},"end":{"line":14,"column":40}},"loc":{"start":{"line":14,"column":77},"end":{"line":36,"column":1}},"line":14}},"branchMap":{},"s":{"0":1,"1":1,"2":0,"3":0,"4":0,"5":0,"6":0,"7":0,"8":0,"9":0},"f":{"0":0},"b":{},"_coverageSchema":"1a1c01bbd47fc00a2c39e90264f33305004495a9","hash":"5666642c8611d9290d2ce530c9ae96ae83e82f86"}
}
