TN:
SF:mocks/fileMock.js
FNF:0
FNH:0
LF:0
LH:0
BRF:0
BRH:0
end_of_record
TN:
SF:src/parse.js
FN:11,(anonymous_0)
FN:33,(anonymous_1)
FN:34,(anonymous_2)
FN:39,(anonymous_3)
FN:61,TableModel
FN:67,PropertyModel
FN:76,ForeignKeyModel
FN:84,PrimaryKeyModel
FN:97,createProperty
FN:108,createTable
FN:117,createForeignKey
FN:135,createPrimaryKey
FN:143,parseSQLServerForeignKey
FN:197,parseMySQLForeignKey
FN:213,(anonymous_14)
FN:265,processPrimaryKey
FN:266,(anonymous_16)
FN:267,(anonymous_17)
FN:269,(anonymous_18)
FN:281,processForeignKey
FN:282,(anonymous_20)
FN:283,(anonymous_21)
FN:285,(anonymous_22)
FN:293,(anonymous_23)
FN:311,parseSQLServerName
FN:338,parseTableName
FN:345,parseAlterTable
FN:351,(anonymous_27)
FN:376,parseSQLServerPrimaryKey
FN:400,parseMYSQLPrimaryKey
FN:403,(anonymous_30)
FN:412,parseSql
FN:632,createTableUI
FN:633,(anonymous_33)
FN:643,checkSpecialKey
FNF:35
FNH:29
FNDA:2,(anonymous_0)
FNDA:9,(anonymous_1)
FNDA:35,(anonymous_2)
FNDA:10,(anonymous_3)
FNDA:9,TableModel
FNDA:35,PropertyModel
FNDA:5,ForeignKeyModel
FNDA:9,PrimaryKeyModel
FNDA:35,createProperty
FNDA:9,createTable
FNDA:5,createForeignKey
FNDA:9,createPrimaryKey
FNDA:0,parseSQLServerForeignKey
FNDA:5,parseMySQLForeignKey
FNDA:17,(anonymous_14)
FNDA:2,processPrimaryKey
FNDA:9,(anonymous_16)
FNDA:53,(anonymous_17)
FNDA:35,(anonymous_18)
FNDA:2,processForeignKey
FNDA:5,(anonymous_20)
FNDA:35,(anonymous_21)
FNDA:17,(anonymous_22)
FNDA:18,(anonymous_23)
FNDA:9,parseSQLServerName
FNDA:9,parseTableName
FNDA:5,parseAlterTable
FNDA:35,(anonymous_27)
FNDA:9,parseSQLServerPrimaryKey
FNDA:0,parseMYSQLPrimaryKey
FNDA:0,(anonymous_30)
FNDA:2,parseSql
FNDA:0,createTableUI
FNDA:0,(anonymous_33)
FNDA:0,checkSpecialKey
DA:2,4
DA:3,4
DA:4,4
DA:5,4
DA:6,4
DA:11,4
DA:12,2
DA:19,2
DA:21,9
DA:22,9
DA:23,35
DA:24,35
DA:27,9
DA:33,2
DA:34,9
DA:35,35
DA:36,35
DA:37,35
DA:38,35
DA:39,8
DA:40,10
DA:41,10
DA:46,35
DA:47,35
DA:48,35
DA:55,2
DA:62,9
DA:63,9
DA:68,35
DA:69,35
DA:70,35
DA:71,35
DA:72,35
DA:73,35
DA:77,5
DA:78,5
DA:79,5
DA:80,5
DA:81,5
DA:85,9
DA:86,9
DA:90,4
DA:91,4
DA:92,4
DA:98,35
DA:99,35
DA:100,35
DA:101,35
DA:102,35
DA:103,35
DA:104,35
DA:109,9
DA:110,9
DA:112,9
DA:113,9
DA:124,5
DA:125,5
DA:126,5
DA:127,5
DA:128,5
DA:129,5
DA:131,5
DA:136,9
DA:137,9
DA:138,9
DA:139,9
DA:145,0
DA:148,0
DA:149,0
DA:152,0
DA:153,0
DA:156,0
DA:157,0
DA:158,0
DA:162,0
DA:171,0
DA:174,0
DA:183,0
DA:186,0
DA:189,0
DA:190,0
DA:194,0
DA:198,5
DA:200,5
DA:203,5
DA:207,5
DA:213,5
DA:214,17
DA:215,5
DA:216,5
DA:220,5
DA:222,5
DA:223,5
DA:224,12
DA:225,5
DA:226,5
DA:230,5
DA:231,5
DA:232,10
DA:233,10
DA:234,73
DA:240,5
DA:241,5
DA:250,5
DA:258,5
DA:260,5
DA:266,2
DA:267,9
DA:268,53
DA:269,9
DA:270,35
DA:271,9
DA:282,2
DA:283,5
DA:284,35
DA:285,5
DA:286,17
DA:287,5
DA:288,5
DA:292,35
DA:293,5
DA:294,18
DA:295,5
DA:312,9
DA:313,9
DA:314,9
DA:315,9
DA:316,9
DA:317,9
DA:318,9
DA:320,0
DA:321,0
DA:324,9
DA:325,0
DA:327,9
DA:328,0
DA:330,9
DA:331,9
DA:333,9
DA:334,9
DA:339,9
DA:340,9
DA:342,9
DA:346,5
DA:347,5
DA:349,5
DA:351,5
DA:352,35
DA:353,5
DA:357,5
DA:358,5
DA:362,5
DA:367,0
DA:368,0
DA:372,0
DA:377,9
DA:385,9
DA:388,9
DA:391,9
DA:395,9
DA:396,9
DA:401,0
DA:403,0
DA:404,0
DA:405,0
DA:406,0
DA:413,2
DA:414,2
DA:415,2
DA:416,2
DA:417,2
DA:418,2
DA:419,2
DA:421,2
DA:424,2
DA:425,76
DA:427,76
DA:429,76
DA:431,76
DA:432,9
DA:433,9
DA:437,76
DA:439,9
DA:442,9
DA:445,9
DA:448,67
DA:449,5
DA:450,5
DA:452,5
DA:453,35
DA:454,8
DA:458,5
DA:459,5
DA:463,62
DA:469,35
DA:474,35
DA:475,35
DA:477,0
DA:478,0
DA:481,0
DA:482,0
DA:489,35
DA:491,35
DA:492,35
DA:493,0
DA:494,35
DA:495,9
DA:496,26
DA:497,0
DA:502,35
DA:508,35
DA:510,26
DA:525,0
DA:529,26
DA:532,26
DA:541,26
DA:545,35
DA:551,9
DA:555,9
DA:556,9
DA:560,0
DA:561,0
DA:566,35
DA:572,0
DA:576,0
DA:577,0
DA:578,0
DA:579,0
DA:588,0
DA:590,0
DA:597,2
DA:600,2
DA:602,2
DA:603,9
DA:604,35
DA:605,35
DA:607,35
DA:608,35
DA:609,31
DA:610,31
DA:612,31
DA:613,31
DA:614,31
DA:616,4
DA:617,4
DA:618,4
DA:619,4
DA:620,4
DA:626,2
DA:633,0
DA:635,0
DA:638,0
DA:644,0
DA:645,0
DA:646,0
DA:647,0
DA:648,0
DA:649,0
DA:651,0
LF:259
LH:205
BRDA:38,0,0,8
BRDA:38,0,1,27
BRDA:46,1,0,0
BRDA:46,1,1,35
BRDA:47,2,0,0
BRDA:47,2,1,35
BRDA:48,3,0,0
BRDA:48,3,1,35
BRDA:99,4,0,35
BRDA:99,4,1,35
BRDA:130,5,0,5
BRDA:130,5,1,0
BRDA:130,6,0,5
BRDA:130,6,1,5
BRDA:157,7,0,0
BRDA:157,7,1,0
BRDA:189,8,0,0
BRDA:189,8,1,0
BRDA:197,9,0,0
BRDA:214,10,0,5
BRDA:214,10,1,12
BRDA:224,11,0,5
BRDA:224,11,1,7
BRDA:234,12,0,5
BRDA:234,12,1,68
BRDA:235,13,0,73
BRDA:235,13,1,5
BRDA:268,14,0,9
BRDA:268,14,1,44
BRDA:270,15,0,9
BRDA:270,15,1,26
BRDA:284,16,0,5
BRDA:284,16,1,30
BRDA:286,17,0,5
BRDA:286,17,1,12
BRDA:292,18,0,5
BRDA:292,18,1,30
BRDA:294,19,0,5
BRDA:294,19,1,13
BRDA:316,20,0,9
BRDA:316,20,1,0
BRDA:316,21,0,9
BRDA:316,21,1,0
BRDA:320,22,0,0
BRDA:320,22,1,0
BRDA:324,23,0,0
BRDA:324,23,1,9
BRDA:327,24,0,0
BRDA:327,24,1,9
BRDA:330,25,0,9
BRDA:330,25,1,0
BRDA:339,26,0,9
BRDA:339,26,1,0
BRDA:352,27,0,5
BRDA:352,27,1,30
BRDA:357,28,0,5
BRDA:357,28,1,0
BRDA:365,29,0,5
BRDA:365,29,1,0
BRDA:367,30,0,0
BRDA:367,30,1,0
BRDA:395,31,0,9
BRDA:395,31,1,0
BRDA:404,32,0,0
BRDA:404,32,1,0
BRDA:431,33,0,9
BRDA:431,33,1,67
BRDA:431,34,0,76
BRDA:431,34,1,44
BRDA:437,35,0,9
BRDA:437,35,1,67
BRDA:448,36,0,5
BRDA:448,36,1,62
BRDA:453,37,0,8
BRDA:453,37,1,27
BRDA:458,38,0,5
BRDA:458,38,1,0
BRDA:458,39,0,5
BRDA:458,39,1,5
BRDA:463,40,0,35
BRDA:463,40,1,27
BRDA:464,41,0,62
BRDA:464,41,1,62
BRDA:464,41,2,35
BRDA:471,42,0,27
BRDA:471,42,1,8
BRDA:475,43,0,0
BRDA:475,43,1,35
BRDA:477,44,0,0
BRDA:477,44,1,0
BRDA:481,45,0,0
BRDA:481,45,1,0
BRDA:491,46,0,35
BRDA:491,46,1,0
BRDA:491,47,0,35
BRDA:491,47,1,35
BRDA:492,48,0,0
BRDA:492,48,1,35
BRDA:492,49,0,35
BRDA:492,49,1,9
BRDA:494,50,0,9
BRDA:494,50,1,26
BRDA:496,51,0,0
BRDA:496,51,1,26
BRDA:502,52,0,35
BRDA:502,52,1,35
BRDA:502,52,2,35
BRDA:502,52,3,26
BRDA:502,52,4,26
BRDA:508,53,0,26
BRDA:508,53,1,9
BRDA:510,54,0,0
BRDA:510,54,1,26
BRDA:511,55,0,26
BRDA:511,55,1,26
BRDA:511,55,2,26
BRDA:511,55,3,26
BRDA:511,55,4,26
BRDA:511,55,5,26
BRDA:511,55,6,26
BRDA:511,55,7,26
BRDA:511,55,8,26
BRDA:511,55,9,26
BRDA:511,55,10,26
BRDA:511,55,11,26
BRDA:511,55,12,26
BRDA:545,56,0,9
BRDA:545,56,1,26
BRDA:546,57,0,35
BRDA:546,57,1,35
BRDA:546,57,2,26
BRDA:551,58,0,9
BRDA:551,58,1,0
BRDA:552,59,0,9
BRDA:552,59,1,0
BRDA:555,60,0,9
BRDA:555,60,1,0
BRDA:555,61,0,9
BRDA:555,61,1,9
BRDA:560,62,0,0
BRDA:560,62,1,0
BRDA:566,63,0,0
BRDA:566,63,1,35
BRDA:567,64,0,35
BRDA:567,64,1,35
BRDA:567,64,2,35
BRDA:572,65,0,0
BRDA:572,65,1,0
BRDA:573,66,0,0
BRDA:573,66,1,0
BRDA:577,67,0,0
BRDA:577,67,1,0
BRDA:604,68,0,35
BRDA:604,68,1,0
BRDA:608,69,0,31
BRDA:608,69,1,4
BRDA:644,70,0,0
BRDA:644,70,1,0
BRDA:644,71,0,0
BRDA:644,71,1,0
BRDA:646,72,0,0
BRDA:646,72,1,0
BRDA:648,73,0,0
BRDA:648,73,1,0
BRF:164
BRH:109
end_of_record
TN:
SF:src/queryGen.ts
FN:30,queryGen
FNF:1
FNH:1
FNDA:1,queryGen
DA:31,1
DA:32,1
DA:34,1
DA:36,1
DA:37,1
DA:39,1
DA:50,2
DA:54,2
DA:56,2
DA:57,1
DA:60,2
DA:61,2
DA:64,2
DA:65,0
DA:66,0
DA:67,0
DA:69,2
DA:70,2
DA:75,2
DA:77,2
DA:78,1
DA:79,1
DA:83,1
DA:84,1
DA:87,1
DA:88,1
DA:90,1
LF:27
LH:24
BRDA:56,0,0,1
BRDA:56,0,1,1
BRDA:60,1,0,2
BRDA:60,1,1,0
BRDA:64,2,0,0
BRDA:64,2,1,2
BRDA:65,3,0,0
BRDA:65,3,1,0
BRDA:77,4,0,1
BRDA:77,4,1,1
BRDA:83,5,0,1
BRDA:83,5,1,0
BRF:12
BRH:7
end_of_record
TN:
SF:src/components/Navbar.tsx
FN:10,Navbar
FN:13,(anonymous_1)
FN:18,(anonymous_2)
FNF:3
FNH:2
FNDA:1,Navbar
FNDA:1,(anonymous_1)
FNDA:0,(anonymous_2)
DA:8,1
DA:12,1
DA:13,1
DA:18,1
DA:19,0
DA:20,0
DA:21,0
DA:24,1
LF:8
LH:5
BRDA:21,0,0,0
BRDA:21,0,1,0
BRDA:40,1,0,0
BRDA:40,1,1,1
BRF:4
BRH:1
end_of_record
TN:
SF:src/components/DBDisplay/AddReference.tsx
FN:7,(anonymous_0)
FN:8,(anonymous_1)
FN:9,(anonymous_2)
FN:10,(anonymous_3)
FN:42,(anonymous_4)
FN:52,(anonymous_5)
FN:109,(anonymous_6)
FN:120,(anonymous_7)
FN:182,(anonymous_8)
FN:208,(anonymous_9)
FN:237,(anonymous_10)
FNF:11
FNH:2
FNDA:1,(anonymous_0)
FNDA:0,(anonymous_1)
FNDA:0,(anonymous_2)
FNDA:1,(anonymous_3)
FNDA:0,(anonymous_4)
FNDA:0,(anonymous_5)
FNDA:0,(anonymous_6)
FNDA:0,(anonymous_7)
FNDA:0,(anonymous_8)
FNDA:0,(anonymous_9)
FNDA:0,(anonymous_10)
DA:7,4
DA:8,1
DA:9,1
DA:10,1
DA:14,1
DA:16,0
DA:18,0
DA:20,0
DA:22,0
DA:24,1
DA:28,1
DA:37,1
DA:38,1
DA:39,1
DA:42,1
DA:43,0
DA:44,0
DA:45,0
DA:46,0
DA:47,0
DA:52,1
DA:53,0
DA:54,0
DA:60,0
DA:61,0
DA:70,0
DA:71,0
DA:72,0
DA:73,0
DA:76,0
DA:84,0
DA:104,0
DA:105,0
DA:106,0
DA:107,0
DA:108,0
DA:109,0
DA:111,0
DA:114,0
DA:115,0
DA:116,0
DA:120,1
DA:121,0
DA:122,0
DA:123,0
DA:124,0
DA:126,0
DA:127,0
DA:132,1
DA:133,1
DA:134,3
DA:135,2
DA:143,1
DA:144,1
DA:145,0
DA:146,0
DA:154,1
DA:183,0
DA:184,0
DA:188,0
DA:209,0
DA:210,0
DA:215,0
DA:238,0
LF:64
LH:20
BRDA:14,0,0,0
BRDA:14,0,1,0
BRDA:14,0,2,0
BRDA:14,0,3,0
BRDA:14,0,4,1
BRDA:45,1,0,0
BRDA:45,1,1,0
BRDA:45,2,0,0
BRDA:45,2,1,0
BRDA:70,3,0,0
BRDA:70,3,1,0
BRDA:70,4,0,0
BRDA:70,4,1,0
BRDA:134,5,0,2
BRDA:134,5,1,1
BRDA:145,6,0,0
BRDA:145,6,1,0
BRDA:183,7,0,0
BRDA:183,7,1,0
BRDA:195,8,0,0
BRDA:195,8,1,1
BRDA:209,9,0,0
BRDA:209,9,1,0
BRDA:224,10,0,0
BRDA:224,10,1,1
BRF:25
BRH:5
end_of_record
TN:
SF:src/components/DBDisplay/FeatureTab.tsx
FN:17,FeatureTab
FN:19,(anonymous_1)
FN:22,(anonymous_2)
FN:23,(anonymous_3)
FN:25,(anonymous_4)
FN:33,(anonymous_5)
FN:39,(anonymous_6)
FN:46,(anonymous_7)
FN:51,(anonymous_8)
FN:57,(anonymous_9)
FN:63,(anonymous_10)
FN:69,(anonymous_11)
FN:74,(anonymous_12)
FN:78,(anonymous_13)
FN:87,(anonymous_14)
FN:93,(anonymous_15)
FN:100,(anonymous_16)
FN:104,(anonymous_17)
FN:109,(anonymous_18)
FN:116,(anonymous_19)
FN:120,(anonymous_20)
FN:134,(anonymous_21)
FN:252,(anonymous_22)
FN:281,(anonymous_23)
FN:381,(anonymous_24)
FN:405,(anonymous_25)
FN:430,(anonymous_26)
FN:466,(anonymous_27)
FN:472,(anonymous_28)
FNF:29
FNH:5
FNDA:2,FeatureTab
FNDA:2,(anonymous_1)
FNDA:2,(anonymous_2)
FNDA:2,(anonymous_3)
FNDA:2,(anonymous_4)
FNDA:0,(anonymous_5)
FNDA:0,(anonymous_6)
FNDA:0,(anonymous_7)
FNDA:0,(anonymous_8)
FNDA:0,(anonymous_9)
FNDA:0,(anonymous_10)
FNDA:0,(anonymous_11)
FNDA:0,(anonymous_12)
FNDA:0,(anonymous_13)
FNDA:0,(anonymous_14)
FNDA:0,(anonymous_15)
FNDA:0,(anonymous_16)
FNDA:0,(anonymous_17)
FNDA:0,(anonymous_18)
FNDA:0,(anonymous_19)
FNDA:0,(anonymous_20)
FNDA:0,(anonymous_21)
FNDA:0,(anonymous_22)
FNDA:0,(anonymous_23)
FNDA:0,(anonymous_24)
FNDA:0,(anonymous_25)
FNDA:0,(anonymous_26)
FNDA:0,(anonymous_27)
FNDA:0,(anonymous_28)
DA:19,2
DA:22,2
DA:23,2
DA:25,2
DA:26,2
DA:27,2
DA:31,2
DA:33,2
DA:34,0
DA:35,0
DA:36,0
DA:39,2
DA:40,0
DA:41,0
DA:46,2
DA:48,0
DA:49,0
DA:51,2
DA:53,0
DA:54,0
DA:57,2
DA:59,0
DA:60,0
DA:63,2
DA:65,0
DA:66,0
DA:69,2
DA:71,0
DA:72,0
DA:73,0
DA:74,0
DA:75,0
DA:76,0
DA:77,0
DA:78,0
DA:80,0
DA:81,0
DA:82,0
DA:87,2
DA:88,0
DA:89,0
DA:90,0
DA:93,2
DA:94,0
DA:95,0
DA:96,0
DA:97,0
DA:100,2
DA:101,0
DA:104,2
DA:105,0
DA:109,2
DA:110,0
DA:112,0
DA:116,0
DA:120,2
DA:121,0
DA:122,0
DA:123,0
DA:124,0
DA:125,0
DA:126,0
DA:128,0
DA:129,0
DA:134,2
DA:135,0
DA:136,0
DA:137,0
DA:138,0
DA:143,2
DA:253,0
DA:255,0
DA:282,0
DA:381,0
DA:405,0
DA:430,0
DA:466,0
DA:472,0
LF:78
LH:22
BRDA:41,0,0,0
BRDA:41,0,1,0
BRDA:48,1,0,0
BRDA:48,1,1,0
BRDA:53,2,0,0
BRDA:53,2,1,0
BRDA:59,3,0,0
BRDA:59,3,1,0
BRDA:65,4,0,0
BRDA:65,4,1,0
BRDA:110,5,0,0
BRDA:110,5,1,0
BRDA:122,6,0,0
BRDA:122,6,1,0
BRDA:124,7,0,0
BRDA:124,7,1,0
BRDA:249,8,0,2
BRDA:249,8,1,0
BRDA:255,9,0,0
BRDA:255,9,1,0
BRDA:278,10,0,0
BRDA:278,10,1,2
BRDA:427,11,0,0
BRDA:427,11,1,2
BRDA:483,12,0,0
BRDA:483,12,1,2
BRF:26
BRH:4
end_of_record
TN:
SF:src/components/DBDisplay/Sidebar.tsx
FN:16,(anonymous_0)
FN:18,(anonymous_1)
FN:19,(anonymous_2)
FN:20,(anonymous_3)
FN:21,(anonymous_4)
FN:44,(anonymous_5)
FN:111,(anonymous_6)
FN:115,(anonymous_7)
FN:124,(anonymous_8)
FN:149,(anonymous_9)
FN:179,(anonymous_10)
FN:201,(anonymous_11)
FN:223,(anonymous_12)
FN:249,(anonymous_13)
FN:261,(anonymous_14)
FN:273,(anonymous_15)
FN:285,(anonymous_16)
FN:297,(anonymous_17)
FN:310,(anonymous_18)
FN:320,(anonymous_19)
FNF:20
FNH:5
FNDA:2,(anonymous_0)
FNDA:2,(anonymous_1)
FNDA:2,(anonymous_2)
FNDA:2,(anonymous_3)
FNDA:2,(anonymous_4)
FNDA:0,(anonymous_5)
FNDA:0,(anonymous_6)
FNDA:0,(anonymous_7)
FNDA:0,(anonymous_8)
FNDA:0,(anonymous_9)
FNDA:0,(anonymous_10)
FNDA:0,(anonymous_11)
FNDA:0,(anonymous_12)
FNDA:0,(anonymous_13)
FNDA:0,(anonymous_14)
FNDA:0,(anonymous_15)
FNDA:0,(anonymous_16)
FNDA:0,(anonymous_17)
FNDA:0,(anonymous_18)
FNDA:0,(anonymous_19)
DA:16,3
DA:18,2
DA:19,2
DA:20,2
DA:21,2
DA:22,2
DA:24,2
DA:26,2
DA:27,2
DA:30,2
DA:44,2
DA:45,0
DA:46,0
DA:48,0
DA:49,0
DA:50,0
DA:51,0
DA:53,0
DA:54,0
DA:55,0
DA:56,0
DA:57,0
DA:58,0
DA:59,0
DA:60,0
DA:61,0
DA:62,0
DA:64,0
DA:65,0
DA:66,0
DA:67,0
DA:68,0
DA:69,0
DA:70,0
DA:71,0
DA:72,0
DA:73,0
DA:75,0
DA:76,0
DA:77,0
DA:78,0
DA:79,0
DA:80,0
DA:81,0
DA:82,0
DA:83,0
DA:84,0
DA:85,0
DA:87,0
DA:88,0
DA:89,0
DA:90,0
DA:91,0
DA:92,0
DA:93,0
DA:94,0
DA:95,0
DA:96,0
DA:98,0
DA:99,0
DA:100,0
DA:104,0
DA:105,0
DA:109,0
DA:113,0
DA:115,0
DA:116,0
DA:117,0
DA:118,0
DA:119,0
DA:120,0
DA:124,2
DA:125,0
DA:126,0
DA:127,0
DA:128,0
DA:129,0
DA:130,0
DA:131,0
DA:135,2
DA:150,0
DA:151,0
DA:180,0
DA:202,0
DA:224,0
DA:249,0
DA:261,0
DA:273,0
DA:285,0
DA:297,0
DA:310,0
DA:320,0
LF:92
LH:13
BRDA:48,0,0,0
BRDA:48,0,1,0
BRDA:51,1,0,0
BRDA:51,1,1,0
BRDA:51,1,2,0
BRDA:51,1,3,0
BRDA:59,2,0,0
BRDA:59,2,1,0
BRDA:70,3,0,0
BRDA:70,3,1,0
BRDA:81,4,0,0
BRDA:81,4,1,0
BRDA:93,5,0,0
BRDA:93,5,1,0
BRDA:98,6,0,0
BRDA:98,6,1,0
BRDA:126,7,0,0
BRDA:126,7,1,0
BRDA:129,8,0,0
BRDA:129,8,1,0
BRDA:163,9,0,2
BRDA:163,9,1,2
BRDA:186,10,0,2
BRDA:186,10,1,0
BRDA:208,11,0,2
BRDA:208,11,1,0
BRDA:230,12,0,2
BRDA:230,12,1,2
BRDA:299,13,0,0
BRDA:299,13,1,2
BRDA:325,14,0,2
BRDA:325,14,1,0
BRF:32
BRH:8
end_of_record
TN:
SF:src/components/Modals/ColumnInput.tsx
FN:25,ColumnInput
FN:39,(anonymous_1)
FN:56,(anonymous_2)
FN:77,(anonymous_3)
FN:94,(anonymous_4)
FN:114,(anonymous_5)
FN:131,(anonymous_6)
FN:147,(anonymous_7)
FN:157,(anonymous_8)
FNF:9
FNH:0
FNDA:0,ColumnInput
FNDA:0,(anonymous_1)
FNDA:0,(anonymous_2)
FNDA:0,(anonymous_3)
FNDA:0,(anonymous_4)
FNDA:0,(anonymous_5)
FNDA:0,(anonymous_6)
FNDA:0,(anonymous_7)
FNDA:0,(anonymous_8)
DA:37,0
DA:38,0
DA:39,0
DA:43,0
DA:45,0
DA:47,0
DA:49,0
DA:51,0
DA:53,0
DA:56,0
DA:57,0
DA:58,0
DA:61,0
DA:78,0
DA:79,0
DA:95,0
DA:96,0
DA:114,0
DA:131,0
DA:147,0
DA:157,0
LF:21
LH:0
BRDA:43,0,0,0
BRDA:43,0,1,0
BRDA:43,0,2,0
BRDA:43,0,3,0
BRDA:43,0,4,0
BRDA:130,1,0,0
BRDA:130,1,1,0
BRDA:135,2,0,0
BRDA:135,2,1,0
BRDA:153,3,0,0
BRDA:153,3,1,0
BRF:11
BRH:0
end_of_record
TN:
SF:src/components/Modals/DataInputModal.tsx
FN:24,DataInputModal
FN:33,(anonymous_1)
FN:34,(anonymous_2)
FN:35,(anonymous_3)
FN:45,(anonymous_4)
FN:60,(anonymous_5)
FN:65,(anonymous_6)
FN:70,(anonymous_7)
FN:85,(anonymous_8)
FN:90,(anonymous_9)
FN:100,(anonymous_10)
FNF:11
FNH:0
FNDA:0,DataInputModal
FNDA:0,(anonymous_1)
FNDA:0,(anonymous_2)
FNDA:0,(anonymous_3)
FNDA:0,(anonymous_4)
FNDA:0,(anonymous_5)
FNDA:0,(anonymous_6)
FNDA:0,(anonymous_7)
FNDA:0,(anonymous_8)
FNDA:0,(anonymous_9)
FNDA:0,(anonymous_10)
DA:30,0
DA:31,0
DA:32,0
DA:33,0
DA:34,0
DA:35,0
DA:38,0
DA:39,0
DA:43,0
DA:45,0
DA:46,0
DA:48,0
DA:53,0
DA:60,0
DA:61,0
DA:62,0
DA:64,0
DA:65,0
DA:66,0
DA:70,0
DA:71,0
DA:74,0
DA:75,0
DA:77,0
DA:79,0
DA:80,0
DA:85,0
DA:90,0
DA:91,0
DA:92,0
DA:96,0
DA:101,0
DA:102,0
DA:103,0
LF:34
LH:0
BRDA:64,0,0,0
BRDA:64,0,1,0
BRF:2
BRH:0
end_of_record
TN:
SF:src/components/Modals/DataTypeOptions.tsx
FN:78,DataTypeOptions
FN:79,(anonymous_1)
FN:286,(anonymous_2)
FNF:3
FNH:0
FNDA:0,DataTypeOptions
FNDA:0,(anonymous_1)
FNDA:0,(anonymous_2)
DA:79,0
DA:81,0
DA:82,0
DA:84,0
DA:133,0
DA:135,0
DA:170,0
DA:172,0
DA:210,0
DA:212,0
DA:225,0
DA:227,0
DA:283,0
DA:286,0
DA:289,0
DA:293,0
LF:16
LH:0
BRDA:82,0,0,0
BRDA:82,0,1,0
BRDA:82,0,2,0
BRDA:82,0,3,0
BRDA:82,0,4,0
BRF:5
BRH:0
end_of_record
TN:
SF:src/components/Modals/DeleteTableModal.tsx
FN:10,DeleteTableModal
FN:17,(anonymous_1)
FN:18,(anonymous_2)
FN:19,(anonymous_3)
FN:21,(anonymous_4)
FN:22,(anonymous_5)
FN:36,(anonymous_6)
FN:45,(anonymous_7)
FN:49,(anonymous_8)
FN:53,(anonymous_9)
FN:58,(anonymous_10)
FN:72,(anonymous_11)
FN:77,(anonymous_12)
FN:93,(anonymous_13)
FN:103,(anonymous_14)
FN:116,(anonymous_15)
FNF:16
FNH:0
FNDA:0,DeleteTableModal
FNDA:0,(anonymous_1)
FNDA:0,(anonymous_2)
FNDA:0,(anonymous_3)
FNDA:0,(anonymous_4)
FNDA:0,(anonymous_5)
FNDA:0,(anonymous_6)
FNDA:0,(anonymous_7)
FNDA:0,(anonymous_8)
FNDA:0,(anonymous_9)
FNDA:0,(anonymous_10)
FNDA:0,(anonymous_11)
FNDA:0,(anonymous_12)
FNDA:0,(anonymous_13)
FNDA:0,(anonymous_14)
FNDA:0,(anonymous_15)
DA:13,0
DA:14,0
DA:15,0
DA:17,0
DA:18,0
DA:19,0
DA:21,0
DA:22,0
DA:23,0
DA:24,0
DA:25,0
DA:26,0
DA:28,0
DA:30,0
DA:33,0
DA:36,0
DA:37,0
DA:38,0
DA:46,0
DA:47,0
DA:50,0
DA:51,0
DA:54,0
DA:55,0
DA:56,0
DA:59,0
DA:60,0
DA:61,0
DA:62,0
DA:67,0
DA:73,0
DA:77,0
DA:94,0
DA:95,0
DA:96,0
DA:103,0
DA:117,0
DA:118,0
DA:119,0
DA:120,0
LF:40
LH:0
BRDA:50,0,0,0
BRDA:50,0,1,0
BRDA:51,1,0,0
BRDA:51,1,1,0
BRDA:85,2,0,0
BRDA:85,2,1,0
BRDA:87,3,0,0
BRDA:87,3,1,0
BRF:8
BRH:0
end_of_record
TN:
SF:src/components/Modals/InputModal.tsx
FN:33,InputModal
FN:41,(anonymous_1)
FN:42,(anonymous_2)
FN:43,(anonymous_3)
FN:66,(anonymous_4)
FN:70,(anonymous_5)
FN:78,(anonymous_6)
FN:82,(anonymous_7)
FN:98,(anonymous_8)
FN:99,(anonymous_9)
FN:136,(anonymous_10)
FN:137,(anonymous_11)
FN:145,(anonymous_12)
FN:146,(anonymous_13)
FN:152,(anonymous_14)
FN:159,(anonymous_15)
FN:179,(anonymous_16)
FN:201,(anonymous_17)
FN:222,(anonymous_18)
FNF:19
FNH:0
FNDA:0,InputModal
FNDA:0,(anonymous_1)
FNDA:0,(anonymous_2)
FNDA:0,(anonymous_3)
FNDA:0,(anonymous_4)
FNDA:0,(anonymous_5)
FNDA:0,(anonymous_6)
FNDA:0,(anonymous_7)
FNDA:0,(anonymous_8)
FNDA:0,(anonymous_9)
FNDA:0,(anonymous_10)
FNDA:0,(anonymous_11)
FNDA:0,(anonymous_12)
FNDA:0,(anonymous_13)
FNDA:0,(anonymous_14)
FNDA:0,(anonymous_15)
FNDA:0,(anonymous_16)
FNDA:0,(anonymous_17)
FNDA:0,(anonymous_18)
DA:41,0
DA:42,0
DA:43,0
DA:45,0
DA:46,0
DA:55,0
DA:66,0
DA:67,0
DA:68,0
DA:70,0
DA:71,0
DA:72,0
DA:77,0
DA:78,0
DA:82,0
DA:83,0
DA:85,0
DA:86,0
DA:87,0
DA:93,0
DA:98,0
DA:100,0
DA:101,0
DA:105,0
DA:106,0
DA:107,0
DA:109,0
DA:114,0
DA:120,0
DA:122,0
DA:123,0
DA:124,0
DA:128,0
DA:136,0
DA:137,0
DA:138,0
DA:140,0
DA:145,0
DA:146,0
DA:147,0
DA:148,0
DA:152,0
DA:159,0
DA:161,0
DA:163,0
DA:164,0
DA:167,0
DA:170,0
DA:171,0
DA:173,0
DA:174,0
DA:179,0
DA:180,0
DA:197,0
DA:202,0
DA:203,0
DA:204,0
DA:222,0
LF:58
LH:0
BRDA:67,0,0,0
BRDA:67,0,1,0
BRDA:71,1,0,0
BRDA:71,1,1,0
BRDA:85,2,0,0
BRDA:85,2,1,0
BRDA:105,3,0,0
BRDA:105,3,1,0
BRDA:161,4,0,0
BRDA:161,4,1,0
BRDA:167,5,0,0
BRDA:167,5,1,0
BRDA:204,6,0,0
BRDA:204,6,1,0
BRDA:209,7,0,0
BRDA:209,7,1,0
BRDA:222,8,0,0
BRDA:222,8,1,0
BRDA:231,9,0,0
BRDA:231,9,1,0
BRDA:233,10,0,0
BRDA:233,10,1,0
BRDA:258,11,0,0
BRDA:258,11,1,0
BRF:24
BRH:0
end_of_record
TN:
SF:src/components/Modals/QueryModal.tsx
FN:10,QueryModal
FN:13,(anonymous_1)
FN:18,(anonymous_2)
FN:23,(anonymous_3)
FNF:4
FNH:0
FNDA:0,QueryModal
FNDA:0,(anonymous_1)
FNDA:0,(anonymous_2)
FNDA:0,(anonymous_3)
DA:13,0
DA:14,0
DA:15,0
DA:18,0
DA:19,0
DA:20,0
DA:22,0
DA:23,0
DA:24,0
DA:30,0
LF:10
LH:0
BRF:0
BRH:0
end_of_record
TN:
SF:src/components/Modals/RowInput.tsx
FN:22,RowInput
FN:29,(anonymous_1)
FN:30,(anonymous_2)
FN:57,(anonymous_3)
FN:72,(anonymous_4)
FNF:5
FNH:0
FNDA:0,RowInput
FNDA:0,(anonymous_1)
FNDA:0,(anonymous_2)
FNDA:0,(anonymous_3)
FNDA:0,(anonymous_4)
DA:29,0
DA:30,0
DA:32,0
DA:33,0
DA:34,0
DA:38,0
DA:40,0
DA:42,0
DA:44,0
DA:46,0
DA:48,0
DA:52,0
DA:53,0
DA:55,0
DA:57,0
DA:58,0
DA:64,0
DA:65,0
DA:73,0
DA:79,0
LF:20
LH:0
BRDA:38,0,0,0
BRDA:38,0,1,0
BRDA:38,0,2,0
BRDA:38,0,3,0
BRDA:38,0,4,0
BRDA:52,1,0,0
BRDA:52,1,1,0
BRF:7
BRH:0
end_of_record
TN:
SF:src/components/ReactFlow/DataFlow.tsx
FN:21,DataFlow
FN:24,(anonymous_1)
FN:25,(anonymous_2)
FN:26,(anonymous_3)
FN:29,(anonymous_4)
FN:33,reRender
FNF:6
FNH:0
FNDA:0,DataFlow
FNDA:0,(anonymous_1)
FNDA:0,(anonymous_2)
FNDA:0,(anonymous_3)
FNDA:0,(anonymous_4)
FNDA:0,reRender
DA:16,3
DA:24,0
DA:25,0
DA:26,0
DA:29,0
DA:30,0
DA:34,0
DA:35,0
DA:36,0
DA:37,0
DA:38,0
DA:42,0
LF:12
LH:1
BRDA:34,0,0,0
BRDA:34,0,1,0
BRDA:34,1,0,0
BRDA:34,1,1,0
BRF:4
BRH:0
end_of_record
TN:
SF:src/components/ReactFlow/DataTableNode.tsx
FN:18,DataTableNode
FN:23,(anonymous_1)
FN:24,(anonymous_2)
FN:25,(anonymous_3)
FN:26,(anonymous_4)
FN:27,(anonymous_5)
FN:28,(anonymous_6)
FN:112,(anonymous_7)
FN:117,(anonymous_8)
FN:143,(anonymous_9)
FN:148,(anonymous_10)
FN:204,(anonymous_11)
FN:223,(anonymous_12)
FN:235,(anonymous_13)
FNF:14
FNH:0
FNDA:0,DataTableNode
FNDA:0,(anonymous_1)
FNDA:0,(anonymous_2)
FNDA:0,(anonymous_3)
FNDA:0,(anonymous_4)
FNDA:0,(anonymous_5)
FNDA:0,(anonymous_6)
FNDA:0,(anonymous_7)
FNDA:0,(anonymous_8)
FNDA:0,(anonymous_9)
FNDA:0,(anonymous_10)
FNDA:0,(anonymous_11)
FNDA:0,(anonymous_12)
FNDA:0,(anonymous_13)
DA:21,0
DA:22,0
DA:23,0
DA:24,0
DA:25,0
DA:26,0
DA:27,0
DA:28,0
DA:30,0
DA:33,0
DA:34,0
DA:35,0
DA:36,0
DA:37,0
DA:41,0
DA:42,0
DA:43,0
DA:44,0
DA:45,0
DA:46,0
DA:47,0
DA:53,0
DA:54,0
DA:55,0
DA:96,0
DA:97,0
DA:101,0
DA:102,0
DA:103,0
DA:104,0
DA:107,0
DA:112,0
DA:113,0
DA:117,0
DA:131,0
DA:132,0
DA:133,0
DA:136,0
DA:144,0
DA:146,0
DA:148,0
DA:155,0
DA:156,0
DA:157,0
DA:158,0
DA:171,0
DA:172,0
DA:187,0
DA:204,0
DA:224,0
DA:236,0
LF:51
LH:0
BRDA:46,0,0,0
BRDA:46,0,1,0
BRDA:47,1,0,0
BRDA:47,1,1,0
BRDA:54,2,0,0
BRDA:54,2,1,0
BRDA:96,3,0,0
BRDA:96,3,1,0
BRDA:101,4,0,0
BRDA:101,4,1,0
BRDA:102,5,0,0
BRDA:102,5,1,0
BRDA:157,6,0,0
BRDA:157,6,1,0
BRDA:171,7,0,0
BRDA:171,7,1,0
BRF:16
BRH:0
end_of_record
TN:
SF:src/components/ReactFlow/DataTableNodeColumn.tsx
FN:20,DataTableNodeColumn
FN:27,(anonymous_1)
FN:28,(anonymous_2)
FN:31,(anonymous_3)
FN:53,(anonymous_4)
FN:59,(anonymous_5)
FN:93,(anonymous_6)
FN:94,(anonymous_7)
FN:97,(anonymous_8)
FN:113,(anonymous_9)
FN:117,(anonymous_10)
FN:118,(anonymous_11)
FN:130,(anonymous_12)
FN:141,(anonymous_13)
FN:152,(anonymous_14)
FNF:15
FNH:0
FNDA:0,DataTableNodeColumn
FNDA:0,(anonymous_1)
FNDA:0,(anonymous_2)
FNDA:0,(anonymous_3)
FNDA:0,(anonymous_4)
FNDA:0,(anonymous_5)
FNDA:0,(anonymous_6)
FNDA:0,(anonymous_7)
FNDA:0,(anonymous_8)
FNDA:0,(anonymous_9)
FNDA:0,(anonymous_10)
FNDA:0,(anonymous_11)
FNDA:0,(anonymous_12)
FNDA:0,(anonymous_13)
FNDA:0,(anonymous_14)
DA:24,0
DA:25,0
DA:26,0
DA:27,0
DA:28,0
DA:31,0
DA:32,0
DA:33,0
DA:37,0
DA:39,0
DA:53,0
DA:54,0
DA:55,0
DA:59,0
DA:62,0
DA:63,0
DA:64,0
DA:66,0
DA:67,0
DA:68,0
DA:69,0
DA:70,0
DA:71,0
DA:72,0
DA:73,0
DA:77,0
DA:78,0
DA:79,0
DA:82,0
DA:83,0
DA:84,0
DA:86,0
DA:93,0
DA:95,0
DA:98,0
DA:111,0
DA:114,0
DA:118,0
DA:130,0
DA:142,0
DA:143,0
DA:152,0
LF:42
LH:0
BRDA:67,0,0,0
BRDA:67,0,1,0
BRDA:71,1,0,0
BRDA:71,1,1,0
BRDA:115,2,0,0
BRDA:115,2,1,0
BRDA:129,3,0,0
BRDA:129,3,1,0
BRDA:133,4,0,0
BRDA:133,4,1,0
BRDA:151,5,0,0
BRDA:151,5,1,0
BRF:12
BRH:0
end_of_record
TN:
SF:src/components/ReactFlow/DownloadButton.tsx
FN:8,downloadImage
FN:16,DownloadButton
FN:17,(anonymous_2)
FN:19,(anonymous_3)
FNF:4
FNH:0
FNDA:0,downloadImage
FNDA:0,DownloadButton
FNDA:0,(anonymous_2)
FNDA:0,(anonymous_3)
DA:9,0
DA:11,0
DA:12,0
DA:13,0
DA:17,0
DA:18,0
DA:21,0
DA:26,0
DA:29,0
DA:34,0
LF:10
LH:0
BRDA:21,0,0,0
BRDA:21,0,1,0
BRDA:22,1,0,0
BRDA:22,1,1,0
BRDA:22,1,2,0
BRF:5
BRH:0
end_of_record
TN:
SF:src/components/ReactFlow/Flow.tsx
FN:15,Flow
FN:17,(anonymous_1)
FN:18,(anonymous_2)
FN:22,(anonymous_3)
FN:26,reRender
FNF:5
FNH:0
FNDA:0,Flow
FNDA:0,(anonymous_1)
FNDA:0,(anonymous_2)
FNDA:0,(anonymous_3)
FNDA:0,reRender
DA:11,3
DA:17,0
DA:18,0
DA:22,0
DA:23,0
DA:27,0
DA:28,0
DA:29,0
DA:30,0
DA:31,0
DA:34,0
DA:37,0
LF:12
LH:1
BRDA:27,0,0,0
BRDA:27,0,1,0
BRDA:27,1,0,0
BRDA:27,1,1,0
BRF:4
BRH:0
end_of_record
TN:
SF:src/components/ReactFlow/TableNode.tsx
FN:10,TableNode
FN:15,(anonymous_1)
FN:24,(anonymous_2)
FN:43,(anonymous_3)
FN:83,(anonymous_4)
FN:132,(anonymous_5)
FNF:6
FNH:2
FNDA:1,TableNode
FNDA:1,(anonymous_1)
FNDA:0,(anonymous_2)
FNDA:0,(anonymous_3)
FNDA:0,(anonymous_4)
FNDA:0,(anonymous_5)
DA:11,1
DA:13,1
DA:15,1
DA:19,1
DA:20,1
DA:21,0
DA:24,0
DA:25,0
DA:26,0
DA:40,0
DA:43,0
DA:45,0
DA:46,0
DA:63,1
DA:83,0
DA:133,0
LF:16
LH:6
BRDA:21,0,0,0
BRDA:21,0,1,0
BRDA:25,1,0,0
BRDA:25,1,1,0
BRDA:40,2,0,0
BRDA:40,2,1,0
BRDA:45,3,0,0
BRDA:45,3,1,0
BRF:8
BRH:0
end_of_record
TN:
SF:src/components/ReactFlow/TableNodeColumn.tsx
FN:10,TableNodeColumn
FN:18,(anonymous_1)
FN:20,(anonymous_2)
FN:21,(anonymous_3)
FN:31,(anonymous_4)
FN:36,(anonymous_5)
FN:41,(anonymous_6)
FN:67,(anonymous_7)
FN:88,(anonymous_8)
FN:117,(anonymous_9)
FN:122,(anonymous_10)
FN:133,(anonymous_11)
FN:151,(anonymous_12)
FN:152,(anonymous_13)
FN:168,(anonymous_14)
FN:169,(anonymous_15)
FN:207,(anonymous_16)
FN:214,(anonymous_17)
FN:240,(anonymous_18)
FN:252,(anonymous_19)
FN:264,(anonymous_20)
FN:272,(anonymous_21)
FN:276,(anonymous_22)
FNF:23
FNH:0
FNDA:0,TableNodeColumn
FNDA:0,(anonymous_1)
FNDA:0,(anonymous_2)
FNDA:0,(anonymous_3)
FNDA:0,(anonymous_4)
FNDA:0,(anonymous_5)
FNDA:0,(anonymous_6)
FNDA:0,(anonymous_7)
FNDA:0,(anonymous_8)
FNDA:0,(anonymous_9)
FNDA:0,(anonymous_10)
FNDA:0,(anonymous_11)
FNDA:0,(anonymous_12)
FNDA:0,(anonymous_13)
FNDA:0,(anonymous_14)
FNDA:0,(anonymous_15)
FNDA:0,(anonymous_16)
FNDA:0,(anonymous_17)
FNDA:0,(anonymous_18)
FNDA:0,(anonymous_19)
FNDA:0,(anonymous_20)
FNDA:0,(anonymous_21)
FNDA:0,(anonymous_22)
DA:17,0
DA:18,0
DA:20,0
DA:21,0
DA:24,0
DA:27,0
DA:28,0
DA:29,0
DA:31,0
DA:32,0
DA:33,0
DA:36,0
DA:37,0
DA:41,0
DA:42,0
DA:47,0
DA:53,0
DA:54,0
DA:63,0
DA:64,0
DA:67,0
DA:68,0
DA:69,0
DA:70,0
DA:71,0
DA:75,0
DA:76,0
DA:77,0
DA:78,0
DA:81,0
DA:90,0
DA:91,0
DA:93,0
DA:94,0
DA:96,0
DA:100,0
DA:102,0
DA:103,0
DA:105,0
DA:109,0
DA:110,0
DA:118,0
DA:123,0
DA:124,0
DA:126,0
DA:128,0
DA:129,0
DA:133,0
DA:136,0
DA:139,0
DA:152,0
DA:169,0
DA:209,0
DA:210,0
DA:214,0
DA:215,0
DA:221,0
DA:241,0
DA:242,0
DA:243,0
DA:252,0
DA:265,0
DA:266,0
DA:272,0
DA:276,0
LF:65
LH:0
BRDA:53,0,0,0
BRDA:53,0,1,0
BRDA:71,1,0,0
BRDA:71,1,1,0
BRDA:75,2,0,0
BRDA:75,2,1,0
BRDA:75,3,0,0
BRDA:75,3,1,0
BRDA:96,4,0,0
BRDA:96,4,1,0
BRDA:97,5,0,0
BRDA:97,5,1,0
BRDA:105,6,0,0
BRDA:105,6,1,0
BRDA:105,7,0,0
BRDA:105,7,1,0
BRDA:105,7,2,0
BRDA:144,8,0,0
BRDA:144,8,1,0
BRDA:164,9,0,0
BRDA:164,9,1,0
BRDA:182,10,0,0
BRDA:182,10,1,0
BRDA:202,11,0,0
BRDA:202,11,1,0
BRDA:209,12,0,0
BRDA:209,12,1,0
BRDA:221,13,0,0
BRDA:221,13,1,0
BRDA:229,14,0,0
BRDA:229,14,1,0
BRDA:237,15,0,0
BRDA:237,15,1,0
BRDA:261,16,0,0
BRDA:261,16,1,0
BRDA:271,17,0,0
BRDA:271,17,1,0
BRF:37
BRH:0
end_of_record
TN:
SF:src/components/ReactFlow/createDataEdges.ts
FN:6,createDataEdges
FNF:1
FNH:0
FNDA:0,createDataEdges
DA:7,0
DA:8,0
DA:9,0
DA:11,0
DA:12,0
DA:14,0
DA:16,0
DA:17,0
DA:41,0
LF:9
LH:0
BRDA:14,0,0,0
BRDA:14,0,1,0
BRDA:16,1,0,0
BRDA:16,1,1,0
BRDA:16,2,0,0
BRDA:16,2,1,0
BRF:6
BRH:0
end_of_record
TN:
SF:src/components/ReactFlow/createDataNodes.ts
FN:4,createDataNodes
FNF:1
FNH:0
FNDA:0,createDataNodes
DA:7,0
DA:12,0
DA:13,0
DA:14,0
DA:16,0
DA:17,0
DA:19,0
DA:26,0
DA:27,0
DA:28,0
DA:29,0
DA:30,0
DA:33,0
LF:13
LH:0
BRDA:27,0,0,0
BRDA:27,0,1,0
BRF:2
BRH:0
end_of_record
TN:
SF:src/components/ReactFlow/createEdges.ts
FN:6,createEdges
FNF:1
FNH:0
FNDA:0,createEdges
DA:7,0
DA:8,0
DA:9,0
DA:11,0
DA:12,0
DA:14,0
DA:15,0
DA:38,0
LF:8
LH:0
BRDA:14,0,0,0
BRDA:14,0,1,0
BRF:2
BRH:0
end_of_record
TN:
SF:src/components/ReactFlow/createNodes.ts
FN:5,createNodes
FNF:1
FNH:0
FNDA:0,createNodes
DA:8,0
DA:10,0
DA:11,0
DA:13,0
DA:14,0
DA:16,0
DA:23,0
DA:24,0
DA:25,0
DA:26,0
DA:30,0
LF:11
LH:0
BRDA:24,0,0,0
BRDA:24,0,1,0
BRF:2
BRH:0
end_of_record
TN:
SF:src/pages/DBDisplay.tsx
FN:16,(anonymous_0)
FN:33,(anonymous_1)
FN:42,(anonymous_2)
FN:43,(anonymous_3)
FN:44,(anonymous_4)
FN:45,(anonymous_5)
FN:48,(anonymous_6)
FN:57,(anonymous_7)
FN:75,(anonymous_8)
FN:82,(anonymous_9)
FN:87,(anonymous_10)
FN:103,(anonymous_11)
FN:109,(anonymous_12)
FN:115,handleSidebar
FN:187,(anonymous_14)
FN:195,(anonymous_15)
FN:201,(anonymous_16)
FNF:17
FNH:3
FNDA:2,(anonymous_0)
FNDA:2,(anonymous_1)
FNDA:0,(anonymous_2)
FNDA:0,(anonymous_3)
FNDA:0,(anonymous_4)
FNDA:0,(anonymous_5)
FNDA:0,(anonymous_6)
FNDA:2,(anonymous_7)
FNDA:0,(anonymous_8)
FNDA:0,(anonymous_9)
FNDA:0,(anonymous_10)
FNDA:0,(anonymous_11)
FNDA:0,(anonymous_12)
FNDA:0,handleSidebar
FNDA:0,(anonymous_14)
FNDA:0,(anonymous_15)
FNDA:0,(anonymous_16)
DA:16,3
DA:18,2
DA:33,2
DA:42,2
DA:43,2
DA:44,2
DA:45,2
DA:46,0
DA:48,2
DA:49,0
DA:52,2
DA:53,2
DA:57,2
DA:60,2
DA:61,2
DA:62,2
DA:63,2
DA:66,2
DA:68,0
DA:76,0
DA:77,0
DA:78,0
DA:80,0
DA:83,0
DA:84,0
DA:88,0
DA:103,2
DA:104,0
DA:105,0
DA:109,2
DA:110,0
DA:111,0
DA:116,0
DA:117,0
DA:123,2
DA:187,0
DA:195,0
DA:201,0
LF:38
LH:19
BRDA:66,0,0,0
BRDA:66,0,1,2
BRDA:76,1,0,0
BRDA:76,1,1,0
BRDA:76,2,0,0
BRDA:76,2,1,0
BRDA:116,3,0,0
BRDA:116,3,1,0
BRDA:139,4,0,0
BRDA:139,4,1,2
BRDA:153,5,0,2
BRDA:153,5,1,0
BRDA:163,6,0,0
BRDA:163,6,1,0
BRDA:183,7,0,0
BRDA:183,7,1,2
BRDA:191,8,0,0
BRDA:191,8,1,2
BRDA:199,9,0,0
BRDA:199,9,1,2
BRF:20
BRH:6
end_of_record
TN:
SF:src/store/credentialsStore.ts
FN:8,(anonymous_0)
FN:13,(anonymous_1)
FN:13,(anonymous_2)
FN:18,(anonymous_3)
FN:19,(anonymous_4)
FNF:5
FNH:1
FNDA:5,(anonymous_0)
FNDA:0,(anonymous_1)
FNDA:0,(anonymous_2)
FNDA:0,(anonymous_3)
FNDA:0,(anonymous_4)
DA:8,5
DA:9,5
DA:13,0
DA:19,0
DA:22,5
LF:5
LH:3
BRF:0
BRH:0
end_of_record
TN:
SF:src/store/dataStore.ts
FN:37,(anonymous_0)
FN:41,(anonymous_1)
FN:42,(anonymous_2)
FN:43,(anonymous_3)
FN:44,(anonymous_4)
FN:45,(anonymous_5)
FN:46,(anonymous_6)
FN:47,(anonymous_7)
FN:47,(anonymous_8)
FN:52,(anonymous_9)
FN:53,(anonymous_10)
FN:64,(anonymous_11)
FNF:12
FNH:1
FNDA:3,(anonymous_0)
FNDA:0,(anonymous_1)
FNDA:0,(anonymous_2)
FNDA:0,(anonymous_3)
FNDA:0,(anonymous_4)
FNDA:0,(anonymous_5)
FNDA:0,(anonymous_6)
FNDA:0,(anonymous_7)
FNDA:0,(anonymous_8)
FNDA:0,(anonymous_9)
FNDA:0,(anonymous_10)
FNDA:0,(anonymous_11)
DA:32,3
DA:37,3
DA:42,0
DA:44,0
DA:46,0
DA:47,0
DA:48,0
DA:49,0
DA:50,0
DA:53,0
DA:55,0
DA:56,0
DA:61,0
DA:65,0
DA:66,0
DA:69,0
DA:78,0
DA:86,0
LF:18
LH:2
BRDA:65,0,0,0
BRDA:65,0,1,0
BRF:2
BRH:0
end_of_record
TN:
SF:src/store/flowStore.ts
FN:12,(anonymous_0)
FN:14,(anonymous_1)
FN:14,(anonymous_2)
FN:16,(anonymous_3)
FN:16,(anonymous_4)
FN:18,(anonymous_5)
FN:19,(anonymous_6)
FN:24,(anonymous_7)
FN:25,(anonymous_8)
FN:30,(anonymous_9)
FN:31,(anonymous_10)
FNF:11
FNH:1
FNDA:3,(anonymous_0)
FNDA:0,(anonymous_1)
FNDA:0,(anonymous_2)
FNDA:0,(anonymous_3)
FNDA:0,(anonymous_4)
FNDA:0,(anonymous_5)
FNDA:0,(anonymous_6)
FNDA:0,(anonymous_7)
FNDA:0,(anonymous_8)
FNDA:0,(anonymous_9)
FNDA:0,(anonymous_10)
DA:9,3
DA:12,3
DA:14,0
DA:16,0
DA:19,0
DA:25,0
DA:31,0
LF:7
LH:2
BRF:0
BRH:0
end_of_record
TN:
SF:src/store/schemaStore.ts
FN:61,(anonymous_0)
FN:67,(anonymous_1)
FN:67,(anonymous_2)
FN:68,(anonymous_3)
FN:68,(anonymous_4)
FN:69,(anonymous_5)
FN:78,(anonymous_6)
FN:79,(anonymous_7)
FN:97,(anonymous_8)
FN:98,(anonymous_9)
FN:104,(anonymous_10)
FN:105,(anonymous_11)
FN:117,(anonymous_12)
FN:118,(anonymous_13)
FN:161,(anonymous_14)
FN:162,(anonymous_15)
FN:168,(anonymous_16)
FN:169,(anonymous_17)
FN:181,(anonymous_18)
FN:182,(anonymous_19)
FN:195,(anonymous_20)
FN:216,(anonymous_21)
FN:240,(anonymous_22)
FN:241,(anonymous_23)
FN:243,(anonymous_24)
FN:256,(anonymous_25)
FN:273,(anonymous_26)
FNF:27
FNH:23
FNDA:5,(anonymous_0)
FNDA:8,(anonymous_1)
FNDA:8,(anonymous_2)
FNDA:10,(anonymous_3)
FNDA:10,(anonymous_4)
FNDA:6,(anonymous_5)
FNDA:17,(anonymous_6)
FNDA:17,(anonymous_7)
FNDA:0,(anonymous_8)
FNDA:0,(anonymous_9)
FNDA:10,(anonymous_10)
FNDA:10,(anonymous_11)
FNDA:1,(anonymous_12)
FNDA:1,(anonymous_13)
FNDA:0,(anonymous_14)
FNDA:0,(anonymous_15)
FNDA:1,(anonymous_16)
FNDA:1,(anonymous_17)
FNDA:1,(anonymous_18)
FNDA:1,(anonymous_19)
FNDA:17,(anonymous_20)
FNDA:10,(anonymous_21)
FNDA:20,(anonymous_22)
FNDA:25,(anonymous_23)
FNDA:17,(anonymous_24)
FNDA:37,(anonymous_25)
FNDA:5,(anonymous_26)
DA:55,5
DA:61,5
DA:67,8
DA:68,10
DA:70,6
DA:71,6
DA:74,6
DA:75,0
DA:79,17
DA:81,17
DA:82,3
DA:89,3
DA:94,3
DA:95,3
DA:98,0
DA:99,0
DA:100,0
DA:101,0
DA:102,0
DA:105,10
DA:106,10
DA:108,2
DA:109,2
DA:114,2
DA:115,2
DA:118,1
DA:120,1
DA:121,1
DA:122,1
DA:123,1
DA:124,1
DA:156,1
DA:157,1
DA:162,0
DA:163,0
DA:164,0
DA:165,0
DA:166,0
DA:169,1
DA:170,1
DA:171,1
DA:172,1
DA:173,0
DA:174,0
DA:176,1
DA:177,1
DA:178,1
DA:182,1
DA:183,1
DA:184,1
DA:185,1
DA:186,1
DA:187,1
DA:197,17
DA:198,17
DA:201,12
DA:202,1
DA:205,11
DA:206,11
DA:207,11
DA:208,2
DA:213,9
DA:217,10
DA:219,10
DA:221,12
DA:222,1
DA:227,9
DA:228,9
DA:229,9
DA:231,9
DA:232,9
DA:233,1
DA:238,8
DA:241,25
DA:244,17
DA:245,17
DA:247,20
DA:249,10
DA:250,2
DA:253,8
DA:257,37
DA:259,37
DA:262,37
DA:264,34
DA:265,6
DA:268,28
DA:269,6
DA:274,5
DA:275,6
DA:287,6
DA:295,5
LF:91
LH:78
BRDA:74,0,0,0
BRDA:74,0,1,6
BRDA:171,1,0,0
BRDA:171,1,1,1
BRDA:172,2,0,0
BRDA:172,2,1,1
BRDA:172,3,0,1
BRDA:172,3,1,1
BRDA:184,4,0,0
BRDA:184,4,1,1
BRDA:201,5,0,1
BRDA:201,5,1,11
BRDA:205,6,0,11
BRDA:205,6,1,0
BRDA:207,7,0,2
BRDA:207,7,1,9
BRDA:221,8,0,1
BRDA:221,8,1,11
BRDA:229,9,0,9
BRDA:229,9,1,0
BRDA:232,10,0,1
BRDA:232,10,1,8
BRDA:249,11,0,2
BRDA:249,11,1,8
BRDA:259,12,0,33
BRDA:259,12,1,4
BRDA:262,13,0,3
BRDA:262,13,1,34
BRDA:262,14,0,37
BRDA:262,14,1,34
BRDA:264,15,0,6
BRDA:264,15,1,28
BRDA:268,16,0,6
BRDA:268,16,1,22
BRDA:284,17,0,3
BRDA:284,17,1,3
BRF:36
BRH:30
end_of_record
TN:
SF:src/store/settingsStore.ts
FN:7,(anonymous_0)
FN:11,(anonymous_1)
FN:12,(anonymous_2)
FN:17,(anonymous_3)
FN:17,(anonymous_4)
FN:23,(anonymous_5)
FN:24,(anonymous_6)
FN:32,(anonymous_7)
FN:33,(anonymous_8)
FN:41,(anonymous_9)
FN:42,(anonymous_10)
FN:50,(anonymous_11)
FN:51,(anonymous_12)
FN:58,(anonymous_13)
FN:59,(anonymous_14)
FNF:15
FNH:1
FNDA:4,(anonymous_0)
FNDA:0,(anonymous_1)
FNDA:0,(anonymous_2)
FNDA:0,(anonymous_3)
FNDA:0,(anonymous_4)
FNDA:0,(anonymous_5)
FNDA:0,(anonymous_6)
FNDA:0,(anonymous_7)
FNDA:0,(anonymous_8)
FNDA:0,(anonymous_9)
FNDA:0,(anonymous_10)
FNDA:0,(anonymous_11)
FNDA:0,(anonymous_12)
FNDA:0,(anonymous_13)
FNDA:0,(anonymous_14)
DA:7,4
DA:9,4
DA:12,0
DA:17,0
DA:24,0
DA:33,0
DA:42,0
DA:51,0
DA:59,0
DA:64,4
LF:10
LH:3
BRDA:23,0,0,0
BRDA:23,1,0,0
BRDA:32,2,0,0
BRDA:32,3,0,0
BRDA:41,4,0,0
BRDA:41,5,0,0
BRF:6
BRH:0
end_of_record
TN:
SF:tests/server/utils/mysqlSchema.js
FNF:0
FNH:0
LF:0
LH:0
BRF:0
BRH:0
end_of_record
TN:
SF:tests/server/utils/swapiSchema.js
FNF:0
FNH:0
DA:1,1
DA:922,1
LF:2
LH:2
BRF:0
BRH:0
end_of_record
